[2022-07-05 09:38:41.622] [exthost] [info] Extension host with pid 2262 started
[2022-07-05 09:38:41.641] [exthost] [info] Lock '/home/radiagulzan/.vscode-server/data/User/workspaceStorage/6ab0c15c1b61e7a5aa087fe1d44a5ad1/vscode.lock': Lock acquired.
[2022-07-05 09:38:41.706] [exthost] [info] ExtensionService#_doActivateExtension vscode.debug-auto-launch, startup: true, activationEvent: '*'
[2022-07-05 09:38:41.711] [exthost] [info] ExtensionService#_doActivateExtension vscode.git-base, startup: true, activationEvent: '*'
[2022-07-05 09:38:41.715] [exthost] [info] ExtensionService#_doActivateExtension vscode.ipynb, startup: true, activationEvent: '*'
[2022-07-05 09:38:41.804] [exthost] [info] ExtensionService#_doActivateExtension vscode.github, startup: true, activationEvent: '*'
[2022-07-05 09:38:41.872] [exthost] [info] ExtensionService#_doActivateExtension vscode.emmet, startup: false, activationEvent: 'onStartupFinished'
[2022-07-05 09:38:41.913] [exthost] [info] ExtensionService#_doActivateExtension vscode.merge-conflict, startup: false, activationEvent: 'onStartupFinished'
[2022-07-05 09:38:41.921] [exthost] [info] Eager extensions activated
[2022-07-05 09:38:43.785] [exthost] [info] ExtensionService#_doActivateExtension vscode.git, startup: false, activationEvent: 'api', root cause: vscode.github
[2022-07-05 09:39:16.756] [exthost] [info] ExtensionService#_doActivateExtension vscode.configuration-editing, startup: false, activationEvent: 'onLanguage:jsonc'
[2022-07-05 09:39:16.762] [exthost] [info] ExtensionService#_doActivateExtension vscode.json-language-features, startup: false, activationEvent: 'onLanguage:jsonc'
[2022-07-05 09:39:16.824] [exthost] [info] ExtensionService#_doActivateExtension vscode.typescript-language-features, startup: false, activationEvent: 'onLanguage:jsonc'
[2022-07-05 10:29:59.942] [exthost] [error] Error: spawn git ENOENT
	at Process.ChildProcess._handle.onexit (node:internal/child_process:282:19)
	at onErrorNT (node:internal/child_process:477:16)
	at processTicksAndRejections (node:internal/process/task_queues:83:21)
[2022-07-05 10:29:59.942] [exthost] [error] Error: spawn git ENOENT
	at Process.ChildProcess._handle.onexit (node:internal/child_process:282:19)
	at onErrorNT (node:internal/child_process:477:16)
	at processTicksAndRejections (node:internal/process/task_queues:83:21)
[2022-07-05 10:30:15.715] [exthost] [info] ExtensionService#_doActivateExtension vscode.extension-editing, startup: false, activationEvent: 'onLanguage:markdown'
[2022-07-05 10:30:15.734] [exthost] [info] ExtensionService#_doActivateExtension vscode.markdown-language-features, startup: false, activationEvent: 'onLanguage:markdown'
[2022-07-05 10:30:16.093] [exthost] [info] ExtensionService#_doActivateExtension vscode.markdown-math, startup: false, activationEvent: 'api', root cause: vscode.markdown-language-features
[2022-07-05 13:48:51.504] [exthost] [info] Extension host terminating: renderer disconnected for too long (2)
[2022-07-05 13:48:51.505] [exthost] [info] Lock '/home/radiagulzan/.vscode-server/data/User/workspaceStorage/6ab0c15c1b61e7a5aa087fe1d44a5ad1/vscode.lock': Marking the lockfile as scheduled to be released in 6000 ms.
[2022-07-05 13:48:51.516] [exthost] [info] Extension host with pid 2262 exiting with code 0
