[2022-07-06T10:08:19.882Z] Validating found git in: git
[2022-07-06T10:08:19.982Z] Using git 2.25.1 from git
[2022-07-06T10:08:20.031Z] > git rev-parse --show-toplevel [38ms]
[2022-07-06T10:08:20.064Z] > git rev-parse --git-dir --git-common-dir [25ms]
[2022-07-06T10:08:20.075Z] Open repository: /home/radiagulzan/trio-task
[2022-07-06T10:08:20.089Z] > git status -z -uall [5ms]
[2022-07-06T10:08:20.095Z] > git symbolic-ref --short HEAD [3ms]
[2022-07-06T10:08:20.111Z] > git for-each-ref --format=%(refname)%00%(upstream:short)%00%(objectname)%00%(upstream:track)%00%(upstream:remotename)%00%(upstream:remoteref) refs/heads/master refs/remotes/master [5ms]
[2022-07-06T10:08:20.145Z] > git for-each-ref --sort -committerdate --format %(refname) %(objectname) %(*objectname) [29ms]
[2022-07-06T10:08:20.148Z] > git remote --verbose [26ms]
[2022-07-06T10:08:20.196Z] > git config --get commit.template [40ms]
[2022-07-06T10:08:20.527Z] > git show --textconv :nginx/nginx.conf [12ms]
[2022-07-06T10:08:20.531Z] > git ls-files --stage -- /home/radiagulzan/trio-task/nginx/nginx.conf [5ms]
[2022-07-06T10:08:20.539Z] > git cat-file -s 326e3d5fe258e623b9014ecb0f070cde2509059f [2ms]
[2022-07-06T10:08:20.710Z] > git check-ignore -v -z --stdin [2ms]
[2022-07-06T10:08:25.887Z] > git check-ignore -v -z --stdin [2ms]
[2022-07-06T10:08:26.838Z] > git show --textconv :flask-app/app.py [13ms]
[2022-07-06T10:08:26.844Z] > git ls-files --stage -- /home/radiagulzan/trio-task/flask-app/app.py [7ms]
[2022-07-06T10:08:26.865Z] > git cat-file -s 72054453c5b75ffb9670ca4b4701fcae3028b48c [4ms]
[2022-07-06T10:09:15.632Z] > git show --textconv :flask-app/Dockerfile [31ms]
[2022-07-06T10:09:15.632Z] > git ls-files --stage -- /home/radiagulzan/trio-task/flask-app/Dockerfile [13ms]
[2022-07-06T10:09:15.699Z] > git cat-file -s fc7807409fa464a82ede94667433c0669d323083 [42ms]
[2022-07-06T10:09:24.519Z] > git show --textconv :flask-app/app.py [7ms]
[2022-07-06T10:09:24.522Z] > git ls-files --stage -- /home/radiagulzan/trio-task/flask-app/app.py [4ms]
[2022-07-06T10:09:24.528Z] > git cat-file -s 72054453c5b75ffb9670ca4b4701fcae3028b48c [2ms]
[2022-07-06T10:10:21.998Z] > git show --textconv :nginx/nginx.conf [9ms]
[2022-07-06T10:10:22.001Z] > git ls-files --stage -- /home/radiagulzan/trio-task/nginx/nginx.conf [4ms]
[2022-07-06T10:10:22.008Z] > git cat-file -s 326e3d5fe258e623b9014ecb0f070cde2509059f [2ms]
