[2022-07-06T10:35:55.560Z] Validating found git in: git
[2022-07-06T10:35:55.615Z] Using git 2.25.1 from git
[2022-07-06T10:35:55.677Z] > git rev-parse --show-toplevel [51ms]
[2022-07-06T10:35:55.677Z] fatal: not a git repository (or any of the parent directories): .git
[2022-07-06T10:35:55.732Z] > git rev-parse --show-toplevel [46ms]
[2022-07-06T10:35:55.732Z] fatal: not a git repository (or any of the parent directories): .git
[2022-07-06T10:35:55.741Z] > git rev-parse --show-toplevel [3ms]
[2022-07-06T10:35:55.749Z] > git rev-parse --git-dir --git-common-dir [3ms]
[2022-07-06T10:35:55.767Z] Open repository: /home/radiagulzan/docker_compose_learning/dbRelationshipPractice
[2022-07-06T10:35:55.808Z] > git rev-parse --show-toplevel [24ms]
[2022-07-06T10:35:55.808Z] fatal: not a git repository (or any of the parent directories): .git
[2022-07-06T10:35:55.848Z] > git rev-parse --show-toplevel [7ms]
[2022-07-06T10:35:55.849Z] fatal: not a git repository (or any of the parent directories): .git
[2022-07-06T10:35:55.962Z] > git rev-parse --show-toplevel [52ms]
[2022-07-06T10:35:55.962Z] fatal: not a git repository (or any of the parent directories): .git
[2022-07-06T10:35:56.011Z] > git status -z -uall [233ms]
[2022-07-06T10:35:56.019Z] > git symbolic-ref --short HEAD [3ms]
[2022-07-06T10:35:56.029Z] > git for-each-ref --format=%(refname)%00%(upstream:short)%00%(objectname)%00%(upstream:track)%00%(upstream:remotename)%00%(upstream:remoteref) refs/heads/main refs/remotes/main [6ms]
[2022-07-06T10:35:56.039Z] > git for-each-ref --sort -committerdate --format %(refname) %(objectname) %(*objectname) [7ms]
[2022-07-06T10:35:56.042Z] > git remote --verbose [5ms]
[2022-07-06T10:35:56.052Z] > git config --get commit.template [2ms]
[2022-07-06T10:35:56.480Z] > git check-ignore -v -z --stdin [3ms]
[2022-07-06T10:35:57.895Z] > git check-ignore -v -z --stdin [2ms]
[2022-07-06T10:35:58.758Z] > git show --textconv :app.py [16ms]
[2022-07-06T10:35:58.761Z] > git ls-files --stage -- /home/radiagulzan/docker_compose_learning/dbRelationshipPractice/app.py [6ms]
[2022-07-06T10:35:58.767Z] > git cat-file -s d06cdcdc70877ec74954e747c7e056628fafb8b8 [2ms]
[2022-07-06T10:37:41.039Z] > git rev-parse --show-toplevel [12ms]
[2022-07-06T10:37:41.039Z] fatal: not a git repository (or any of the parent directories): .git
