[2022-07-06T09:43:08.200Z] Validating found git in: git
[2022-07-06T09:43:08.266Z] Using git 2.25.1 from git
[2022-07-06T09:43:08.313Z] > git rev-parse --show-toplevel [35ms]
[2022-07-06T09:43:08.363Z] > git rev-parse --git-dir --git-common-dir [40ms]
[2022-07-06T09:43:08.374Z] Open repository: /home/radiagulzan/trio-task
[2022-07-06T09:43:08.408Z] > git status -z -uall [25ms]
[2022-07-06T09:43:08.436Z] > git symbolic-ref --short HEAD [23ms]
[2022-07-06T09:43:08.481Z] > git for-each-ref --format=%(refname)%00%(upstream:short)%00%(objectname)%00%(upstream:track)%00%(upstream:remotename)%00%(upstream:remoteref) refs/heads/master refs/remotes/master [37ms]
[2022-07-06T09:43:08.495Z] > git for-each-ref --sort -committerdate --format %(refname) %(objectname) %(*objectname) [8ms]
[2022-07-06T09:43:08.504Z] > git remote --verbose [11ms]
[2022-07-06T09:43:08.548Z] > git config --get commit.template [34ms]
[2022-07-06T09:43:08.878Z] > git show --textconv :README.md [8ms]
[2022-07-06T09:43:08.881Z] > git ls-files --stage -- /home/radiagulzan/trio-task/README.md [5ms]
[2022-07-06T09:43:08.887Z] > git cat-file -s f15f0f8729c967b525a9e2a9bd5a5dc1b3e13375 [2ms]
[2022-07-06T09:43:09.067Z] > git check-ignore -v -z --stdin [3ms]
[2022-07-06T09:43:10.454Z] > git check-ignore -v -z --stdin [2ms]
[2022-07-06T09:43:13.713Z] > git show --textconv :db/CreateTable.sql [8ms]
[2022-07-06T09:43:13.718Z] > git ls-files --stage -- /home/radiagulzan/trio-task/db/CreateTable.sql [6ms]
[2022-07-06T09:43:13.725Z] > git cat-file -s 31c46c4e8a19887b9ec685e350b03a4ac938c52e [3ms]
[2022-07-06T09:43:23.321Z] > git show --textconv :db/Dockerfile [38ms]
[2022-07-06T09:43:23.322Z] > git ls-files --stage -- /home/radiagulzan/trio-task/db/Dockerfile [25ms]
[2022-07-06T09:43:23.364Z] > git cat-file -s 0fdb7d97c8582092a9a03652e6dc969fcc24e18f [18ms]
[2022-07-06T09:43:28.847Z] > git check-ignore -v -z --stdin [2ms]
[2022-07-06T09:43:32.110Z] > git check-ignore -v -z --stdin [3ms]
[2022-07-06T09:44:04.801Z] > git show --textconv :flask-app/Dockerfile [8ms]
[2022-07-06T09:44:04.805Z] > git ls-files --stage -- /home/radiagulzan/trio-task/flask-app/Dockerfile [5ms]
[2022-07-06T09:44:04.813Z] > git cat-file -s fc7807409fa464a82ede94667433c0669d323083 [3ms]
[2022-07-06T09:44:08.747Z] > git show --textconv :db/Dockerfile [8ms]
[2022-07-06T09:44:08.751Z] > git ls-files --stage -- /home/radiagulzan/trio-task/db/Dockerfile [5ms]
[2022-07-06T09:44:08.760Z] > git cat-file -s 0fdb7d97c8582092a9a03652e6dc969fcc24e18f [2ms]
[2022-07-06T09:44:12.526Z] > git show --textconv :flask-app/Dockerfile [8ms]
[2022-07-06T09:44:12.529Z] > git ls-files --stage -- /home/radiagulzan/trio-task/flask-app/Dockerfile [4ms]
[2022-07-06T09:44:12.534Z] > git cat-file -s fc7807409fa464a82ede94667433c0669d323083 [1ms]
[2022-07-06T09:44:15.470Z] > git show --textconv :nginx/nginx.conf [7ms]
[2022-07-06T09:44:15.479Z] > git ls-files --stage -- /home/radiagulzan/trio-task/nginx/nginx.conf [10ms]
[2022-07-06T09:44:15.495Z] > git cat-file -s 326e3d5fe258e623b9014ecb0f070cde2509059f [8ms]
[2022-07-06T09:45:43.973Z] > git show --textconv :flask-app/Dockerfile [7ms]
[2022-07-06T09:45:43.976Z] > git ls-files --stage -- /home/radiagulzan/trio-task/flask-app/Dockerfile [4ms]
[2022-07-06T09:45:43.983Z] > git cat-file -s fc7807409fa464a82ede94667433c0669d323083 [2ms]
[2022-07-06T09:45:45.998Z] > git show --textconv :db/Dockerfile [8ms]
[2022-07-06T09:45:46.004Z] > git ls-files --stage -- /home/radiagulzan/trio-task/db/Dockerfile [7ms]
[2022-07-06T09:45:46.014Z] > git cat-file -s 0fdb7d97c8582092a9a03652e6dc969fcc24e18f [4ms]
[2022-07-06T09:45:49.861Z] > git show --textconv :flask-app/Dockerfile [8ms]
[2022-07-06T09:45:49.864Z] > git ls-files --stage -- /home/radiagulzan/trio-task/flask-app/Dockerfile [4ms]
[2022-07-06T09:45:49.871Z] > git cat-file -s fc7807409fa464a82ede94667433c0669d323083 [2ms]
[2022-07-06T09:45:59.808Z] > git show --textconv :flask-app/requirements.txt [31ms]
[2022-07-06T09:45:59.816Z] > git ls-files --stage -- /home/radiagulzan/trio-task/flask-app/requirements.txt [10ms]
[2022-07-06T09:45:59.840Z] > git cat-file -s 5c69b2f58dadc0e9ed79047645688e9e540e0cdc [14ms]
[2022-07-06T09:46:03.106Z] > git show --textconv :flask-app/Dockerfile [8ms]
[2022-07-06T09:46:03.109Z] > git ls-files --stage -- /home/radiagulzan/trio-task/flask-app/Dockerfile [4ms]
[2022-07-06T09:46:03.116Z] > git cat-file -s fc7807409fa464a82ede94667433c0669d323083 [2ms]
[2022-07-06T09:46:03.884Z] > git show --textconv :nginx/nginx.conf [8ms]
[2022-07-06T09:46:03.886Z] > git ls-files --stage -- /home/radiagulzan/trio-task/nginx/nginx.conf [3ms]
[2022-07-06T09:46:03.893Z] > git cat-file -s 326e3d5fe258e623b9014ecb0f070cde2509059f [2ms]
[2022-07-06T09:46:09.161Z] > git show --textconv :db/Dockerfile [7ms]
[2022-07-06T09:46:09.164Z] > git ls-files --stage -- /home/radiagulzan/trio-task/db/Dockerfile [4ms]
[2022-07-06T09:46:09.170Z] > git cat-file -s 0fdb7d97c8582092a9a03652e6dc969fcc24e18f [2ms]
[2022-07-06T09:46:14.526Z] > git show --textconv :flask-app/Dockerfile [7ms]
[2022-07-06T09:46:14.529Z] > git ls-files --stage -- /home/radiagulzan/trio-task/flask-app/Dockerfile [4ms]
[2022-07-06T09:46:14.534Z] > git cat-file -s fc7807409fa464a82ede94667433c0669d323083 [1ms]
[2022-07-06T09:46:24.213Z] > git show --textconv :nginx/nginx.conf [7ms]
[2022-07-06T09:46:24.216Z] > git ls-files --stage -- /home/radiagulzan/trio-task/nginx/nginx.conf [4ms]
[2022-07-06T09:46:24.222Z] > git cat-file -s 326e3d5fe258e623b9014ecb0f070cde2509059f [2ms]
