[2022-07-06 15:16:34.071] [exthost] [info] Extension host with pid 27894 started
[2022-07-06 15:16:34.126] [exthost] [info] Lock '/home/radiagulzan/.vscode-server/data/User/workspaceStorage/6b97fb254c6e0902699b9bb3517d1feb/vscode.lock': Lock acquired.
[2022-07-06 15:16:34.205] [exthost] [info] ExtensionService#_doActivateExtension ms-azuretools.vscode-docker, startup: false, activationEvent: 'onLanguage:dockerfile'
[2022-07-06 15:16:34.951] [exthost] [info] ExtensionService#_doActivateExtension vscode.debug-auto-launch, startup: true, activationEvent: '*'
[2022-07-06 15:16:34.961] [exthost] [info] ExtensionService#_doActivateExtension vscode.git-base, startup: true, activationEvent: '*', root cause: vscode.git
[2022-07-06 15:16:34.967] [exthost] [info] ExtensionService#_doActivateExtension vscode.ipynb, startup: true, activationEvent: '*'
[2022-07-06 15:16:34.999] [exthost] [info] ExtensionService#_doActivateExtension EditorConfig.EditorConfig, startup: true, activationEvent: '*'
[2022-07-06 15:16:35.261] [exthost] [info] ExtensionService#_doActivateExtension vscode.git, startup: true, activationEvent: '*'
[2022-07-06 15:16:35.361] [exthost] [info] ExtensionService#_doActivateExtension vscode.github, startup: true, activationEvent: '*'
[2022-07-06 15:16:35.937] [exthost] [info] ExtensionService#_doActivateExtension vscode.emmet, startup: false, activationEvent: 'onStartupFinished'
[2022-07-06 15:16:35.963] [exthost] [info] ExtensionService#_doActivateExtension vscode.merge-conflict, startup: false, activationEvent: 'onStartupFinished'
[2022-07-06 15:16:35.969] [exthost] [info] Eager extensions activated
[2022-07-06 15:16:36.475] [exthost] [info] ExtensionService#_doActivateExtension vscode.configuration-editing, startup: false, activationEvent: 'onLanguage:jsonc'
[2022-07-06 15:16:36.484] [exthost] [info] ExtensionService#_doActivateExtension vscode.json-language-features, startup: false, activationEvent: 'onLanguage:jsonc'
[2022-07-06 15:16:36.568] [exthost] [info] ExtensionService#_doActivateExtension vscode.typescript-language-features, startup: false, activationEvent: 'onLanguage:jsonc'
[2022-07-06 15:16:36.982] [exthost] [error] {"message":"Git error","stdout":"","stderr":"fatal: Pathspec '/home/radiagulzan/docker_compose_learning/dbRelationshipPractice/Dockerfile' is in submodule 'docker_compose_learning/dbRelationshipPractice'\n","exitCode":128,"gitErrorCode":"IsInSubmodule"}
[2022-07-06 15:16:36.983] [exthost] [error] {"message":"Git error","stdout":"","stderr":"fatal: Pathspec '/home/radiagulzan/docker_compose_learning/dbRelationshipPractice/Dockerfile' is in submodule 'docker_compose_learning/dbRelationshipPractice'\n","exitCode":128,"gitErrorCode":"IsInSubmodule"}
[2022-07-06 15:16:36.983] [exthost] [error] {"message":"Git error","stdout":"","stderr":"fatal: Pathspec '/home/radiagulzan/docker_compose_learning/dbRelationshipPractice/Dockerfile' is in submodule 'docker_compose_learning/dbRelationshipPractice'\n","exitCode":128,"gitErrorCode":"IsInSubmodule"}
[2022-07-06 15:16:36.983] [exthost] [error] {"message":"Git error","stdout":"","stderr":"fatal: Pathspec '/home/radiagulzan/docker_compose_learning/dbRelationshipPractice/Dockerfile' is in submodule 'docker_compose_learning/dbRelationshipPractice'\n","exitCode":128,"gitErrorCode":"IsInSubmodule"}
[2022-07-06 15:16:36.983] [exthost] [error] {"message":"Git error","stdout":"","stderr":"fatal: Pathspec '/home/radiagulzan/docker_compose_learning/dbRelationshipPractice/Dockerfile' is in submodule 'docker_compose_learning/dbRelationshipPractice'\n","exitCode":128,"gitErrorCode":"IsInSubmodule"}
[2022-07-06 15:16:36.983] [exthost] [error] {"message":"Git error","stdout":"","stderr":"fatal: Pathspec '/home/radiagulzan/docker_compose_learning/dbRelationshipPractice/Dockerfile' is in submodule 'docker_compose_learning/dbRelationshipPractice'\n","exitCode":128,"gitErrorCode":"IsInSubmodule"}
[2022-07-06 15:16:36.983] [exthost] [error] {"message":"Git error","stdout":"","stderr":"fatal: Pathspec '/home/radiagulzan/docker_compose_learning/dbRelationshipPractice/Dockerfile' is in submodule 'docker_compose_learning/dbRelationshipPractice'\n","exitCode":128,"gitErrorCode":"IsInSubmodule"}
[2022-07-06 15:16:36.987] [exthost] [error] {"message":"Git error","stdout":"","stderr":"fatal: Pathspec '/home/radiagulzan/docker_compose_learning/dbRelationshipPractice/Dockerfile' is in submodule 'docker_compose_learning/dbRelationshipPractice'\n","exitCode":128,"gitErrorCode":"IsInSubmodule"}
[2022-07-06 15:16:36.987] [exthost] [error] {"message":"Git error","stdout":"","stderr":"fatal: Pathspec '/home/radiagulzan/docker_compose_learning/dbRelationshipPractice/Dockerfile' is in submodule 'docker_compose_learning/dbRelationshipPractice'\n","exitCode":128,"gitErrorCode":"IsInSubmodule"}
[2022-07-06 15:16:36.987] [exthost] [error] {"message":"Git error","stdout":"","stderr":"fatal: Pathspec '/home/radiagulzan/docker_compose_learning/dbRelationshipPractice/Dockerfile' is in submodule 'docker_compose_learning/dbRelationshipPractice'\n","exitCode":128,"gitErrorCode":"IsInSubmodule"}
[2022-07-06 15:16:36.987] [exthost] [error] {"message":"Git error","stdout":"","stderr":"fatal: Pathspec '/home/radiagulzan/docker_compose_learning/dbRelationshipPractice/Dockerfile' is in submodule 'docker_compose_learning/dbRelationshipPractice'\n","exitCode":128,"gitErrorCode":"IsInSubmodule"}
[2022-07-06 15:16:36.987] [exthost] [error] {"message":"Git error","stdout":"","stderr":"fatal: Pathspec '/home/radiagulzan/docker_compose_learning/dbRelationshipPractice/Dockerfile' is in submodule 'docker_compose_learning/dbRelationshipPractice'\n","exitCode":128,"gitErrorCode":"IsInSubmodule"}
[2022-07-06 15:16:36.987] [exthost] [error] {"message":"Git error","stdout":"","stderr":"fatal: Pathspec '/home/radiagulzan/docker_compose_learning/dbRelationshipPractice/Dockerfile' is in submodule 'docker_compose_learning/dbRelationshipPractice'\n","exitCode":128,"gitErrorCode":"IsInSubmodule"}
[2022-07-06 15:16:36.987] [exthost] [error] {"message":"Git error","stdout":"","stderr":"fatal: Pathspec '/home/radiagulzan/docker_compose_learning/dbRelationshipPractice/Dockerfile' is in submodule 'docker_compose_learning/dbRelationshipPractice'\n","exitCode":128,"gitErrorCode":"IsInSubmodule"}
[2022-07-06 15:16:36.987] [exthost] [error] {"message":"Git error","stdout":"","stderr":"fatal: Pathspec '/home/radiagulzan/docker_compose_learning/dbRelationshipPractice/Dockerfile' is in submodule 'docker_compose_learning/dbRelationshipPractice'\n","exitCode":128,"gitErrorCode":"IsInSubmodule"}
[2022-07-06 15:16:36.987] [exthost] [error] {"message":"Git error","stdout":"","stderr":"fatal: Pathspec '/home/radiagulzan/docker_compose_learning/dbRelationshipPractice/Dockerfile' is in submodule 'docker_compose_learning/dbRelationshipPractice'\n","exitCode":128,"gitErrorCode":"IsInSubmodule"}
[2022-07-06 15:16:36.987] [exthost] [error] {"message":"Git error","stdout":"","stderr":"fatal: Pathspec '/home/radiagulzan/docker_compose_learning/dbRelationshipPractice/Dockerfile' is in submodule 'docker_compose_learning/dbRelationshipPractice'\n","exitCode":128,"gitErrorCode":"IsInSubmodule"}
[2022-07-06 15:16:36.987] [exthost] [error] {"message":"Git error","stdout":"","stderr":"fatal: Pathspec '/home/radiagulzan/docker_compose_learning/dbRelationshipPractice/Dockerfile' is in submodule 'docker_compose_learning/dbRelationshipPractice'\n","exitCode":128,"gitErrorCode":"IsInSubmodule"}
[2022-07-06 15:16:36.987] [exthost] [error] {"message":"Git error","stdout":"","stderr":"fatal: Pathspec '/home/radiagulzan/docker_compose_learning/dbRelationshipPractice/Dockerfile' is in submodule 'docker_compose_learning/dbRelationshipPractice'\n","exitCode":128,"gitErrorCode":"IsInSubmodule"}
[2022-07-06 15:16:36.988] [exthost] [error] {"message":"Git error","stdout":"","stderr":"fatal: Pathspec '/home/radiagulzan/docker_compose_learning/dbRelationshipPractice/Dockerfile' is in submodule 'docker_compose_learning/dbRelationshipPractice'\n","exitCode":128,"gitErrorCode":"IsInSubmodule"}
