[2022-07-06T09:49:41.188Z] Validating found git in: git
[2022-07-06T09:49:41.278Z] Using git 2.25.1 from git
[2022-07-06T09:49:41.328Z] > git rev-parse --show-toplevel [39ms]
[2022-07-06T09:49:41.345Z] > git rev-parse --git-dir --git-common-dir [7ms]
[2022-07-06T09:49:41.354Z] Open repository: /home/radiagulzan/duo-task
[2022-07-06T09:49:41.370Z] > git status -z -uall [8ms]
[2022-07-06T09:49:41.388Z] > git symbolic-ref --short HEAD [14ms]
[2022-07-06T09:49:41.399Z] > git for-each-ref --format=%(refname)%00%(upstream:short)%00%(objectname)%00%(upstream:track)%00%(upstream:remotename)%00%(upstream:remoteref) refs/heads/master refs/remotes/master [6ms]
[2022-07-06T09:49:41.413Z] > git for-each-ref --sort -committerdate --format %(refname) %(objectname) %(*objectname) [8ms]
[2022-07-06T09:49:41.447Z] > git remote --verbose [36ms]
[2022-07-06T09:49:41.473Z] > git config --get commit.template [12ms]
[2022-07-06T09:49:41.793Z] > git show --textconv :Dockerfile [7ms]
[2022-07-06T09:49:41.797Z] > git ls-files --stage -- /home/radiagulzan/duo-task/Dockerfile [5ms]
[2022-07-06T09:49:41.803Z] > git cat-file -s 59183c098286c1abf3bb57bd9f2f454426647482 [2ms]
[2022-07-06T09:49:41.972Z] > git check-ignore -v -z --stdin [2ms]
[2022-07-06T09:49:56.308Z] > git show --textconv :nginx.conf [8ms]
[2022-07-06T09:49:56.312Z] > git ls-files --stage -- /home/radiagulzan/duo-task/nginx.conf [5ms]
[2022-07-06T09:49:56.317Z] > git cat-file -s 7211f007680a6b2918d94a3b6f6831455c20ed10 [2ms]
[2022-07-06T09:50:06.684Z] > git show --textconv :Dockerfile [7ms]
[2022-07-06T09:50:06.687Z] > git ls-files --stage -- /home/radiagulzan/duo-task/Dockerfile [3ms]
[2022-07-06T09:50:06.693Z] > git cat-file -s 59183c098286c1abf3bb57bd9f2f454426647482 [2ms]
