[2022-07-06T13:42:31.458Z] Validating found git in: git
[2022-07-06T13:42:31.524Z] Using git 2.25.1 from git
[2022-07-06T13:42:31.595Z] > git rev-parse --show-toplevel [60ms]
[2022-07-06T13:42:31.651Z] > git rev-parse --git-dir --git-common-dir [46ms]
[2022-07-06T13:42:31.660Z] Open repository: /home/radiagulzan
[2022-07-06T13:42:31.862Z] > git status -z -uall [180ms]
[2022-07-06T13:42:31.876Z] > git symbolic-ref --short HEAD [7ms]
[2022-07-06T13:42:31.890Z] > git for-each-ref --format=%(refname)%00%(upstream:short)%00%(objectname)%00%(upstream:track)%00%(upstream:remotename)%00%(upstream:remoteref) refs/heads/main refs/remotes/main [8ms]
[2022-07-06T13:42:31.907Z] > git for-each-ref --sort -committerdate --format %(refname) %(objectname) %(*objectname) [11ms]
[2022-07-06T13:42:31.908Z] > git remote --verbose [6ms]
[2022-07-06T13:42:31.924Z] > git config --get commit.template [3ms]
[2022-07-06T13:42:35.053Z] > git status -z -uall [42ms]
[2022-07-06T13:42:35.062Z] > git symbolic-ref --short HEAD [3ms]
[2022-07-06T13:42:35.069Z] > git for-each-ref --format=%(refname)%00%(upstream:short)%00%(objectname)%00%(upstream:track)%00%(upstream:remotename)%00%(upstream:remoteref) refs/heads/main refs/remotes/main [2ms]
[2022-07-06T13:42:35.080Z] > git for-each-ref --sort -committerdate --format %(refname) %(objectname) %(*objectname) [7ms]
[2022-07-06T13:42:35.082Z] > git remote --verbose [3ms]
[2022-07-06T13:42:35.092Z] > git config --get commit.template [2ms]
[2022-07-06T13:42:40.142Z] > git status -z -uall [42ms]
[2022-07-06T13:42:40.150Z] > git symbolic-ref --short HEAD [2ms]
[2022-07-06T13:42:40.157Z] > git for-each-ref --format=%(refname)%00%(upstream:short)%00%(objectname)%00%(upstream:track)%00%(upstream:remotename)%00%(upstream:remoteref) refs/heads/main refs/remotes/main [3ms]
[2022-07-06T13:42:40.168Z] > git for-each-ref --sort -committerdate --format %(refname) %(objectname) %(*objectname) [6ms]
[2022-07-06T13:42:40.170Z] > git remote --verbose [4ms]
[2022-07-06T13:42:40.179Z] > git config --get commit.template [2ms]
[2022-07-06T13:44:23.177Z] > git status -z -uall [44ms]
[2022-07-06T13:44:23.185Z] > git symbolic-ref --short HEAD [3ms]
[2022-07-06T13:44:23.191Z] > git for-each-ref --format=%(refname)%00%(upstream:short)%00%(objectname)%00%(upstream:track)%00%(upstream:remotename)%00%(upstream:remoteref) refs/heads/main refs/remotes/main [3ms]
[2022-07-06T13:44:23.200Z] > git for-each-ref --sort -committerdate --format %(refname) %(objectname) %(*objectname) [6ms]
[2022-07-06T13:44:23.202Z] > git remote --verbose [3ms]
[2022-07-06T13:44:23.213Z] > git config --get commit.template [3ms]
[2022-07-06T13:44:51.849Z] > git status -z -uall [40ms]
[2022-07-06T13:44:51.858Z] > git symbolic-ref --short HEAD [3ms]
[2022-07-06T13:44:51.864Z] > git for-each-ref --format=%(refname)%00%(upstream:short)%00%(objectname)%00%(upstream:track)%00%(upstream:remotename)%00%(upstream:remoteref) refs/heads/main refs/remotes/main [2ms]
[2022-07-06T13:44:51.873Z] > git for-each-ref --sort -committerdate --format %(refname) %(objectname) %(*objectname) [5ms]
[2022-07-06T13:44:51.875Z] > git remote --verbose [3ms]
[2022-07-06T13:44:51.884Z] > git config --get commit.template [2ms]
[2022-07-06T13:44:56.933Z] > git status -z -uall [42ms]
[2022-07-06T13:44:56.941Z] > git symbolic-ref --short HEAD [3ms]
[2022-07-06T13:44:56.947Z] > git for-each-ref --format=%(refname)%00%(upstream:short)%00%(objectname)%00%(upstream:track)%00%(upstream:remotename)%00%(upstream:remoteref) refs/heads/main refs/remotes/main [2ms]
[2022-07-06T13:44:56.958Z] > git for-each-ref --sort -committerdate --format %(refname) %(objectname) %(*objectname) [6ms]
[2022-07-06T13:44:56.961Z] > git remote --verbose [4ms]
[2022-07-06T13:44:56.974Z] > git config --get commit.template [4ms]
[2022-07-06T13:45:02.027Z] > git status -z -uall [46ms]
[2022-07-06T13:45:02.035Z] > git symbolic-ref --short HEAD [3ms]
[2022-07-06T13:45:02.042Z] > git for-each-ref --format=%(refname)%00%(upstream:short)%00%(objectname)%00%(upstream:track)%00%(upstream:remotename)%00%(upstream:remoteref) refs/heads/main refs/remotes/main [3ms]
[2022-07-06T13:45:02.052Z] > git for-each-ref --sort -committerdate --format %(refname) %(objectname) %(*objectname) [6ms]
[2022-07-06T13:45:02.054Z] > git remote --verbose [3ms]
[2022-07-06T13:45:02.063Z] > git config --get commit.template [2ms]
[2022-07-06T13:45:07.114Z] > git status -z -uall [45ms]
[2022-07-06T13:45:07.121Z] > git symbolic-ref --short HEAD [3ms]
[2022-07-06T13:45:07.127Z] > git for-each-ref --format=%(refname)%00%(upstream:short)%00%(objectname)%00%(upstream:track)%00%(upstream:remotename)%00%(upstream:remoteref) refs/heads/main refs/remotes/main [2ms]
[2022-07-06T13:45:07.135Z] > git for-each-ref --sort -committerdate --format %(refname) %(objectname) %(*objectname) [5ms]
[2022-07-06T13:45:07.137Z] > git remote --verbose [3ms]
[2022-07-06T13:45:07.145Z] > git config --get commit.template [2ms]
[2022-07-06T13:45:12.198Z] > git status -z -uall [47ms]
[2022-07-06T13:45:12.209Z] > git symbolic-ref --short HEAD [3ms]
[2022-07-06T13:45:12.214Z] > git for-each-ref --format=%(refname)%00%(upstream:short)%00%(objectname)%00%(upstream:track)%00%(upstream:remotename)%00%(upstream:remoteref) refs/heads/main refs/remotes/main [2ms]
[2022-07-06T13:45:12.225Z] > git for-each-ref --sort -committerdate --format %(refname) %(objectname) %(*objectname) [6ms]
[2022-07-06T13:45:12.226Z] > git remote --verbose [2ms]
[2022-07-06T13:45:12.235Z] > git config --get commit.template [2ms]
[2022-07-06T13:45:17.283Z] > git status -z -uall [41ms]
[2022-07-06T13:45:17.291Z] > git symbolic-ref --short HEAD [3ms]
[2022-07-06T13:45:17.296Z] > git for-each-ref --format=%(refname)%00%(upstream:short)%00%(objectname)%00%(upstream:track)%00%(upstream:remotename)%00%(upstream:remoteref) refs/heads/main refs/remotes/main [2ms]
[2022-07-06T13:45:17.305Z] > git for-each-ref --sort -committerdate --format %(refname) %(objectname) %(*objectname) [6ms]
[2022-07-06T13:45:17.310Z] > git remote --verbose [6ms]
[2022-07-06T13:45:17.318Z] > git config --get commit.template [2ms]
[2022-07-06T13:45:22.369Z] > git status -z -uall [43ms]
[2022-07-06T13:45:22.388Z] > git symbolic-ref --short HEAD [14ms]
[2022-07-06T13:45:22.396Z] > git for-each-ref --format=%(refname)%00%(upstream:short)%00%(objectname)%00%(upstream:track)%00%(upstream:remotename)%00%(upstream:remoteref) refs/heads/main refs/remotes/main [3ms]
[2022-07-06T13:45:22.406Z] > git for-each-ref --sort -committerdate --format %(refname) %(objectname) %(*objectname) [6ms]
[2022-07-06T13:45:22.408Z] > git remote --verbose [3ms]
[2022-07-06T13:45:22.417Z] > git config --get commit.template [3ms]
[2022-07-06T13:45:27.468Z] > git status -z -uall [44ms]
[2022-07-06T13:45:27.477Z] > git symbolic-ref --short HEAD [4ms]
[2022-07-06T13:45:27.484Z] > git for-each-ref --format=%(refname)%00%(upstream:short)%00%(objectname)%00%(upstream:track)%00%(upstream:remotename)%00%(upstream:remoteref) refs/heads/main refs/remotes/main [3ms]
[2022-07-06T13:45:27.493Z] > git for-each-ref --sort -committerdate --format %(refname) %(objectname) %(*objectname) [6ms]
[2022-07-06T13:45:27.495Z] > git remote --verbose [3ms]
[2022-07-06T13:45:27.503Z] > git config --get commit.template [2ms]
[2022-07-06T13:45:32.554Z] > git status -z -uall [44ms]
[2022-07-06T13:45:32.562Z] > git symbolic-ref --short HEAD [2ms]
[2022-07-06T13:45:32.569Z] > git for-each-ref --format=%(refname)%00%(upstream:short)%00%(objectname)%00%(upstream:track)%00%(upstream:remotename)%00%(upstream:remoteref) refs/heads/main refs/remotes/main [3ms]
[2022-07-06T13:45:32.577Z] > git for-each-ref --sort -committerdate --format %(refname) %(objectname) %(*objectname) [5ms]
[2022-07-06T13:45:32.579Z] > git remote --verbose [2ms]
[2022-07-06T13:45:32.588Z] > git config --get commit.template [2ms]
[2022-07-06T13:45:37.640Z] > git status -z -uall [44ms]
[2022-07-06T13:45:37.648Z] > git symbolic-ref --short HEAD [3ms]
[2022-07-06T13:45:37.655Z] > git for-each-ref --format=%(refname)%00%(upstream:short)%00%(objectname)%00%(upstream:track)%00%(upstream:remotename)%00%(upstream:remoteref) refs/heads/main refs/remotes/main [3ms]
[2022-07-06T13:45:37.665Z] > git for-each-ref --sort -committerdate --format %(refname) %(objectname) %(*objectname) [6ms]
[2022-07-06T13:45:37.669Z] > git remote --verbose [5ms]
[2022-07-06T13:45:37.679Z] > git config --get commit.template [2ms]
[2022-07-06T13:45:42.732Z] > git status -z -uall [44ms]
[2022-07-06T13:45:42.741Z] > git symbolic-ref --short HEAD [3ms]
[2022-07-06T13:45:42.746Z] > git for-each-ref --format=%(refname)%00%(upstream:short)%00%(objectname)%00%(upstream:track)%00%(upstream:remotename)%00%(upstream:remoteref) refs/heads/main refs/remotes/main [2ms]
[2022-07-06T13:45:42.755Z] > git for-each-ref --sort -committerdate --format %(refname) %(objectname) %(*objectname) [6ms]
[2022-07-06T13:45:42.757Z] > git remote --verbose [3ms]
[2022-07-06T13:45:42.765Z] > git config --get commit.template [2ms]
[2022-07-06T13:45:47.819Z] > git status -z -uall [47ms]
[2022-07-06T13:45:47.826Z] > git symbolic-ref --short HEAD [3ms]
[2022-07-06T13:45:47.831Z] > git for-each-ref --format=%(refname)%00%(upstream:short)%00%(objectname)%00%(upstream:track)%00%(upstream:remotename)%00%(upstream:remoteref) refs/heads/main refs/remotes/main [2ms]
[2022-07-06T13:45:47.841Z] > git for-each-ref --sort -committerdate --format %(refname) %(objectname) %(*objectname) [6ms]
[2022-07-06T13:45:47.843Z] > git remote --verbose [3ms]
[2022-07-06T13:45:47.851Z] > git config --get commit.template [2ms]
[2022-07-06T13:45:52.904Z] > git status -z -uall [46ms]
[2022-07-06T13:45:52.911Z] > git symbolic-ref --short HEAD [2ms]
[2022-07-06T13:45:52.925Z] > git for-each-ref --format=%(refname)%00%(upstream:short)%00%(objectname)%00%(upstream:track)%00%(upstream:remotename)%00%(upstream:remoteref) refs/heads/main refs/remotes/main [10ms]
[2022-07-06T13:45:52.938Z] > git for-each-ref --sort -committerdate --format %(refname) %(objectname) %(*objectname) [6ms]
[2022-07-06T13:45:52.941Z] > git remote --verbose [4ms]
[2022-07-06T13:45:52.948Z] > git config --get commit.template [2ms]
[2022-07-06T13:45:57.999Z] > git status -z -uall [45ms]
[2022-07-06T13:45:58.007Z] > git symbolic-ref --short HEAD [3ms]
[2022-07-06T13:45:58.013Z] > git for-each-ref --format=%(refname)%00%(upstream:short)%00%(objectname)%00%(upstream:track)%00%(upstream:remotename)%00%(upstream:remoteref) refs/heads/main refs/remotes/main [2ms]
[2022-07-06T13:45:58.029Z] > git for-each-ref --sort -committerdate --format %(refname) %(objectname) %(*objectname) [13ms]
[2022-07-06T13:45:58.032Z] > git remote --verbose [4ms]
[2022-07-06T13:45:58.046Z] > git config --get commit.template [2ms]
[2022-07-06T13:46:03.100Z] > git status -z -uall [48ms]
[2022-07-06T13:46:03.107Z] > git symbolic-ref --short HEAD [3ms]
[2022-07-06T13:46:03.113Z] > git for-each-ref --format=%(refname)%00%(upstream:short)%00%(objectname)%00%(upstream:track)%00%(upstream:remotename)%00%(upstream:remoteref) refs/heads/main refs/remotes/main [2ms]
[2022-07-06T13:46:03.121Z] > git for-each-ref --sort -committerdate --format %(refname) %(objectname) %(*objectname) [4ms]
[2022-07-06T13:46:03.123Z] > git remote --verbose [2ms]
[2022-07-06T13:46:03.131Z] > git config --get commit.template [2ms]
[2022-07-06T13:49:02.564Z] > git status -z -uall [42ms]
[2022-07-06T13:49:02.572Z] > git symbolic-ref --short HEAD [3ms]
[2022-07-06T13:49:02.578Z] > git for-each-ref --format=%(refname)%00%(upstream:short)%00%(objectname)%00%(upstream:track)%00%(upstream:remotename)%00%(upstream:remoteref) refs/heads/main refs/remotes/main [2ms]
[2022-07-06T13:49:02.586Z] > git for-each-ref --sort -committerdate --format %(refname) %(objectname) %(*objectname) [5ms]
[2022-07-06T13:49:02.588Z] > git remote --verbose [2ms]
[2022-07-06T13:49:02.597Z] > git config --get commit.template [2ms]
[2022-07-06T13:49:27.612Z] > git status -z -uall [41ms]
[2022-07-06T13:49:27.620Z] > git symbolic-ref --short HEAD [2ms]
[2022-07-06T13:49:27.625Z] > git for-each-ref --format=%(refname)%00%(upstream:short)%00%(objectname)%00%(upstream:track)%00%(upstream:remotename)%00%(upstream:remoteref) refs/heads/main refs/remotes/main [1ms]
[2022-07-06T13:49:27.634Z] > git for-each-ref --sort -committerdate --format %(refname) %(objectname) %(*objectname) [5ms]
[2022-07-06T13:49:27.636Z] > git remote --verbose [3ms]
[2022-07-06T13:49:27.643Z] > git config --get commit.template [2ms]
[2022-07-06T13:49:45.202Z] > git status -z -uall [45ms]
[2022-07-06T13:49:45.209Z] > git symbolic-ref --short HEAD [3ms]
[2022-07-06T13:49:45.214Z] > git for-each-ref --format=%(refname)%00%(upstream:short)%00%(objectname)%00%(upstream:track)%00%(upstream:remotename)%00%(upstream:remoteref) refs/heads/main refs/remotes/main [1ms]
[2022-07-06T13:49:45.222Z] > git for-each-ref --sort -committerdate --format %(refname) %(objectname) %(*objectname) [5ms]
[2022-07-06T13:49:45.224Z] > git remote --verbose [2ms]
[2022-07-06T13:49:45.232Z] > git config --get commit.template [2ms]
[2022-07-06T13:50:40.925Z] > git status -z -uall [54ms]
[2022-07-06T13:50:40.933Z] > git symbolic-ref --short HEAD [2ms]
[2022-07-06T13:50:40.939Z] > git for-each-ref --format=%(refname)%00%(upstream:short)%00%(objectname)%00%(upstream:track)%00%(upstream:remotename)%00%(upstream:remoteref) refs/heads/main refs/remotes/main [2ms]
[2022-07-06T13:50:40.951Z] > git for-each-ref --sort -committerdate --format %(refname) %(objectname) %(*objectname) [8ms]
[2022-07-06T13:50:40.953Z] > git remote --verbose [4ms]
[2022-07-06T13:50:40.963Z] > git config --get commit.template [2ms]
[2022-07-06T14:15:19.310Z] > git status -z -uall [41ms]
[2022-07-06T14:15:19.319Z] > git symbolic-ref --short HEAD [3ms]
[2022-07-06T14:15:19.324Z] > git for-each-ref --format=%(refname)%00%(upstream:short)%00%(objectname)%00%(upstream:track)%00%(upstream:remotename)%00%(upstream:remoteref) refs/heads/main refs/remotes/main [2ms]
[2022-07-06T14:15:19.334Z] > git for-each-ref --sort -committerdate --format %(refname) %(objectname) %(*objectname) [7ms]
[2022-07-06T14:15:19.338Z] > git remote --verbose [5ms]
[2022-07-06T14:15:19.345Z] > git config --get commit.template [2ms]
[2022-07-06T14:15:24.396Z] > git status -z -uall [42ms]
[2022-07-06T14:15:24.404Z] > git symbolic-ref --short HEAD [3ms]
[2022-07-06T14:15:24.410Z] > git for-each-ref --format=%(refname)%00%(upstream:short)%00%(objectname)%00%(upstream:track)%00%(upstream:remotename)%00%(upstream:remoteref) refs/heads/main refs/remotes/main [2ms]
[2022-07-06T14:15:24.419Z] > git for-each-ref --sort -committerdate --format %(refname) %(objectname) %(*objectname) [5ms]
[2022-07-06T14:15:24.420Z] > git remote --verbose [2ms]
[2022-07-06T14:15:24.429Z] > git config --get commit.template [1ms]
[2022-07-06T14:15:53.884Z] > git status -z -uall [42ms]
[2022-07-06T14:15:53.894Z] > git symbolic-ref --short HEAD [3ms]
[2022-07-06T14:15:53.899Z] > git for-each-ref --format=%(refname)%00%(upstream:short)%00%(objectname)%00%(upstream:track)%00%(upstream:remotename)%00%(upstream:remoteref) refs/heads/main refs/remotes/main [2ms]
[2022-07-06T14:15:53.909Z] > git for-each-ref --sort -committerdate --format %(refname) %(objectname) %(*objectname) [6ms]
[2022-07-06T14:15:53.910Z] > git remote --verbose [2ms]
[2022-07-06T14:15:53.918Z] > git config --get commit.template [2ms]
[2022-07-06T14:15:58.970Z] > git status -z -uall [44ms]
[2022-07-06T14:15:58.977Z] > git symbolic-ref --short HEAD [2ms]
[2022-07-06T14:15:58.983Z] > git for-each-ref --format=%(refname)%00%(upstream:short)%00%(objectname)%00%(upstream:track)%00%(upstream:remotename)%00%(upstream:remoteref) refs/heads/main refs/remotes/main [2ms]
[2022-07-06T14:15:58.991Z] > git for-each-ref --sort -committerdate --format %(refname) %(objectname) %(*objectname) [5ms]
[2022-07-06T14:15:58.993Z] > git remote --verbose [3ms]
[2022-07-06T14:15:59.000Z] > git config --get commit.template [2ms]
[2022-07-06T14:16:04.047Z] > git status -z -uall [42ms]
[2022-07-06T14:16:04.055Z] > git symbolic-ref --short HEAD [3ms]
[2022-07-06T14:16:04.061Z] > git for-each-ref --format=%(refname)%00%(upstream:short)%00%(objectname)%00%(upstream:track)%00%(upstream:remotename)%00%(upstream:remoteref) refs/heads/main refs/remotes/main [2ms]
[2022-07-06T14:16:04.071Z] > git for-each-ref --sort -committerdate --format %(refname) %(objectname) %(*objectname) [7ms]
[2022-07-06T14:16:04.073Z] > git remote --verbose [4ms]
[2022-07-06T14:16:04.080Z] > git config --get commit.template [1ms]
[2022-07-06T14:16:09.265Z] > git status -z -uall [40ms]
[2022-07-06T14:16:09.272Z] > git symbolic-ref --short HEAD [3ms]
[2022-07-06T14:16:09.279Z] > git for-each-ref --format=%(refname)%00%(upstream:short)%00%(objectname)%00%(upstream:track)%00%(upstream:remotename)%00%(upstream:remoteref) refs/heads/main refs/remotes/main [2ms]
[2022-07-06T14:16:09.291Z] > git for-each-ref --sort -committerdate --format %(refname) %(objectname) %(*objectname) [8ms]
[2022-07-06T14:16:09.293Z] > git remote --verbose [4ms]
[2022-07-06T14:16:09.300Z] > git config --get commit.template [2ms]
[2022-07-06T15:16:14.351Z] > git status -z -uall [42ms]
[2022-07-06T15:16:14.359Z] > git symbolic-ref --short HEAD [3ms]
[2022-07-06T15:16:14.366Z] > git for-each-ref --format=%(refname)%00%(upstream:short)%00%(objectname)%00%(upstream:track)%00%(upstream:remotename)%00%(upstream:remoteref) refs/heads/main refs/remotes/main [3ms]
[2022-07-06T15:16:14.375Z] > git for-each-ref --sort -committerdate --format %(refname) %(objectname) %(*objectname) [5ms]
[2022-07-06T15:16:14.377Z] > git remote --verbose [3ms]
[2022-07-06T15:16:14.384Z] > git config --get commit.template [2ms]
[2022-07-06T15:16:19.433Z] > git status -z -uall [43ms]
[2022-07-06T15:16:19.440Z] > git symbolic-ref --short HEAD [2ms]
[2022-07-06T15:16:19.446Z] > git for-each-ref --format=%(refname)%00%(upstream:short)%00%(objectname)%00%(upstream:track)%00%(upstream:remotename)%00%(upstream:remoteref) refs/heads/main refs/remotes/main [2ms]
[2022-07-06T15:16:19.455Z] > git for-each-ref --sort -committerdate --format %(refname) %(objectname) %(*objectname) [5ms]
[2022-07-06T15:16:19.457Z] > git remote --verbose [3ms]
[2022-07-06T15:16:19.464Z] > git config --get commit.template [1ms]
