Initializing document watcher...
docker_compose_learning/nginx/nginx.conf: {}
docker_compose_learning/dbRelationshipPractice/app.py: {}
docker_compose_learning/docker-compose.yml: {}
docker_compose_learning/dbRelationshipPractice/app.py: {}
docker_compose_learning/docker-compose.yml: {}
docker_compose_learning/nginx/nginx.conf: {}
docker_compose_learning/nginx/nginx.conf: {}
docker_compose_learning/nginx/nginx.conf: {}
docker_compose_learning/nginx/nginx.conf: {}
docker_compose_learning/nginx/nginx.conf: {}
docker_compose_learning/dbRelationshipPractice/Dockerfile: {}
docker_compose_learning/dbRelationshipPractice/Dockerfile: {}
docker_compose_learning/dbRelationshipPractice/Dockerfile: {}
docker_compose_learning/dbRelationshipPractice/app.py: {}
docker_compose_learning/dbRelationshipPractice/app.py: {}
docker_compose_learning/dbRelationshipPractice/create.py: {}
docker_compose_learning/dbRelationshipPractice/create.py: {}
docker_compose_learning/dbRelationshipPractice/app.py: {}
docker_compose_learning/dbRelationshipPractice/app.py: {}
docker_compose_learning/dbRelationshipPractice/create.py: {}
docker_compose_learning/dbRelationshipPractice/app.py: {}
docker_compose_learning/dbRelationshipPractice/Dockerfile: {}
docker_compose_learning/dbRelationshipPractice/Dockerfile: {}
docker_compose_learning/dbRelationshipPractice/app.py: {}
docker_compose_learning/dbRelationshipPractice/Dockerfile: {}
docker_compose_learning/dbRelationshipPractice/app.py: {}
docker_compose_learning/dbRelationshipPractice/app.py: {}
docker_compose_learning/docker-compose.yml: {}
docker_compose_learning/dbRelationshipPractice/app.py: {}
docker_compose_learning/docker-compose.yml: {}
docker_compose_learning/docker-compose.yml: {}
docker_compose_learning/docker-compose.yml: {}
docker_compose_learning/dbRelationshipPractice/app.py: {}
/Users/radiagulzan/Library/Application Support/Code/User/settings.json: Using EditorConfig core...
/Users/radiagulzan/Library/Application Support/Code/User/settings.json: Using EditorConfig core...
docker_compose_learning/docker-compose.yml: {}
docker_compose_learning/dbRelationshipPractice/app.py: {}
docker_compose_learning/docker-compose.yml: {}
docker_compose_learning/dbRelationshipPractice/app.py: {}
docker_compose_learning/docker-compose.yml: {}
docker_compose_learning/nginx/nginx.conf: {}
docker_compose_learning/docker-compose.yml: {}
docker_compose_learning/docker-compose.yml: Using EditorConfig core...
docker_compose_learning/docker-compose.yml: {}
docker_compose_learning/docker-compose.yml: {}
docker_compose_learning/docker-compose.yml: {}
docker_compose_learning/docker-compose.yml: {}
docker_compose_learning/docker-compose.yml: {}
docker_compose_learning/docker-compose.yml: Using EditorConfig core...
docker_compose_learning/docker-compose.yml: {}
docker_compose_learning/dbRelationshipPractice/app.py: {}
docker_compose_learning/dbRelationshipPractice/app.py: Using EditorConfig core...
docker_compose_learning/dbRelationshipPractice/create.py: {}
docker_compose_learning/dbRelationshipPractice/app.py: {}
docker_compose_learning/dbRelationshipPractice/Dockerfile: {}
/Users/radiagulzan/Library/Application Support/Code/User/settings.json: Using EditorConfig core...
/Users/radiagulzan/Library/Application Support/Code/User/settings.json: Using EditorConfig core...
docker_compose_learning/dbRelationshipPractice/requirements.txt: {}
/Users/radiagulzan/Library/Application Support/Code/User/settings.json: Using EditorConfig core...
/Users/radiagulzan/Library/Application Support/Code/User/settings.json: Using EditorConfig core...
docker_compose_learning/dbRelationshipPractice/requirements.txt: {}
docker_compose_learning/docker-compose.yml: {}
docker_compose_learning/docker-compose.yml: {}
docker_compose_learning/docker-compose.yml: {}
