[2022-07-05T09:38:44.037Z] Validating found git in: git
[2022-07-05T09:38:44.069Z] Using git 2.25.1 from git
[2022-07-05T09:38:44.152Z] > git rev-parse --show-toplevel [76ms]
[2022-07-05T09:38:44.152Z] fatal: not a git repository (or any of the parent directories): .git
[2022-07-05T09:38:44.163Z] > git rev-parse --show-toplevel [3ms]
[2022-07-05T09:38:44.163Z] fatal: not a git repository (or any of the parent directories): .git
[2022-07-05T09:38:44.167Z] > git rev-parse --show-toplevel [1ms]
[2022-07-05T09:38:44.167Z] fatal: not a git repository (or any of the parent directories): .git
[2022-07-05T09:38:44.172Z] > git rev-parse --show-toplevel [2ms]
[2022-07-05T09:38:44.172Z] fatal: not a git repository (or any of the parent directories): .git
[2022-07-05T09:38:44.177Z] > git rev-parse --show-toplevel [3ms]
[2022-07-05T09:38:44.177Z] fatal: not a git repository (or any of the parent directories): .git
[2022-07-05T09:38:51.026Z] > git rev-parse --show-toplevel [2ms]
[2022-07-05T09:38:51.026Z] fatal: not a git repository (or any of the parent directories): .git
[2022-07-05T09:39:17.012Z] > git rev-parse --show-toplevel [12ms]
[2022-07-05T09:39:17.012Z] fatal: not a git repository (or any of the parent directories): .git
[2022-07-05T09:41:08.547Z] > git rev-parse --show-toplevel [3ms]
[2022-07-05T09:41:08.547Z] fatal: not a git repository (or any of the parent directories): .git
[2022-07-05T10:02:47.172Z] > git rev-parse --show-toplevel [3ms]
[2022-07-05T10:02:47.172Z] fatal: not a git repository (or any of the parent directories): .git
[2022-07-05T10:02:57.905Z] > git rev-parse --show-toplevel [3ms]
[2022-07-05T10:02:57.905Z] fatal: not a git repository (or any of the parent directories): .git
[2022-07-05T10:12:47.640Z] > git rev-parse --show-toplevel [2ms]
[2022-07-05T10:12:47.645Z] > git rev-parse --git-dir --git-common-dir [1ms]
[2022-07-05T10:12:47.651Z] Open repository: /home/radiagulzan/myapp/duo-task
[2022-07-05T10:12:47.669Z] > git status -z -uall [12ms]
[2022-07-05T10:12:47.673Z] > git symbolic-ref --short HEAD [1ms]
[2022-07-05T10:12:47.680Z] > git for-each-ref --format=%(refname)%00%(upstream:short)%00%(objectname)%00%(upstream:track)%00%(upstream:remotename)%00%(upstream:remoteref) refs/heads/master refs/remotes/master [4ms]
[2022-07-05T10:12:47.693Z] > git for-each-ref --sort -committerdate --format %(refname) %(objectname) %(*objectname) [10ms]
[2022-07-05T10:12:47.695Z] > git remote --verbose [3ms]
[2022-07-05T10:12:47.701Z] > git config --get commit.template [1ms]
[2022-07-05T10:12:48.246Z] > git check-ignore -v -z --stdin [1ms]
[2022-07-05T10:25:55.112Z] > git status -z -uall [2ms]
[2022-07-05T10:25:55.117Z] > git symbolic-ref --short HEAD [2ms]
[2022-07-05T10:25:55.121Z] > git for-each-ref --format=%(refname)%00%(upstream:short)%00%(objectname)%00%(upstream:track)%00%(upstream:remotename)%00%(upstream:remoteref) refs/heads/master refs/remotes/master [2ms]
[2022-07-05T10:25:55.128Z] > git for-each-ref --sort -committerdate --format %(refname) %(objectname) %(*objectname) [5ms]
[2022-07-05T10:25:55.129Z] > git remote --verbose [2ms]
[2022-07-05T10:25:55.136Z] > git config --get commit.template [2ms]
[2022-07-05T10:26:03.605Z] > git rev-parse --show-toplevel [2ms]
[2022-07-05T10:26:03.605Z] fatal: not a git repository (or any of the parent directories): .git
[2022-07-05T10:26:56.174Z] > git rev-parse --show-toplevel [2ms]
[2022-07-05T10:26:56.174Z] fatal: not a git repository (or any of the parent directories): .git
[2022-07-05T10:27:00.569Z] > git rev-parse --show-toplevel [2ms]
[2022-07-05T10:27:00.569Z] fatal: not a git repository (or any of the parent directories): .git
[2022-07-05T10:27:04.461Z] > git rev-parse --show-toplevel [2ms]
[2022-07-05T10:27:04.461Z] fatal: not a git repository (or any of the parent directories): .git
[2022-07-05T10:27:23.072Z] > git rev-parse --show-toplevel [1ms]
[2022-07-05T10:27:23.077Z] > git rev-parse --git-dir --git-common-dir [2ms]
[2022-07-05T10:27:23.087Z] Open repository: /home/radiagulzan/exercise/duo-task
[2022-07-05T10:27:23.094Z] > git status -z -uall [2ms]
[2022-07-05T10:27:23.099Z] > git symbolic-ref --short HEAD [2ms]
[2022-07-05T10:27:23.103Z] > git for-each-ref --format=%(refname)%00%(upstream:short)%00%(objectname)%00%(upstream:track)%00%(upstream:remotename)%00%(upstream:remoteref) refs/heads/master refs/remotes/master [2ms]
[2022-07-05T10:27:23.110Z] > git for-each-ref --sort -committerdate --format %(refname) %(objectname) %(*objectname) [4ms]
[2022-07-05T10:27:23.111Z] > git remote --verbose [2ms]
[2022-07-05T10:27:23.117Z] > git config --get commit.template [1ms]
[2022-07-05T10:27:23.707Z] > git check-ignore -v -z --stdin [5ms]
[2022-07-05T10:27:23.709Z] > git check-ignore -v -z --stdin [3ms]
[2022-07-05T10:27:51.241Z] > git check-ignore -v -z --stdin [2ms]
[2022-07-05T10:28:53.491Z] > git rev-parse --show-toplevel [6ms]
[2022-07-05T10:28:53.492Z] fatal: not a git repository (or any of the parent directories): .git
[2022-07-05T10:28:55.965Z] > git ls-files --stage -- /home/radiagulzan/exercise/duo-task/app.py [2ms]
[2022-07-05T10:28:55.970Z] > git cat-file -s 461761c29469d8d9c3365deaa1151ce084c4bfb1 [1ms]
[2022-07-05T10:28:55.973Z] > git show --textconv :app.py [14ms]
[2022-07-05T10:29:04.650Z] > git status -z -uall [2ms]
[2022-07-05T10:29:04.655Z] > git symbolic-ref --short HEAD [2ms]
[2022-07-05T10:29:04.660Z] > git for-each-ref --format=%(refname)%00%(upstream:short)%00%(objectname)%00%(upstream:track)%00%(upstream:remotename)%00%(upstream:remoteref) refs/heads/master refs/remotes/master [2ms]
[2022-07-05T10:29:04.668Z] > git for-each-ref --sort -committerdate --format %(refname) %(objectname) %(*objectname) [6ms]
[2022-07-05T10:29:04.669Z] > git remote --verbose [2ms]
[2022-07-05T10:29:04.678Z] > git config --get commit.template [2ms]
[2022-07-05T10:29:06.536Z] > git rev-parse --show-toplevel [3ms]
[2022-07-05T10:29:06.536Z] fatal: not a git repository (or any of the parent directories): .git
[2022-07-05T10:29:45.026Z] > git rev-parse --show-toplevel [11ms]
[2022-07-05T10:29:45.026Z] fatal: not a git repository (or any of the parent directories): .git
[2022-07-05T10:29:59.346Z] > git rev-parse --show-toplevel [2ms]
[2022-07-05T10:29:59.350Z] > git rev-parse --git-dir --git-common-dir [1ms]
[2022-07-05T10:29:59.352Z] Open repository: /home/radiagulzan/duo-task
[2022-07-05T10:29:59.359Z] > git status -z -uall [3ms]
[2022-07-05T10:29:59.363Z] > git symbolic-ref --short HEAD [2ms]
[2022-07-05T10:29:59.367Z] > git for-each-ref --format=%(refname)%00%(upstream:short)%00%(objectname)%00%(upstream:track)%00%(upstream:remotename)%00%(upstream:remoteref) refs/heads/master refs/remotes/master [2ms]
[2022-07-05T10:29:59.374Z] > git for-each-ref --sort -committerdate --format %(refname) %(objectname) %(*objectname) [4ms]
[2022-07-05T10:29:59.375Z] > git remote --verbose [2ms]
[2022-07-05T10:29:59.381Z] > git config --get commit.template [2ms]
[2022-07-05T10:29:59.943Z] > git check-ignore -v -z --stdin [9ms]
[2022-07-05T10:30:05.965Z] > git check-ignore -v -z --stdin [2ms]
[2022-07-05T10:30:08.199Z] > git check-ignore -v -z --stdin [2ms]
[2022-07-05T10:30:10.499Z] > git show --textconv :app.py [5ms]
[2022-07-05T10:30:10.501Z] > git ls-files --stage -- /home/radiagulzan/myapp/duo-task/app.py [2ms]
[2022-07-05T10:30:10.506Z] > git cat-file -s 461761c29469d8d9c3365deaa1151ce084c4bfb1 [2ms]
[2022-07-05T10:30:14.120Z] > git status -z -uall [3ms]
[2022-07-05T10:30:14.126Z] > git symbolic-ref --short HEAD [2ms]
[2022-07-05T10:30:14.130Z] > git for-each-ref --format=%(refname)%00%(upstream:short)%00%(objectname)%00%(upstream:track)%00%(upstream:remotename)%00%(upstream:remoteref) refs/heads/master refs/remotes/master [1ms]
[2022-07-05T10:30:14.138Z] > git for-each-ref --sort -committerdate --format %(refname) %(objectname) %(*objectname) [5ms]
[2022-07-05T10:30:14.139Z] > git remote --verbose [2ms]
[2022-07-05T10:30:14.145Z] > git config --get commit.template [1ms]
[2022-07-05T10:30:16.116Z] > git show --textconv :README.md [10ms]
[2022-07-05T10:30:16.116Z] > git ls-files --stage -- /home/radiagulzan/myapp/duo-task/README.md [5ms]
[2022-07-05T10:30:16.122Z] > git cat-file -s 13e99ff01c75a56bdaf07f633042580db45be657 [3ms]
[2022-07-05T10:30:24.511Z] > git show --textconv :requirements.txt [5ms]
[2022-07-05T10:30:24.514Z] > git ls-files --stage -- /home/radiagulzan/myapp/duo-task/requirements.txt [3ms]
[2022-07-05T10:30:24.518Z] > git cat-file -s 7deaf3b366b1d168e3d9b5f5b4a00b5e618e14f5 [1ms]
[2022-07-05T10:30:28.636Z] > git status -z -uall [2ms]
[2022-07-05T10:30:28.641Z] > git symbolic-ref --short HEAD [1ms]
[2022-07-05T10:30:28.646Z] > git for-each-ref --format=%(refname)%00%(upstream:short)%00%(objectname)%00%(upstream:track)%00%(upstream:remotename)%00%(upstream:remoteref) refs/heads/master refs/remotes/master [2ms]
[2022-07-05T10:30:28.654Z] > git for-each-ref --sort -committerdate --format %(refname) %(objectname) %(*objectname) [5ms]
[2022-07-05T10:30:28.656Z] > git remote --verbose [3ms]
[2022-07-05T10:30:28.665Z] > git config --get commit.template [1ms]
[2022-07-05T10:30:29.068Z] > git show --textconv :README.md [7ms]
[2022-07-05T10:30:29.070Z] > git ls-files --stage -- /home/radiagulzan/myapp/duo-task/README.md [4ms]
[2022-07-05T10:30:29.074Z] > git cat-file -s 13e99ff01c75a56bdaf07f633042580db45be657 [1ms]
[2022-07-05T10:30:32.340Z] > git show --textconv :nginx.conf [6ms]
[2022-07-05T10:30:32.342Z] > git ls-files --stage -- /home/radiagulzan/myapp/duo-task/nginx.conf [3ms]
[2022-07-05T10:30:32.346Z] > git cat-file -s 7211f007680a6b2918d94a3b6f6831455c20ed10 [1ms]
[2022-07-05T10:30:39.125Z] > git status -z -uall [3ms]
[2022-07-05T10:30:39.130Z] > git symbolic-ref --short HEAD [2ms]
[2022-07-05T10:30:39.135Z] > git for-each-ref --format=%(refname)%00%(upstream:short)%00%(objectname)%00%(upstream:track)%00%(upstream:remotename)%00%(upstream:remoteref) refs/heads/master refs/remotes/master [2ms]
[2022-07-05T10:30:39.142Z] > git for-each-ref --sort -committerdate --format %(refname) %(objectname) %(*objectname) [4ms]
[2022-07-05T10:30:39.144Z] > git remote --verbose [2ms]
[2022-07-05T10:30:39.151Z] > git config --get commit.template [3ms]
[2022-07-05T10:30:39.819Z] > git show --textconv :Dockerfile [6ms]
[2022-07-05T10:30:39.821Z] > git ls-files --stage -- /home/radiagulzan/myapp/duo-task/Dockerfile [3ms]
[2022-07-05T10:30:39.825Z] > git cat-file -s 59183c098286c1abf3bb57bd9f2f454426647482 [1ms]
[2022-07-05T10:31:47.571Z] > git check-ignore -v -z --stdin [2ms]
[2022-07-05T10:32:26.355Z] > git show --textconv :app.py [5ms]
[2022-07-05T10:32:26.357Z] > git ls-files --stage -- /home/radiagulzan/duo-task/app.py [2ms]
[2022-07-05T10:32:26.362Z] > git cat-file -s 461761c29469d8d9c3365deaa1151ce084c4bfb1 [2ms]
[2022-07-05T10:32:27.384Z] > git show --textconv :Dockerfile [5ms]
[2022-07-05T10:32:27.386Z] > git ls-files --stage -- /home/radiagulzan/duo-task/Dockerfile [3ms]
[2022-07-05T10:32:27.390Z] > git cat-file -s 59183c098286c1abf3bb57bd9f2f454426647482 [1ms]
[2022-07-05T10:35:08.098Z] > git show --textconv :requirements.txt [5ms]
[2022-07-05T10:35:08.100Z] > git ls-files --stage -- /home/radiagulzan/duo-task/requirements.txt [3ms]
[2022-07-05T10:35:08.105Z] > git cat-file -s 7deaf3b366b1d168e3d9b5f5b4a00b5e618e14f5 [2ms]
[2022-07-05T10:35:11.710Z] > git status -z -uall [4ms]
[2022-07-05T10:35:11.715Z] > git symbolic-ref --short HEAD [2ms]
[2022-07-05T10:35:11.719Z] > git for-each-ref --format=%(refname)%00%(upstream:short)%00%(objectname)%00%(upstream:track)%00%(upstream:remotename)%00%(upstream:remoteref) refs/heads/master refs/remotes/master [2ms]
[2022-07-05T10:35:11.728Z] > git for-each-ref --sort -committerdate --format %(refname) %(objectname) %(*objectname) [6ms]
[2022-07-05T10:35:11.729Z] > git remote --verbose [3ms]
[2022-07-05T10:35:11.737Z] > git config --get commit.template [1ms]
[2022-07-05T10:35:12.767Z] > git show --textconv :README.md [5ms]
[2022-07-05T10:35:12.769Z] > git ls-files --stage -- /home/radiagulzan/duo-task/README.md [3ms]
[2022-07-05T10:35:12.773Z] > git cat-file -s 13e99ff01c75a56bdaf07f633042580db45be657 [1ms]
[2022-07-05T10:35:13.713Z] > git show --textconv :requirements.txt [5ms]
[2022-07-05T10:35:13.715Z] > git ls-files --stage -- /home/radiagulzan/duo-task/requirements.txt [2ms]
[2022-07-05T10:35:13.721Z] > git cat-file -s 7deaf3b366b1d168e3d9b5f5b4a00b5e618e14f5 [2ms]
[2022-07-05T10:35:15.023Z] > git show --textconv :nginx.conf [5ms]
[2022-07-05T10:35:15.025Z] > git ls-files --stage -- /home/radiagulzan/duo-task/nginx.conf [2ms]
[2022-07-05T10:35:15.030Z] > git cat-file -s 7211f007680a6b2918d94a3b6f6831455c20ed10 [1ms]
[2022-07-05T10:35:15.595Z] > git show --textconv :Dockerfile [5ms]
[2022-07-05T10:35:15.597Z] > git ls-files --stage -- /home/radiagulzan/duo-task/Dockerfile [3ms]
[2022-07-05T10:35:15.601Z] > git cat-file -s 59183c098286c1abf3bb57bd9f2f454426647482 [1ms]
[2022-07-05T10:35:17.825Z] > git status -z -uall [3ms]
[2022-07-05T10:35:17.829Z] > git symbolic-ref --short HEAD [1ms]
[2022-07-05T10:35:17.834Z] > git for-each-ref --format=%(refname)%00%(upstream:short)%00%(objectname)%00%(upstream:track)%00%(upstream:remotename)%00%(upstream:remoteref) refs/heads/master refs/remotes/master [2ms]
[2022-07-05T10:35:17.841Z] > git for-each-ref --sort -committerdate --format %(refname) %(objectname) %(*objectname) [4ms]
[2022-07-05T10:35:17.843Z] > git remote --verbose [2ms]
[2022-07-05T10:35:17.850Z] > git config --get commit.template [1ms]
[2022-07-05T10:35:24.691Z] > git status -z -uall [3ms]
[2022-07-05T10:35:24.696Z] > git symbolic-ref --short HEAD [2ms]
[2022-07-05T10:35:24.700Z] > git for-each-ref --format=%(refname)%00%(upstream:short)%00%(objectname)%00%(upstream:track)%00%(upstream:remotename)%00%(upstream:remoteref) refs/heads/master refs/remotes/master [2ms]
[2022-07-05T10:35:24.708Z] > git for-each-ref --sort -committerdate --format %(refname) %(objectname) %(*objectname) [5ms]
[2022-07-05T10:35:24.709Z] > git remote --verbose [2ms]
[2022-07-05T10:35:24.715Z] > git config --get commit.template [2ms]
[2022-07-05T10:35:41.440Z] > git show --textconv :app.py [6ms]
[2022-07-05T10:35:41.443Z] > git ls-files --stage -- /home/radiagulzan/duo-task/app.py [3ms]
[2022-07-05T10:35:41.450Z] > git cat-file -s 461761c29469d8d9c3365deaa1151ce084c4bfb1 [2ms]
[2022-07-05T10:35:44.509Z] > git show --textconv :Dockerfile [5ms]
[2022-07-05T10:35:44.512Z] > git ls-files --stage -- /home/radiagulzan/duo-task/Dockerfile [3ms]
[2022-07-05T10:35:44.516Z] > git cat-file -s 59183c098286c1abf3bb57bd9f2f454426647482 [1ms]
[2022-07-05T10:35:46.363Z] > git show --textconv :nginx.conf [5ms]
[2022-07-05T10:35:46.366Z] > git ls-files --stage -- /home/radiagulzan/duo-task/nginx.conf [3ms]
[2022-07-05T10:35:46.370Z] > git cat-file -s 7211f007680a6b2918d94a3b6f6831455c20ed10 [1ms]
[2022-07-05T10:36:11.082Z] > git show --textconv :Dockerfile [4ms]
[2022-07-05T10:36:11.085Z] > git ls-files --stage -- /home/radiagulzan/duo-task/Dockerfile [3ms]
[2022-07-05T10:36:11.089Z] > git cat-file -s 59183c098286c1abf3bb57bd9f2f454426647482 [1ms]
[2022-07-05T10:36:43.270Z] > git status -z -uall [3ms]
[2022-07-05T10:36:43.275Z] > git symbolic-ref --short HEAD [2ms]
[2022-07-05T10:36:43.279Z] > git for-each-ref --format=%(refname)%00%(upstream:short)%00%(objectname)%00%(upstream:track)%00%(upstream:remotename)%00%(upstream:remoteref) refs/heads/master refs/remotes/master [2ms]
[2022-07-05T10:36:43.286Z] > git for-each-ref --sort -committerdate --format %(refname) %(objectname) %(*objectname) [4ms]
[2022-07-05T10:36:43.288Z] > git remote --verbose [2ms]
[2022-07-05T10:36:43.294Z] > git config --get commit.template [2ms]
[2022-07-05T10:37:25.556Z] > git status -z -uall [2ms]
[2022-07-05T10:37:25.562Z] > git symbolic-ref --short HEAD [3ms]
[2022-07-05T10:37:25.566Z] > git for-each-ref --format=%(refname)%00%(upstream:short)%00%(objectname)%00%(upstream:track)%00%(upstream:remotename)%00%(upstream:remoteref) refs/heads/master refs/remotes/master [1ms]
[2022-07-05T10:37:25.574Z] > git for-each-ref --sort -committerdate --format %(refname) %(objectname) %(*objectname) [5ms]
[2022-07-05T10:37:25.575Z] > git remote --verbose [2ms]
[2022-07-05T10:37:25.581Z] > git config --get commit.template [2ms]
[2022-07-05T10:38:33.631Z] > git status -z -uall [2ms]
[2022-07-05T10:38:33.636Z] > git symbolic-ref --short HEAD [2ms]
[2022-07-05T10:38:33.640Z] > git for-each-ref --format=%(refname)%00%(upstream:short)%00%(objectname)%00%(upstream:track)%00%(upstream:remotename)%00%(upstream:remoteref) refs/heads/master refs/remotes/master [2ms]
[2022-07-05T10:38:33.647Z] > git for-each-ref --sort -committerdate --format %(refname) %(objectname) %(*objectname) [4ms]
[2022-07-05T10:38:33.649Z] > git remote --verbose [2ms]
[2022-07-05T10:38:33.655Z] > git config --get commit.template [2ms]
[2022-07-05T10:39:03.991Z] > git status -z -uall [3ms]
[2022-07-05T10:39:03.995Z] > git symbolic-ref --short HEAD [1ms]
[2022-07-05T10:39:04.000Z] > git for-each-ref --format=%(refname)%00%(upstream:short)%00%(objectname)%00%(upstream:track)%00%(upstream:remotename)%00%(upstream:remoteref) refs/heads/master refs/remotes/master [2ms]
[2022-07-05T10:39:04.008Z] > git for-each-ref --sort -committerdate --format %(refname) %(objectname) %(*objectname) [5ms]
[2022-07-05T10:39:04.009Z] > git remote --verbose [2ms]
[2022-07-05T10:39:04.015Z] > git config --get commit.template [1ms]
[2022-07-05T10:39:08.696Z] > git show --textconv :README.md [4ms]
[2022-07-05T10:39:08.698Z] > git ls-files --stage -- /home/radiagulzan/duo-task/README.md [2ms]
[2022-07-05T10:39:08.703Z] > git cat-file -s 13e99ff01c75a56bdaf07f633042580db45be657 [2ms]
[2022-07-05T10:40:04.493Z] > git show --textconv :Dockerfile [4ms]
[2022-07-05T10:40:04.496Z] > git ls-files --stage -- /home/radiagulzan/duo-task/Dockerfile [3ms]
[2022-07-05T10:40:04.500Z] > git cat-file -s 59183c098286c1abf3bb57bd9f2f454426647482 [2ms]
[2022-07-05T10:40:44.123Z] > git status -z -uall [2ms]
[2022-07-05T10:40:44.128Z] > git symbolic-ref --short HEAD [2ms]
[2022-07-05T10:40:44.142Z] > git for-each-ref --format=%(refname)%00%(upstream:short)%00%(objectname)%00%(upstream:track)%00%(upstream:remotename)%00%(upstream:remoteref) refs/heads/master refs/remotes/master [1ms]
[2022-07-05T10:40:44.151Z] > git for-each-ref --sort -committerdate --format %(refname) %(objectname) %(*objectname) [5ms]
[2022-07-05T10:40:44.152Z] > git remote --verbose [2ms]
[2022-07-05T10:40:44.159Z] > git config --get commit.template [2ms]
[2022-07-05T10:41:08.758Z] > git status -z -uall [3ms]
[2022-07-05T10:41:08.762Z] > git symbolic-ref --short HEAD [1ms]
[2022-07-05T10:41:08.767Z] > git for-each-ref --format=%(refname)%00%(upstream:short)%00%(objectname)%00%(upstream:track)%00%(upstream:remotename)%00%(upstream:remoteref) refs/heads/master refs/remotes/master [2ms]
[2022-07-05T10:41:08.774Z] > git for-each-ref --sort -committerdate --format %(refname) %(objectname) %(*objectname) [4ms]
[2022-07-05T10:41:08.776Z] > git remote --verbose [3ms]
[2022-07-05T10:41:08.781Z] > git config --get commit.template [1ms]
[2022-07-05T10:43:10.974Z] > git show --textconv :requirements.txt [5ms]
[2022-07-05T10:43:10.976Z] > git ls-files --stage -- /home/radiagulzan/duo-task/requirements.txt [2ms]
[2022-07-05T10:43:10.981Z] > git cat-file -s 7deaf3b366b1d168e3d9b5f5b4a00b5e618e14f5 [2ms]
[2022-07-05T10:44:37.904Z] > git status -z -uall [2ms]
[2022-07-05T10:44:37.909Z] > git symbolic-ref --short HEAD [2ms]
[2022-07-05T10:44:37.913Z] > git for-each-ref --format=%(refname)%00%(upstream:short)%00%(objectname)%00%(upstream:track)%00%(upstream:remotename)%00%(upstream:remoteref) refs/heads/master refs/remotes/master [1ms]
[2022-07-05T10:44:37.921Z] > git for-each-ref --sort -committerdate --format %(refname) %(objectname) %(*objectname) [5ms]
[2022-07-05T10:44:37.922Z] > git remote --verbose [2ms]
[2022-07-05T10:44:37.928Z] > git config --get commit.template [2ms]
[2022-07-05T10:44:40.323Z] > git show --textconv :Dockerfile [5ms]
[2022-07-05T10:44:40.325Z] > git ls-files --stage -- /home/radiagulzan/duo-task/Dockerfile [3ms]
[2022-07-05T10:44:40.329Z] > git cat-file -s 59183c098286c1abf3bb57bd9f2f454426647482 [1ms]
[2022-07-05T10:44:56.003Z] > git status -z -uall [2ms]
[2022-07-05T10:44:56.008Z] > git symbolic-ref --short HEAD [2ms]
[2022-07-05T10:44:56.013Z] > git for-each-ref --format=%(refname)%00%(upstream:short)%00%(objectname)%00%(upstream:track)%00%(upstream:remotename)%00%(upstream:remoteref) refs/heads/master refs/remotes/master [1ms]
[2022-07-05T10:44:56.020Z] > git for-each-ref --sort -committerdate --format %(refname) %(objectname) %(*objectname) [4ms]
[2022-07-05T10:44:56.022Z] > git remote --verbose [2ms]
[2022-07-05T10:44:56.027Z] > git config --get commit.template [1ms]
[2022-07-05T10:45:18.633Z] > git show --textconv :requirements.txt [5ms]
[2022-07-05T10:45:18.635Z] > git ls-files --stage -- /home/radiagulzan/duo-task/requirements.txt [3ms]
[2022-07-05T10:45:18.640Z] > git cat-file -s 7deaf3b366b1d168e3d9b5f5b4a00b5e618e14f5 [2ms]
[2022-07-05T10:45:32.581Z] > git show --textconv :Dockerfile [5ms]
[2022-07-05T10:45:32.583Z] > git ls-files --stage -- /home/radiagulzan/duo-task/Dockerfile [2ms]
[2022-07-05T10:45:32.589Z] > git cat-file -s 59183c098286c1abf3bb57bd9f2f454426647482 [3ms]
[2022-07-05T10:45:58.197Z] > git status -z -uall [2ms]
[2022-07-05T10:45:58.202Z] > git symbolic-ref --short HEAD [1ms]
[2022-07-05T10:45:58.207Z] > git for-each-ref --format=%(refname)%00%(upstream:short)%00%(objectname)%00%(upstream:track)%00%(upstream:remotename)%00%(upstream:remoteref) refs/heads/master refs/remotes/master [2ms]
[2022-07-05T10:45:58.214Z] > git for-each-ref --sort -committerdate --format %(refname) %(objectname) %(*objectname) [4ms]
[2022-07-05T10:45:58.215Z] > git remote --verbose [2ms]
[2022-07-05T10:45:58.221Z] > git config --get commit.template [2ms]
[2022-07-05T10:47:04.585Z] > git status -z -uall [2ms]
[2022-07-05T10:47:04.590Z] > git symbolic-ref --short HEAD [2ms]
[2022-07-05T10:47:04.594Z] > git for-each-ref --format=%(refname)%00%(upstream:short)%00%(objectname)%00%(upstream:track)%00%(upstream:remotename)%00%(upstream:remoteref) refs/heads/master refs/remotes/master [1ms]
[2022-07-05T10:47:04.602Z] > git for-each-ref --sort -committerdate --format %(refname) %(objectname) %(*objectname) [5ms]
[2022-07-05T10:47:04.603Z] > git remote --verbose [2ms]
[2022-07-05T10:47:04.609Z] > git config --get commit.template [1ms]
[2022-07-05T10:47:06.016Z] > git show --textconv :app.py [6ms]
[2022-07-05T10:47:06.018Z] > git ls-files --stage -- /home/radiagulzan/duo-task/app.py [4ms]
[2022-07-05T10:47:06.022Z] > git cat-file -s 461761c29469d8d9c3365deaa1151ce084c4bfb1 [1ms]
[2022-07-05T10:51:56.430Z] > git show --textconv :Dockerfile [6ms]
[2022-07-05T10:51:56.432Z] > git ls-files --stage -- /home/radiagulzan/duo-task/Dockerfile [3ms]
[2022-07-05T10:51:56.436Z] > git cat-file -s 59183c098286c1abf3bb57bd9f2f454426647482 [1ms]
[2022-07-05T11:17:50.966Z] > git show --textconv :app.py [6ms]
[2022-07-05T11:17:50.968Z] > git ls-files --stage -- /home/radiagulzan/duo-task/app.py [3ms]
[2022-07-05T11:17:50.973Z] > git cat-file -s 461761c29469d8d9c3365deaa1151ce084c4bfb1 [2ms]
[2022-07-05T11:17:56.481Z] > git show --textconv :Dockerfile [5ms]
[2022-07-05T11:17:56.483Z] > git ls-files --stage -- /home/radiagulzan/duo-task/Dockerfile [3ms]
[2022-07-05T11:17:56.487Z] > git cat-file -s 59183c098286c1abf3bb57bd9f2f454426647482 [1ms]
[2022-07-05T11:30:17.122Z] > git status -z -uall [2ms]
[2022-07-05T11:30:17.127Z] > git symbolic-ref --short HEAD [2ms]
[2022-07-05T11:30:17.132Z] > git for-each-ref --format=%(refname)%00%(upstream:short)%00%(objectname)%00%(upstream:track)%00%(upstream:remotename)%00%(upstream:remoteref) refs/heads/master refs/remotes/master [2ms]
[2022-07-05T11:30:17.139Z] > git for-each-ref --sort -committerdate --format %(refname) %(objectname) %(*objectname) [4ms]
[2022-07-05T11:30:17.141Z] > git remote --verbose [2ms]
[2022-07-05T11:30:17.147Z] > git config --get commit.template [2ms]
[2022-07-05T11:42:15.147Z] > git rev-parse --show-toplevel [2ms]
[2022-07-05T11:42:15.147Z] fatal: not a git repository (or any of the parent directories): .git
[2022-07-05T11:44:17.194Z] > git rev-parse --show-toplevel [3ms]
[2022-07-05T11:44:17.196Z] fatal: not a git repository (or any of the parent directories): .git
[2022-07-05T11:44:19.160Z] > git rev-parse --show-toplevel [2ms]
[2022-07-05T11:44:19.160Z] fatal: not a git repository (or any of the parent directories): .git
[2022-07-05T11:44:21.241Z] > git rev-parse --show-toplevel [4ms]
[2022-07-05T11:44:21.241Z] fatal: not a git repository (or any of the parent directories): .git
[2022-07-05T11:44:31.326Z] > git rev-parse --show-toplevel [3ms]
[2022-07-05T11:44:31.326Z] fatal: not a git repository (or any of the parent directories): .git
[2022-07-05T11:44:32.517Z] > git rev-parse --show-toplevel [3ms]
[2022-07-05T11:44:32.517Z] fatal: not a git repository (or any of the parent directories): .git
[2022-07-05T11:46:31.005Z] > git rev-parse --show-toplevel [2ms]
[2022-07-05T11:46:31.005Z] fatal: not a git repository (or any of the parent directories): .git
[2022-07-05T11:51:02.635Z] > git rev-parse --show-toplevel [3ms]
[2022-07-05T11:51:02.635Z] fatal: not a git repository (or any of the parent directories): .git
[2022-07-05T12:05:12.482Z] > git rev-parse --show-toplevel [2ms]
[2022-07-05T12:05:12.482Z] fatal: not a git repository (or any of the parent directories): .git
