[2022-07-06T10:42:49.897Z] Validating found git in: git
[2022-07-06T10:42:49.954Z] Using git 2.25.1 from git
[2022-07-06T10:42:50.018Z] > git rev-parse --show-toplevel [54ms]
[2022-07-06T10:42:50.077Z] > git rev-parse --git-dir --git-common-dir [51ms]
[2022-07-06T10:42:50.088Z] Open repository: /home/radiagulzan/trio-task
[2022-07-06T10:42:50.102Z] > git status -z -uall [5ms]
[2022-07-06T10:42:50.114Z] > git symbolic-ref --short HEAD [7ms]
[2022-07-06T10:42:50.121Z] > git for-each-ref --format=%(refname)%00%(upstream:short)%00%(objectname)%00%(upstream:track)%00%(upstream:remotename)%00%(upstream:remoteref) refs/heads/master refs/remotes/master [2ms]
[2022-07-06T10:42:50.135Z] > git for-each-ref --sort -committerdate --format %(refname) %(objectname) %(*objectname) [10ms]
[2022-07-06T10:42:50.137Z] > git remote --verbose [6ms]
[2022-07-06T10:42:50.164Z] > git config --get commit.template [10ms]
[2022-07-06T10:42:50.530Z] > git show --textconv :flask-app/app.py [7ms]
[2022-07-06T10:42:50.535Z] > git ls-files --stage -- /home/radiagulzan/trio-task/flask-app/app.py [5ms]
[2022-07-06T10:42:50.541Z] > git cat-file -s 72054453c5b75ffb9670ca4b4701fcae3028b48c [2ms]
[2022-07-06T10:42:50.740Z] > git check-ignore -v -z --stdin [2ms]
[2022-07-06T10:42:55.889Z] > git check-ignore -v -z --stdin [2ms]
[2022-07-06T10:42:57.450Z] > git show --textconv :db/Dockerfile [57ms]
[2022-07-06T10:42:57.484Z] > git ls-files --stage -- /home/radiagulzan/trio-task/db/Dockerfile [59ms]
[2022-07-06T10:42:57.525Z] > git cat-file -s 0fdb7d97c8582092a9a03652e6dc969fcc24e18f [28ms]
[2022-07-06T10:45:27.384Z] > git show --textconv :flask-app/Dockerfile [9ms]
[2022-07-06T10:45:27.387Z] > git ls-files --stage -- /home/radiagulzan/trio-task/flask-app/Dockerfile [4ms]
[2022-07-06T10:45:27.394Z] > git cat-file -s fc7807409fa464a82ede94667433c0669d323083 [2ms]
[2022-07-06T10:45:31.581Z] > git show --textconv :db/Dockerfile [8ms]
[2022-07-06T10:45:31.584Z] > git ls-files --stage -- /home/radiagulzan/trio-task/db/Dockerfile [5ms]
[2022-07-06T10:45:31.593Z] > git cat-file -s 0fdb7d97c8582092a9a03652e6dc969fcc24e18f [2ms]
