[2022-07-06T10:29:32.804Z] Validating found git in: git
[2022-07-06T10:29:32.867Z] Using git 2.25.1 from git
[2022-07-06T10:29:32.928Z] > git rev-parse --show-toplevel [50ms]
[2022-07-06T10:29:32.984Z] > git rev-parse --git-dir --git-common-dir [47ms]
[2022-07-06T10:29:32.993Z] Open repository: /home/radiagulzan/trio-task
[2022-07-06T10:29:33.008Z] > git status -z -uall [5ms]
[2022-07-06T10:29:33.023Z] > git symbolic-ref --short HEAD [8ms]
[2022-07-06T10:29:33.056Z] > git for-each-ref --format=%(refname)%00%(upstream:short)%00%(objectname)%00%(upstream:track)%00%(upstream:remotename)%00%(upstream:remoteref) refs/heads/master refs/remotes/master [28ms]
[2022-07-06T10:29:33.081Z] > git for-each-ref --sort -committerdate --format %(refname) %(objectname) %(*objectname) [20ms]
[2022-07-06T10:29:33.095Z] > git remote --verbose [20ms]
[2022-07-06T10:29:33.119Z] > git config --get commit.template [15ms]
[2022-07-06T10:29:33.430Z] > git show --textconv :nginx/nginx.conf [7ms]
[2022-07-06T10:29:33.434Z] > git ls-files --stage -- /home/radiagulzan/trio-task/nginx/nginx.conf [4ms]
[2022-07-06T10:29:33.439Z] > git cat-file -s 326e3d5fe258e623b9014ecb0f070cde2509059f [2ms]
[2022-07-06T10:29:33.601Z] > git check-ignore -v -z --stdin [3ms]
[2022-07-06T10:29:35.828Z] > git show --textconv :db/Dockerfile [58ms]
[2022-07-06T10:29:35.828Z] > git ls-files --stage -- /home/radiagulzan/trio-task/db/Dockerfile [47ms]
[2022-07-06T10:29:35.952Z] > git cat-file -s 0fdb7d97c8582092a9a03652e6dc969fcc24e18f [86ms]
[2022-07-06T10:29:36.066Z] > git check-ignore -v -z --stdin [122ms]
[2022-07-06T10:29:36.220Z] > git show --textconv :nginx/nginx.conf [8ms]
[2022-07-06T10:29:36.225Z] > git ls-files --stage -- /home/radiagulzan/trio-task/nginx/nginx.conf [5ms]
[2022-07-06T10:29:36.248Z] > git cat-file -s 326e3d5fe258e623b9014ecb0f070cde2509059f [4ms]
[2022-07-06T10:29:39.289Z] > git show --textconv :db/CreateTable.sql [8ms]
[2022-07-06T10:29:39.292Z] > git ls-files --stage -- /home/radiagulzan/trio-task/db/CreateTable.sql [4ms]
[2022-07-06T10:29:39.298Z] > git cat-file -s 31c46c4e8a19887b9ec685e350b03a4ac938c52e [2ms]
[2022-07-06T10:29:42.136Z] > git show --textconv :db/Dockerfile [11ms]
[2022-07-06T10:29:42.140Z] > git ls-files --stage -- /home/radiagulzan/trio-task/db/Dockerfile [5ms]
[2022-07-06T10:29:42.146Z] > git cat-file -s 0fdb7d97c8582092a9a03652e6dc969fcc24e18f [1ms]
[2022-07-06T10:29:50.085Z] > git check-ignore -v -z --stdin [3ms]
[2022-07-06T10:29:50.988Z] > git show --textconv :flask-app/app.py [9ms]
[2022-07-06T10:29:50.992Z] > git ls-files --stage -- /home/radiagulzan/trio-task/flask-app/app.py [5ms]
[2022-07-06T10:29:50.999Z] > git cat-file -s 72054453c5b75ffb9670ca4b4701fcae3028b48c [2ms]
[2022-07-06T10:30:14.374Z] > git show --textconv :db/CreateTable.sql [9ms]
[2022-07-06T10:30:14.377Z] > git ls-files --stage -- /home/radiagulzan/trio-task/db/CreateTable.sql [5ms]
[2022-07-06T10:30:14.383Z] > git cat-file -s 31c46c4e8a19887b9ec685e350b03a4ac938c52e [2ms]
[2022-07-06T10:30:54.832Z] > git show --textconv :flask-app/app.py [8ms]
[2022-07-06T10:30:54.836Z] > git ls-files --stage -- /home/radiagulzan/trio-task/flask-app/app.py [5ms]
[2022-07-06T10:30:54.843Z] > git cat-file -s 72054453c5b75ffb9670ca4b4701fcae3028b48c [3ms]
[2022-07-06T10:31:01.637Z] > git show --textconv :db/CreateTable.sql [6ms]
[2022-07-06T10:31:01.639Z] > git ls-files --stage -- /home/radiagulzan/trio-task/db/CreateTable.sql [3ms]
[2022-07-06T10:31:01.646Z] > git cat-file -s 31c46c4e8a19887b9ec685e350b03a4ac938c52e [2ms]
[2022-07-06T10:31:23.089Z] > git show --textconv :db/Dockerfile [6ms]
[2022-07-06T10:31:23.093Z] > git ls-files --stage -- /home/radiagulzan/trio-task/db/Dockerfile [4ms]
[2022-07-06T10:31:23.098Z] > git cat-file -s 0fdb7d97c8582092a9a03652e6dc969fcc24e18f [1ms]
[2022-07-06T10:31:29.724Z] > git show --textconv :flask-app/app.py [6ms]
[2022-07-06T10:31:29.727Z] > git ls-files --stage -- /home/radiagulzan/trio-task/flask-app/app.py [3ms]
[2022-07-06T10:31:29.733Z] > git cat-file -s 72054453c5b75ffb9670ca4b4701fcae3028b48c [2ms]
[2022-07-06T10:31:47.774Z] > git show --textconv :db/CreateTable.sql [9ms]
[2022-07-06T10:31:47.778Z] > git ls-files --stage -- /home/radiagulzan/trio-task/db/CreateTable.sql [5ms]
[2022-07-06T10:31:47.786Z] > git cat-file -s 31c46c4e8a19887b9ec685e350b03a4ac938c52e [2ms]
[2022-07-06T10:34:08.272Z] > git show --textconv :flask-app/app.py [7ms]
[2022-07-06T10:34:08.275Z] > git ls-files --stage -- /home/radiagulzan/trio-task/flask-app/app.py [3ms]
[2022-07-06T10:34:08.281Z] > git cat-file -s 72054453c5b75ffb9670ca4b4701fcae3028b48c [2ms]
