[2022-07-06T15:16:35.732Z] Validating found git in: git
[2022-07-06T15:16:35.918Z] Using git 2.25.1 from git
[2022-07-06T15:16:36.022Z] > git rev-parse --show-toplevel [89ms]
[2022-07-06T15:16:36.098Z] > git rev-parse --git-dir --git-common-dir [40ms]
[2022-07-06T15:16:36.183Z] Open repository: /home/radiagulzan
[2022-07-06T15:16:36.408Z] > git status -z -uall [182ms]
[2022-07-06T15:16:36.462Z] > git symbolic-ref --short HEAD [30ms]
[2022-07-06T15:16:36.629Z] > git for-each-ref --format=%(refname)%00%(upstream:short)%00%(objectname)%00%(upstream:track)%00%(upstream:remotename)%00%(upstream:remoteref) refs/heads/main refs/remotes/main [160ms]
[2022-07-06T15:16:36.644Z] > git for-each-ref --sort -committerdate --format %(refname) %(objectname) %(*objectname) [9ms]
[2022-07-06T15:16:36.651Z] > git remote --verbose [10ms]
[2022-07-06T15:16:36.669Z] > git config --get commit.template [8ms]
[2022-07-06T15:16:36.884Z] > git show --textconv :docker_compose_learning/dbRelationshipPractice/Dockerfile [47ms]
[2022-07-06T15:16:36.886Z] > git ls-files --stage -- /home/radiagulzan/docker_compose_learning/dbRelationshipPractice/Dockerfile [37ms]
[2022-07-06T15:16:36.980Z] > git check-ignore -v -z --stdin [15ms]
[2022-07-06T15:16:39.382Z] > git status -z -uall [44ms]
[2022-07-06T15:16:39.391Z] > git symbolic-ref --short HEAD [3ms]
[2022-07-06T15:16:39.398Z] > git for-each-ref --format=%(refname)%00%(upstream:short)%00%(objectname)%00%(upstream:track)%00%(upstream:remotename)%00%(upstream:remoteref) refs/heads/main refs/remotes/main [2ms]
[2022-07-06T15:16:39.408Z] > git for-each-ref --sort -committerdate --format %(refname) %(objectname) %(*objectname) [6ms]
[2022-07-06T15:16:39.410Z] > git remote --verbose [3ms]
[2022-07-06T15:16:39.421Z] > git config --get commit.template [2ms]
[2022-07-06T15:17:41.604Z] > git status -z -uall [46ms]
[2022-07-06T15:17:41.612Z] > git symbolic-ref --short HEAD [2ms]
[2022-07-06T15:17:41.620Z] > git for-each-ref --format=%(refname)%00%(upstream:short)%00%(objectname)%00%(upstream:track)%00%(upstream:remotename)%00%(upstream:remoteref) refs/heads/main refs/remotes/main [2ms]
[2022-07-06T15:17:41.632Z] > git for-each-ref --sort -committerdate --format %(refname) %(objectname) %(*objectname) [7ms]
[2022-07-06T15:17:41.635Z] > git remote --verbose [5ms]
[2022-07-06T15:17:41.647Z] > git config --get commit.template [2ms]
[2022-07-06T15:17:46.700Z] > git status -z -uall [45ms]
[2022-07-06T15:17:46.710Z] > git symbolic-ref --short HEAD [3ms]
[2022-07-06T15:17:46.717Z] > git for-each-ref --format=%(refname)%00%(upstream:short)%00%(objectname)%00%(upstream:track)%00%(upstream:remotename)%00%(upstream:remoteref) refs/heads/main refs/remotes/main [2ms]
[2022-07-06T15:17:46.729Z] > git for-each-ref --sort -committerdate --format %(refname) %(objectname) %(*objectname) [7ms]
[2022-07-06T15:17:46.731Z] > git remote --verbose [3ms]
[2022-07-06T15:17:46.744Z] > git config --get commit.template [4ms]
[2022-07-06T15:20:57.800Z] > git status -z -uall [44ms]
[2022-07-06T15:20:57.808Z] > git symbolic-ref --short HEAD [2ms]
[2022-07-06T15:20:57.815Z] > git for-each-ref --format=%(refname)%00%(upstream:short)%00%(objectname)%00%(upstream:track)%00%(upstream:remotename)%00%(upstream:remoteref) refs/heads/main refs/remotes/main [3ms]
[2022-07-06T15:20:57.826Z] > git for-each-ref --sort -committerdate --format %(refname) %(objectname) %(*objectname) [7ms]
[2022-07-06T15:20:57.828Z] > git remote --verbose [3ms]
[2022-07-06T15:20:57.839Z] > git config --get commit.template [3ms]
[2022-07-06T15:21:02.890Z] > git status -z -uall [44ms]
[2022-07-06T15:21:02.899Z] > git symbolic-ref --short HEAD [3ms]
[2022-07-06T15:21:02.906Z] > git for-each-ref --format=%(refname)%00%(upstream:short)%00%(objectname)%00%(upstream:track)%00%(upstream:remotename)%00%(upstream:remoteref) refs/heads/main refs/remotes/main [2ms]
[2022-07-06T15:21:02.917Z] > git for-each-ref --sort -committerdate --format %(refname) %(objectname) %(*objectname) [7ms]
[2022-07-06T15:21:02.919Z] > git remote --verbose [3ms]
[2022-07-06T15:21:02.932Z] > git config --get commit.template [5ms]
[2022-07-06T15:21:07.982Z] > git status -z -uall [42ms]
[2022-07-06T15:21:07.990Z] > git symbolic-ref --short HEAD [2ms]
[2022-07-06T15:21:07.997Z] > git for-each-ref --format=%(refname)%00%(upstream:short)%00%(objectname)%00%(upstream:track)%00%(upstream:remotename)%00%(upstream:remoteref) refs/heads/main refs/remotes/main [2ms]
[2022-07-06T15:21:08.008Z] > git for-each-ref --sort -committerdate --format %(refname) %(objectname) %(*objectname) [7ms]
[2022-07-06T15:21:08.010Z] > git remote --verbose [3ms]
[2022-07-06T15:21:08.020Z] > git config --get commit.template [2ms]
[2022-07-06T15:21:12.404Z] > git show --textconv :docker_compose_learning/docker-compose.yml [20ms]
[2022-07-06T15:21:12.413Z] > git ls-files --stage -- /home/radiagulzan/docker_compose_learning/docker-compose.yml [15ms]
[2022-07-06T15:21:12.420Z] > git cat-file -s a98bf2bcc774719314048eef9be649e4cd281dac [2ms]
[2022-07-06T15:21:13.070Z] > git status -z -uall [43ms]
[2022-07-06T15:21:13.079Z] > git symbolic-ref --short HEAD [3ms]
[2022-07-06T15:21:13.086Z] > git for-each-ref --format=%(refname)%00%(upstream:short)%00%(objectname)%00%(upstream:track)%00%(upstream:remotename)%00%(upstream:remoteref) refs/heads/main refs/remotes/main [2ms]
[2022-07-06T15:21:13.096Z] > git for-each-ref --sort -committerdate --format %(refname) %(objectname) %(*objectname) [6ms]
[2022-07-06T15:21:13.098Z] > git remote --verbose [3ms]
[2022-07-06T15:21:13.107Z] > git config --get commit.template [2ms]
[2022-07-06T15:21:18.157Z] > git status -z -uall [42ms]
[2022-07-06T15:21:18.166Z] > git symbolic-ref --short HEAD [3ms]
[2022-07-06T15:21:18.173Z] > git for-each-ref --format=%(refname)%00%(upstream:short)%00%(objectname)%00%(upstream:track)%00%(upstream:remotename)%00%(upstream:remoteref) refs/heads/main refs/remotes/main [2ms]
[2022-07-06T15:21:18.184Z] > git for-each-ref --sort -committerdate --format %(refname) %(objectname) %(*objectname) [7ms]
[2022-07-06T15:21:18.185Z] > git remote --verbose [3ms]
[2022-07-06T15:21:18.196Z] > git config --get commit.template [2ms]
[2022-07-06T15:21:23.244Z] > git status -z -uall [40ms]
[2022-07-06T15:21:23.252Z] > git symbolic-ref --short HEAD [2ms]
[2022-07-06T15:21:23.262Z] > git for-each-ref --format=%(refname)%00%(upstream:short)%00%(objectname)%00%(upstream:track)%00%(upstream:remotename)%00%(upstream:remoteref) refs/heads/main refs/remotes/main [3ms]
[2022-07-06T15:21:23.271Z] > git for-each-ref --sort -committerdate --format %(refname) %(objectname) %(*objectname) [6ms]
[2022-07-06T15:21:23.273Z] > git remote --verbose [3ms]
[2022-07-06T15:21:23.282Z] > git config --get commit.template [1ms]
[2022-07-06T15:21:28.336Z] > git status -z -uall [45ms]
[2022-07-06T15:21:28.346Z] > git symbolic-ref --short HEAD [4ms]
[2022-07-06T15:21:28.354Z] > git for-each-ref --format=%(refname)%00%(upstream:short)%00%(objectname)%00%(upstream:track)%00%(upstream:remotename)%00%(upstream:remoteref) refs/heads/main refs/remotes/main [3ms]
[2022-07-06T15:21:28.364Z] > git for-each-ref --sort -committerdate --format %(refname) %(objectname) %(*objectname) [6ms]
[2022-07-06T15:21:28.366Z] > git remote --verbose [3ms]
[2022-07-06T15:21:28.378Z] > git config --get commit.template [2ms]
[2022-07-06T15:21:33.427Z] > git status -z -uall [42ms]
[2022-07-06T15:21:33.435Z] > git symbolic-ref --short HEAD [2ms]
[2022-07-06T15:21:33.442Z] > git for-each-ref --format=%(refname)%00%(upstream:short)%00%(objectname)%00%(upstream:track)%00%(upstream:remotename)%00%(upstream:remoteref) refs/heads/main refs/remotes/main [2ms]
[2022-07-06T15:21:33.455Z] > git for-each-ref --sort -committerdate --format %(refname) %(objectname) %(*objectname) [8ms]
[2022-07-06T15:21:33.457Z] > git remote --verbose [3ms]
[2022-07-06T15:21:33.471Z] > git config --get commit.template [3ms]
[2022-07-06T15:21:38.525Z] > git status -z -uall [46ms]
[2022-07-06T15:21:38.533Z] > git symbolic-ref --short HEAD [2ms]
[2022-07-06T15:21:38.541Z] > git for-each-ref --format=%(refname)%00%(upstream:short)%00%(objectname)%00%(upstream:track)%00%(upstream:remotename)%00%(upstream:remoteref) refs/heads/main refs/remotes/main [2ms]
[2022-07-06T15:21:38.551Z] > git for-each-ref --sort -committerdate --format %(refname) %(objectname) %(*objectname) [6ms]
[2022-07-06T15:21:38.554Z] > git remote --verbose [3ms]
[2022-07-06T15:21:38.563Z] > git config --get commit.template [2ms]
[2022-07-06T15:21:43.614Z] > git status -z -uall [43ms]
[2022-07-06T15:21:43.623Z] > git symbolic-ref --short HEAD [3ms]
[2022-07-06T15:21:43.630Z] > git for-each-ref --format=%(refname)%00%(upstream:short)%00%(objectname)%00%(upstream:track)%00%(upstream:remotename)%00%(upstream:remoteref) refs/heads/main refs/remotes/main [2ms]
[2022-07-06T15:21:43.641Z] > git for-each-ref --sort -committerdate --format %(refname) %(objectname) %(*objectname) [6ms]
[2022-07-06T15:21:43.643Z] > git remote --verbose [2ms]
[2022-07-06T15:21:43.654Z] > git config --get commit.template [2ms]
[2022-07-06T15:21:48.703Z] > git status -z -uall [40ms]
[2022-07-06T15:21:48.712Z] > git symbolic-ref --short HEAD [2ms]
[2022-07-06T15:21:48.719Z] > git for-each-ref --format=%(refname)%00%(upstream:short)%00%(objectname)%00%(upstream:track)%00%(upstream:remotename)%00%(upstream:remoteref) refs/heads/main refs/remotes/main [2ms]
[2022-07-06T15:21:48.730Z] > git for-each-ref --sort -committerdate --format %(refname) %(objectname) %(*objectname) [7ms]
[2022-07-06T15:21:48.732Z] > git remote --verbose [3ms]
[2022-07-06T15:21:48.740Z] > git config --get commit.template [2ms]
[2022-07-06T15:21:51.541Z] > git show --textconv :docker_compose_learning/nginx/nginx.conf [19ms]
[2022-07-06T15:21:51.545Z] > git ls-files --stage -- /home/radiagulzan/docker_compose_learning/nginx/nginx.conf [4ms]
[2022-07-06T15:21:51.568Z] > git cat-file -s 99838f3e0e75c8a05497c0423aa9ea09b6ef214b [8ms]
[2022-07-06T15:21:54.517Z] > git status -z -uall [43ms]
[2022-07-06T15:21:54.526Z] > git symbolic-ref --short HEAD [3ms]
[2022-07-06T15:21:54.533Z] > git for-each-ref --format=%(refname)%00%(upstream:short)%00%(objectname)%00%(upstream:track)%00%(upstream:remotename)%00%(upstream:remoteref) refs/heads/main refs/remotes/main [2ms]
[2022-07-06T15:21:54.564Z] > git for-each-ref --sort -committerdate --format %(refname) %(objectname) %(*objectname) [25ms]
[2022-07-06T15:21:54.568Z] > git remote --verbose [6ms]
[2022-07-06T15:21:54.578Z] > git config --get commit.template [2ms]
[2022-07-06T15:21:59.630Z] > git status -z -uall [45ms]
[2022-07-06T15:21:59.639Z] > git symbolic-ref --short HEAD [3ms]
[2022-07-06T15:21:59.645Z] > git for-each-ref --format=%(refname)%00%(upstream:short)%00%(objectname)%00%(upstream:track)%00%(upstream:remotename)%00%(upstream:remoteref) refs/heads/main refs/remotes/main [2ms]
[2022-07-06T15:21:59.656Z] > git for-each-ref --sort -committerdate --format %(refname) %(objectname) %(*objectname) [7ms]
[2022-07-06T15:21:59.658Z] > git remote --verbose [3ms]
[2022-07-06T15:21:59.666Z] > git config --get commit.template [2ms]
[2022-07-06T15:22:04.717Z] > git status -z -uall [44ms]
[2022-07-06T15:22:04.726Z] > git symbolic-ref --short HEAD [3ms]
[2022-07-06T15:22:04.732Z] > git for-each-ref --format=%(refname)%00%(upstream:short)%00%(objectname)%00%(upstream:track)%00%(upstream:remotename)%00%(upstream:remoteref) refs/heads/main refs/remotes/main [2ms]
[2022-07-06T15:22:04.742Z] > git for-each-ref --sort -committerdate --format %(refname) %(objectname) %(*objectname) [5ms]
[2022-07-06T15:22:04.743Z] > git remote --verbose [2ms]
[2022-07-06T15:22:04.752Z] > git config --get commit.template [2ms]
[2022-07-06T15:24:18.882Z] > git status -z -uall [45ms]
[2022-07-06T15:24:18.893Z] > git symbolic-ref --short HEAD [3ms]
[2022-07-06T15:24:18.904Z] > git for-each-ref --format=%(refname)%00%(upstream:short)%00%(objectname)%00%(upstream:track)%00%(upstream:remotename)%00%(upstream:remoteref) refs/heads/main refs/remotes/main [5ms]
[2022-07-06T15:24:18.915Z] > git for-each-ref --sort -committerdate --format %(refname) %(objectname) %(*objectname) [6ms]
[2022-07-06T15:24:18.918Z] > git remote --verbose [4ms]
[2022-07-06T15:24:18.927Z] > git config --get commit.template [2ms]
[2022-07-06T15:24:19.725Z] > git show --textconv :docker_compose_learning/dbRelationshipPractice/app.py [12ms]
[2022-07-06T15:24:19.731Z] > git ls-files --stage -- /home/radiagulzan/docker_compose_learning/dbRelationshipPractice/app.py [6ms]
[2022-07-06T15:24:23.981Z] > git status -z -uall [46ms]
[2022-07-06T15:24:23.989Z] > git symbolic-ref --short HEAD [2ms]
[2022-07-06T15:24:23.995Z] > git for-each-ref --format=%(refname)%00%(upstream:short)%00%(objectname)%00%(upstream:track)%00%(upstream:remotename)%00%(upstream:remoteref) refs/heads/main refs/remotes/main [2ms]
[2022-07-06T15:24:24.008Z] > git for-each-ref --sort -committerdate --format %(refname) %(objectname) %(*objectname) [9ms]
[2022-07-06T15:24:24.010Z] > git remote --verbose [2ms]
[2022-07-06T15:24:24.018Z] > git config --get commit.template [2ms]
[2022-07-06T15:24:29.069Z] > git status -z -uall [44ms]
[2022-07-06T15:24:29.078Z] > git symbolic-ref --short HEAD [3ms]
[2022-07-06T15:24:29.085Z] > git for-each-ref --format=%(refname)%00%(upstream:short)%00%(objectname)%00%(upstream:track)%00%(upstream:remotename)%00%(upstream:remoteref) refs/heads/main refs/remotes/main [3ms]
[2022-07-06T15:24:29.095Z] > git for-each-ref --sort -committerdate --format %(refname) %(objectname) %(*objectname) [6ms]
[2022-07-06T15:24:29.097Z] > git remote --verbose [3ms]
[2022-07-06T15:24:29.105Z] > git config --get commit.template [2ms]
[2022-07-06T15:24:34.160Z] > git status -z -uall [45ms]
[2022-07-06T15:24:34.168Z] > git symbolic-ref --short HEAD [2ms]
[2022-07-06T15:24:34.176Z] > git for-each-ref --format=%(refname)%00%(upstream:short)%00%(objectname)%00%(upstream:track)%00%(upstream:remotename)%00%(upstream:remoteref) refs/heads/main refs/remotes/main [2ms]
[2022-07-06T15:24:34.188Z] > git for-each-ref --sort -committerdate --format %(refname) %(objectname) %(*objectname) [7ms]
[2022-07-06T15:24:34.190Z] > git remote --verbose [3ms]
[2022-07-06T15:24:34.200Z] > git config --get commit.template [2ms]
[2022-07-06T15:24:39.249Z] > git status -z -uall [41ms]
[2022-07-06T15:24:39.258Z] > git symbolic-ref --short HEAD [3ms]
[2022-07-06T15:24:39.263Z] > git for-each-ref --format=%(refname)%00%(upstream:short)%00%(objectname)%00%(upstream:track)%00%(upstream:remotename)%00%(upstream:remoteref) refs/heads/main refs/remotes/main [2ms]
[2022-07-06T15:24:39.273Z] > git for-each-ref --sort -committerdate --format %(refname) %(objectname) %(*objectname) [5ms]
[2022-07-06T15:24:39.275Z] > git remote --verbose [2ms]
[2022-07-06T15:24:39.283Z] > git config --get commit.template [2ms]
[2022-07-06T15:24:44.333Z] > git status -z -uall [43ms]
[2022-07-06T15:24:44.341Z] > git symbolic-ref --short HEAD [2ms]
[2022-07-06T15:24:44.348Z] > git for-each-ref --format=%(refname)%00%(upstream:short)%00%(objectname)%00%(upstream:track)%00%(upstream:remotename)%00%(upstream:remoteref) refs/heads/main refs/remotes/main [2ms]
[2022-07-06T15:24:44.358Z] > git for-each-ref --sort -committerdate --format %(refname) %(objectname) %(*objectname) [6ms]
[2022-07-06T15:24:44.360Z] > git remote --verbose [3ms]
[2022-07-06T15:24:44.367Z] > git config --get commit.template [2ms]
[2022-07-06T15:24:49.416Z] > git status -z -uall [40ms]
[2022-07-06T15:24:49.423Z] > git symbolic-ref --short HEAD [2ms]
[2022-07-06T15:24:49.429Z] > git for-each-ref --format=%(refname)%00%(upstream:short)%00%(objectname)%00%(upstream:track)%00%(upstream:remotename)%00%(upstream:remoteref) refs/heads/main refs/remotes/main [1ms]
[2022-07-06T15:24:49.437Z] > git for-each-ref --sort -committerdate --format %(refname) %(objectname) %(*objectname) [5ms]
[2022-07-06T15:24:49.440Z] > git remote --verbose [3ms]
[2022-07-06T15:24:49.448Z] > git config --get commit.template [1ms]
[2022-07-06T15:24:54.494Z] > git status -z -uall [38ms]
[2022-07-06T15:24:54.502Z] > git symbolic-ref --short HEAD [2ms]
[2022-07-06T15:24:54.511Z] > git for-each-ref --format=%(refname)%00%(upstream:short)%00%(objectname)%00%(upstream:track)%00%(upstream:remotename)%00%(upstream:remoteref) refs/heads/main refs/remotes/main [3ms]
[2022-07-06T15:24:54.521Z] > git for-each-ref --sort -committerdate --format %(refname) %(objectname) %(*objectname) [6ms]
[2022-07-06T15:24:54.523Z] > git remote --verbose [3ms]
[2022-07-06T15:24:54.530Z] > git config --get commit.template [2ms]
[2022-07-06T15:24:55.628Z] > git show --textconv :docker_compose_learning/dbRelationshipPractice/Jenkinsfile [12ms]
[2022-07-06T15:24:55.639Z] > git ls-files --stage -- /home/radiagulzan/docker_compose_learning/dbRelationshipPractice/Jenkinsfile [11ms]
[2022-07-06T15:24:58.496Z] > git show --textconv :docker_compose_learning/dbRelationshipPractice/app.py [6ms]
[2022-07-06T15:24:58.500Z] > git ls-files --stage -- /home/radiagulzan/docker_compose_learning/dbRelationshipPractice/app.py [5ms]
[2022-07-06T15:24:59.578Z] > git status -z -uall [41ms]
[2022-07-06T15:24:59.588Z] > git symbolic-ref --short HEAD [4ms]
[2022-07-06T15:24:59.595Z] > git for-each-ref --format=%(refname)%00%(upstream:short)%00%(objectname)%00%(upstream:track)%00%(upstream:remotename)%00%(upstream:remoteref) refs/heads/main refs/remotes/main [2ms]
[2022-07-06T15:24:59.608Z] > git for-each-ref --sort -committerdate --format %(refname) %(objectname) %(*objectname) [8ms]
[2022-07-06T15:24:59.610Z] > git remote --verbose [5ms]
[2022-07-06T15:24:59.619Z] > git config --get commit.template [2ms]
[2022-07-06T15:25:04.483Z] > git show --textconv :docker_compose_learning/dbRelationshipPractice/Dockerfile [8ms]
[2022-07-06T15:25:04.488Z] > git ls-files --stage -- /home/radiagulzan/docker_compose_learning/dbRelationshipPractice/Dockerfile [6ms]
[2022-07-06T15:25:04.668Z] > git status -z -uall [42ms]
[2022-07-06T15:25:04.677Z] > git symbolic-ref --short HEAD [3ms]
[2022-07-06T15:25:04.684Z] > git for-each-ref --format=%(refname)%00%(upstream:short)%00%(objectname)%00%(upstream:track)%00%(upstream:remotename)%00%(upstream:remoteref) refs/heads/main refs/remotes/main [2ms]
[2022-07-06T15:25:04.694Z] > git for-each-ref --sort -committerdate --format %(refname) %(objectname) %(*objectname) [5ms]
[2022-07-06T15:25:04.696Z] > git remote --verbose [2ms]
[2022-07-06T15:25:04.706Z] > git config --get commit.template [2ms]
[2022-07-06T15:25:09.755Z] > git status -z -uall [43ms]
[2022-07-06T15:25:09.764Z] > git symbolic-ref --short HEAD [2ms]
[2022-07-06T15:25:09.774Z] > git for-each-ref --format=%(refname)%00%(upstream:short)%00%(objectname)%00%(upstream:track)%00%(upstream:remotename)%00%(upstream:remoteref) refs/heads/main refs/remotes/main [5ms]
[2022-07-06T15:25:09.785Z] > git for-each-ref --sort -committerdate --format %(refname) %(objectname) %(*objectname) [6ms]
[2022-07-06T15:25:09.787Z] > git remote --verbose [3ms]
[2022-07-06T15:25:09.798Z] > git config --get commit.template [2ms]
[2022-07-06T15:25:14.863Z] > git status -z -uall [51ms]
[2022-07-06T15:25:14.871Z] > git symbolic-ref --short HEAD [2ms]
[2022-07-06T15:25:14.878Z] > git for-each-ref --format=%(refname)%00%(upstream:short)%00%(objectname)%00%(upstream:track)%00%(upstream:remotename)%00%(upstream:remoteref) refs/heads/main refs/remotes/main [2ms]
[2022-07-06T15:25:14.890Z] > git for-each-ref --sort -committerdate --format %(refname) %(objectname) %(*objectname) [8ms]
[2022-07-06T15:25:14.892Z] > git remote --verbose [2ms]
[2022-07-06T15:25:14.902Z] > git config --get commit.template [2ms]
[2022-07-06T15:25:19.957Z] > git status -z -uall [48ms]
[2022-07-06T15:25:19.966Z] > git symbolic-ref --short HEAD [3ms]
[2022-07-06T15:25:19.978Z] > git for-each-ref --format=%(refname)%00%(upstream:short)%00%(objectname)%00%(upstream:track)%00%(upstream:remotename)%00%(upstream:remoteref) refs/heads/main refs/remotes/main [2ms]
[2022-07-06T15:25:19.996Z] > git for-each-ref --sort -committerdate --format %(refname) %(objectname) %(*objectname) [13ms]
[2022-07-06T15:25:19.998Z] > git remote --verbose [5ms]
[2022-07-06T15:25:20.011Z] > git config --get commit.template [2ms]
[2022-07-06T15:25:25.066Z] > git status -z -uall [44ms]
[2022-07-06T15:25:25.075Z] > git symbolic-ref --short HEAD [3ms]
[2022-07-06T15:25:25.082Z] > git for-each-ref --format=%(refname)%00%(upstream:short)%00%(objectname)%00%(upstream:track)%00%(upstream:remotename)%00%(upstream:remoteref) refs/heads/main refs/remotes/main [2ms]
[2022-07-06T15:25:25.093Z] > git for-each-ref --sort -committerdate --format %(refname) %(objectname) %(*objectname) [8ms]
[2022-07-06T15:25:25.094Z] > git remote --verbose [3ms]
[2022-07-06T15:25:25.105Z] > git config --get commit.template [1ms]
[2022-07-06T15:25:30.153Z] > git status -z -uall [41ms]
[2022-07-06T15:25:30.161Z] > git symbolic-ref --short HEAD [2ms]
[2022-07-06T15:25:30.167Z] > git for-each-ref --format=%(refname)%00%(upstream:short)%00%(objectname)%00%(upstream:track)%00%(upstream:remotename)%00%(upstream:remoteref) refs/heads/main refs/remotes/main [2ms]
[2022-07-06T15:25:30.177Z] > git for-each-ref --sort -committerdate --format %(refname) %(objectname) %(*objectname) [6ms]
[2022-07-06T15:25:30.179Z] > git remote --verbose [3ms]
[2022-07-06T15:25:30.189Z] > git config --get commit.template [4ms]
[2022-07-06T15:25:35.240Z] > git status -z -uall [44ms]
[2022-07-06T15:25:35.248Z] > git symbolic-ref --short HEAD [3ms]
[2022-07-06T15:25:35.254Z] > git for-each-ref --format=%(refname)%00%(upstream:short)%00%(objectname)%00%(upstream:track)%00%(upstream:remotename)%00%(upstream:remoteref) refs/heads/main refs/remotes/main [2ms]
[2022-07-06T15:25:35.264Z] > git for-each-ref --sort -committerdate --format %(refname) %(objectname) %(*objectname) [6ms]
[2022-07-06T15:25:35.266Z] > git remote --verbose [3ms]
[2022-07-06T15:25:35.276Z] > git config --get commit.template [2ms]
[2022-07-06T15:25:40.326Z] > git status -z -uall [41ms]
[2022-07-06T15:25:40.351Z] > git symbolic-ref --short HEAD [3ms]
[2022-07-06T15:25:40.359Z] > git for-each-ref --format=%(refname)%00%(upstream:short)%00%(objectname)%00%(upstream:track)%00%(upstream:remotename)%00%(upstream:remoteref) refs/heads/main refs/remotes/main [2ms]
[2022-07-06T15:25:40.372Z] > git for-each-ref --sort -committerdate --format %(refname) %(objectname) %(*objectname) [8ms]
[2022-07-06T15:25:40.374Z] > git remote --verbose [5ms]
[2022-07-06T15:25:40.384Z] > git config --get commit.template [2ms]
[2022-07-06T15:25:45.437Z] > git status -z -uall [45ms]
[2022-07-06T15:25:45.446Z] > git symbolic-ref --short HEAD [3ms]
[2022-07-06T15:25:45.453Z] > git for-each-ref --format=%(refname)%00%(upstream:short)%00%(objectname)%00%(upstream:track)%00%(upstream:remotename)%00%(upstream:remoteref) refs/heads/main refs/remotes/main [3ms]
[2022-07-06T15:25:45.466Z] > git for-each-ref --sort -committerdate --format %(refname) %(objectname) %(*objectname) [8ms]
[2022-07-06T15:25:45.469Z] > git remote --verbose [3ms]
[2022-07-06T15:25:45.486Z] > git config --get commit.template [2ms]
[2022-07-06T15:25:50.537Z] > git status -z -uall [42ms]
[2022-07-06T15:25:50.545Z] > git symbolic-ref --short HEAD [3ms]
[2022-07-06T15:25:50.551Z] > git for-each-ref --format=%(refname)%00%(upstream:short)%00%(objectname)%00%(upstream:track)%00%(upstream:remotename)%00%(upstream:remoteref) refs/heads/main refs/remotes/main [2ms]
[2022-07-06T15:25:50.564Z] > git for-each-ref --sort -committerdate --format %(refname) %(objectname) %(*objectname) [7ms]
[2022-07-06T15:25:50.566Z] > git remote --verbose [4ms]
[2022-07-06T15:25:50.576Z] > git config --get commit.template [3ms]
[2022-07-06T15:25:55.629Z] > git status -z -uall [46ms]
[2022-07-06T15:25:55.638Z] > git symbolic-ref --short HEAD [2ms]
[2022-07-06T15:25:55.645Z] > git for-each-ref --format=%(refname)%00%(upstream:short)%00%(objectname)%00%(upstream:track)%00%(upstream:remotename)%00%(upstream:remoteref) refs/heads/main refs/remotes/main [3ms]
[2022-07-06T15:25:55.657Z] > git for-each-ref --sort -committerdate --format %(refname) %(objectname) %(*objectname) [8ms]
[2022-07-06T15:25:55.659Z] > git remote --verbose [3ms]
[2022-07-06T15:25:55.670Z] > git config --get commit.template [3ms]
[2022-07-06T15:26:00.725Z] > git status -z -uall [49ms]
[2022-07-06T15:26:00.733Z] > git symbolic-ref --short HEAD [2ms]
[2022-07-06T15:26:00.740Z] > git for-each-ref --format=%(refname)%00%(upstream:short)%00%(objectname)%00%(upstream:track)%00%(upstream:remotename)%00%(upstream:remoteref) refs/heads/main refs/remotes/main [2ms]
[2022-07-06T15:26:00.750Z] > git for-each-ref --sort -committerdate --format %(refname) %(objectname) %(*objectname) [6ms]
[2022-07-06T15:26:00.752Z] > git remote --verbose [2ms]
[2022-07-06T15:26:00.772Z] > git config --get commit.template [2ms]
[2022-07-06T15:26:05.820Z] > git status -z -uall [41ms]
[2022-07-06T15:26:05.829Z] > git symbolic-ref --short HEAD [3ms]
[2022-07-06T15:26:05.836Z] > git for-each-ref --format=%(refname)%00%(upstream:short)%00%(objectname)%00%(upstream:track)%00%(upstream:remotename)%00%(upstream:remoteref) refs/heads/main refs/remotes/main [2ms]
[2022-07-06T15:26:05.848Z] > git for-each-ref --sort -committerdate --format %(refname) %(objectname) %(*objectname) [7ms]
[2022-07-06T15:26:05.849Z] > git remote --verbose [2ms]
[2022-07-06T15:26:05.858Z] > git config --get commit.template [2ms]
[2022-07-06T15:26:10.908Z] > git status -z -uall [42ms]
[2022-07-06T15:26:10.917Z] > git symbolic-ref --short HEAD [3ms]
[2022-07-06T15:26:10.924Z] > git for-each-ref --format=%(refname)%00%(upstream:short)%00%(objectname)%00%(upstream:track)%00%(upstream:remotename)%00%(upstream:remoteref) refs/heads/main refs/remotes/main [2ms]
[2022-07-06T15:26:10.935Z] > git for-each-ref --sort -committerdate --format %(refname) %(objectname) %(*objectname) [7ms]
[2022-07-06T15:26:10.936Z] > git remote --verbose [3ms]
[2022-07-06T15:26:10.949Z] > git config --get commit.template [2ms]
[2022-07-06T15:26:13.400Z] > git show --textconv :docker_compose_learning/docker-compose.yml [9ms]
[2022-07-06T15:26:13.404Z] > git ls-files --stage -- /home/radiagulzan/docker_compose_learning/docker-compose.yml [5ms]
[2022-07-06T15:26:13.412Z] > git cat-file -s a98bf2bcc774719314048eef9be649e4cd281dac [2ms]
[2022-07-06T15:26:16.002Z] > git status -z -uall [44ms]
[2022-07-06T15:26:16.010Z] > git symbolic-ref --short HEAD [2ms]
[2022-07-06T15:26:16.018Z] > git for-each-ref --format=%(refname)%00%(upstream:short)%00%(objectname)%00%(upstream:track)%00%(upstream:remotename)%00%(upstream:remoteref) refs/heads/main refs/remotes/main [2ms]
[2022-07-06T15:26:16.032Z] > git for-each-ref --sort -committerdate --format %(refname) %(objectname) %(*objectname) [7ms]
[2022-07-06T15:26:16.034Z] > git remote --verbose [3ms]
[2022-07-06T15:26:16.045Z] > git config --get commit.template [2ms]
[2022-07-06T15:26:21.099Z] > git status -z -uall [46ms]
[2022-07-06T15:26:21.108Z] > git symbolic-ref --short HEAD [2ms]
[2022-07-06T15:26:21.115Z] > git for-each-ref --format=%(refname)%00%(upstream:short)%00%(objectname)%00%(upstream:track)%00%(upstream:remotename)%00%(upstream:remoteref) refs/heads/main refs/remotes/main [2ms]
[2022-07-06T15:26:21.126Z] > git for-each-ref --sort -committerdate --format %(refname) %(objectname) %(*objectname) [6ms]
[2022-07-06T15:26:21.129Z] > git remote --verbose [3ms]
[2022-07-06T15:26:21.139Z] > git config --get commit.template [2ms]
[2022-07-06T15:26:26.192Z] > git status -z -uall [45ms]
[2022-07-06T15:26:26.201Z] > git symbolic-ref --short HEAD [2ms]
[2022-07-06T15:26:26.207Z] > git for-each-ref --format=%(refname)%00%(upstream:short)%00%(objectname)%00%(upstream:track)%00%(upstream:remotename)%00%(upstream:remoteref) refs/heads/main refs/remotes/main [2ms]
[2022-07-06T15:26:26.221Z] > git for-each-ref --sort -committerdate --format %(refname) %(objectname) %(*objectname) [8ms]
[2022-07-06T15:26:26.223Z] > git remote --verbose [3ms]
[2022-07-06T15:26:26.232Z] > git config --get commit.template [2ms]
[2022-07-06T15:26:31.282Z] > git status -z -uall [43ms]
[2022-07-06T15:26:31.294Z] > git symbolic-ref --short HEAD [4ms]
[2022-07-06T15:26:31.301Z] > git for-each-ref --format=%(refname)%00%(upstream:short)%00%(objectname)%00%(upstream:track)%00%(upstream:remotename)%00%(upstream:remoteref) refs/heads/main refs/remotes/main [2ms]
[2022-07-06T15:26:31.312Z] > git for-each-ref --sort -committerdate --format %(refname) %(objectname) %(*objectname) [6ms]
[2022-07-06T15:26:31.314Z] > git remote --verbose [3ms]
[2022-07-06T15:26:31.322Z] > git config --get commit.template [2ms]
[2022-07-06T15:26:36.377Z] > git status -z -uall [45ms]
[2022-07-06T15:26:36.386Z] > git symbolic-ref --short HEAD [3ms]
[2022-07-06T15:26:36.393Z] > git for-each-ref --format=%(refname)%00%(upstream:short)%00%(objectname)%00%(upstream:track)%00%(upstream:remotename)%00%(upstream:remoteref) refs/heads/main refs/remotes/main [3ms]
[2022-07-06T15:26:36.405Z] > git for-each-ref --sort -committerdate --format %(refname) %(objectname) %(*objectname) [7ms]
[2022-07-06T15:26:36.407Z] > git remote --verbose [3ms]
[2022-07-06T15:26:36.417Z] > git config --get commit.template [2ms]
[2022-07-06T15:26:41.468Z] > git status -z -uall [43ms]
[2022-07-06T15:26:41.477Z] > git symbolic-ref --short HEAD [2ms]
[2022-07-06T15:26:41.484Z] > git for-each-ref --format=%(refname)%00%(upstream:short)%00%(objectname)%00%(upstream:track)%00%(upstream:remotename)%00%(upstream:remoteref) refs/heads/main refs/remotes/main [2ms]
[2022-07-06T15:26:41.495Z] > git for-each-ref --sort -committerdate --format %(refname) %(objectname) %(*objectname) [6ms]
[2022-07-06T15:26:41.497Z] > git remote --verbose [3ms]
[2022-07-06T15:26:41.507Z] > git config --get commit.template [2ms]
[2022-07-06T15:26:46.560Z] > git status -z -uall [46ms]
[2022-07-06T15:26:46.569Z] > git symbolic-ref --short HEAD [2ms]
[2022-07-06T15:26:46.576Z] > git for-each-ref --format=%(refname)%00%(upstream:short)%00%(objectname)%00%(upstream:track)%00%(upstream:remotename)%00%(upstream:remoteref) refs/heads/main refs/remotes/main [3ms]
[2022-07-06T15:26:46.589Z] > git for-each-ref --sort -committerdate --format %(refname) %(objectname) %(*objectname) [8ms]
[2022-07-06T15:26:46.591Z] > git remote --verbose [2ms]
[2022-07-06T15:26:46.600Z] > git config --get commit.template [2ms]
[2022-07-06T15:26:51.654Z] > git status -z -uall [46ms]
[2022-07-06T15:26:51.663Z] > git symbolic-ref --short HEAD [2ms]
[2022-07-06T15:26:51.671Z] > git for-each-ref --format=%(refname)%00%(upstream:short)%00%(objectname)%00%(upstream:track)%00%(upstream:remotename)%00%(upstream:remoteref) refs/heads/main refs/remotes/main [3ms]
[2022-07-06T15:26:51.681Z] > git for-each-ref --sort -committerdate --format %(refname) %(objectname) %(*objectname) [6ms]
[2022-07-06T15:26:51.684Z] > git remote --verbose [4ms]
[2022-07-06T15:26:51.692Z] > git config --get commit.template [2ms]
[2022-07-06T15:26:56.747Z] > git status -z -uall [48ms]
[2022-07-06T15:26:56.756Z] > git symbolic-ref --short HEAD [3ms]
[2022-07-06T15:26:56.762Z] > git for-each-ref --format=%(refname)%00%(upstream:short)%00%(objectname)%00%(upstream:track)%00%(upstream:remotename)%00%(upstream:remoteref) refs/heads/main refs/remotes/main [2ms]
[2022-07-06T15:26:56.773Z] > git for-each-ref --sort -committerdate --format %(refname) %(objectname) %(*objectname) [6ms]
[2022-07-06T15:26:56.776Z] > git remote --verbose [3ms]
[2022-07-06T15:26:56.787Z] > git config --get commit.template [2ms]
[2022-07-06T15:27:01.841Z] > git status -z -uall [47ms]
[2022-07-06T15:27:01.850Z] > git symbolic-ref --short HEAD [3ms]
[2022-07-06T15:27:01.857Z] > git for-each-ref --format=%(refname)%00%(upstream:short)%00%(objectname)%00%(upstream:track)%00%(upstream:remotename)%00%(upstream:remoteref) refs/heads/main refs/remotes/main [3ms]
[2022-07-06T15:27:01.866Z] > git for-each-ref --sort -committerdate --format %(refname) %(objectname) %(*objectname) [6ms]
[2022-07-06T15:27:01.868Z] > git remote --verbose [3ms]
[2022-07-06T15:27:01.877Z] > git config --get commit.template [3ms]
[2022-07-06T15:27:06.927Z] > git status -z -uall [44ms]
[2022-07-06T15:27:06.936Z] > git symbolic-ref --short HEAD [3ms]
[2022-07-06T15:27:06.942Z] > git for-each-ref --format=%(refname)%00%(upstream:short)%00%(objectname)%00%(upstream:track)%00%(upstream:remotename)%00%(upstream:remoteref) refs/heads/main refs/remotes/main [2ms]
[2022-07-06T15:27:06.952Z] > git for-each-ref --sort -committerdate --format %(refname) %(objectname) %(*objectname) [6ms]
[2022-07-06T15:27:06.954Z] > git remote --verbose [3ms]
[2022-07-06T15:27:06.964Z] > git config --get commit.template [3ms]
[2022-07-06T15:27:12.013Z] > git status -z -uall [42ms]
[2022-07-06T15:27:12.022Z] > git symbolic-ref --short HEAD [2ms]
[2022-07-06T15:27:12.028Z] > git for-each-ref --format=%(refname)%00%(upstream:short)%00%(objectname)%00%(upstream:track)%00%(upstream:remotename)%00%(upstream:remoteref) refs/heads/main refs/remotes/main [2ms]
[2022-07-06T15:27:12.039Z] > git for-each-ref --sort -committerdate --format %(refname) %(objectname) %(*objectname) [6ms]
[2022-07-06T15:27:12.041Z] > git remote --verbose [3ms]
[2022-07-06T15:27:12.050Z] > git config --get commit.template [3ms]
[2022-07-06T15:27:17.098Z] > git status -z -uall [41ms]
[2022-07-06T15:27:17.107Z] > git symbolic-ref --short HEAD [3ms]
[2022-07-06T15:27:17.113Z] > git for-each-ref --format=%(refname)%00%(upstream:short)%00%(objectname)%00%(upstream:track)%00%(upstream:remotename)%00%(upstream:remoteref) refs/heads/main refs/remotes/main [2ms]
[2022-07-06T15:27:17.122Z] > git for-each-ref --sort -committerdate --format %(refname) %(objectname) %(*objectname) [5ms]
[2022-07-06T15:27:17.124Z] > git remote --verbose [3ms]
[2022-07-06T15:27:17.135Z] > git config --get commit.template [2ms]
[2022-07-06T15:27:22.187Z] > git status -z -uall [44ms]
[2022-07-06T15:27:22.196Z] > git symbolic-ref --short HEAD [2ms]
[2022-07-06T15:27:22.203Z] > git for-each-ref --format=%(refname)%00%(upstream:short)%00%(objectname)%00%(upstream:track)%00%(upstream:remotename)%00%(upstream:remoteref) refs/heads/main refs/remotes/main [2ms]
[2022-07-06T15:27:22.214Z] > git for-each-ref --sort -committerdate --format %(refname) %(objectname) %(*objectname) [7ms]
[2022-07-06T15:27:22.216Z] > git remote --verbose [3ms]
[2022-07-06T15:27:22.225Z] > git config --get commit.template [2ms]
[2022-07-06T15:27:27.275Z] > git status -z -uall [43ms]
[2022-07-06T15:27:27.283Z] > git symbolic-ref --short HEAD [2ms]
[2022-07-06T15:27:27.290Z] > git for-each-ref --format=%(refname)%00%(upstream:short)%00%(objectname)%00%(upstream:track)%00%(upstream:remotename)%00%(upstream:remoteref) refs/heads/main refs/remotes/main [2ms]
[2022-07-06T15:27:27.300Z] > git for-each-ref --sort -committerdate --format %(refname) %(objectname) %(*objectname) [6ms]
[2022-07-06T15:27:27.302Z] > git remote --verbose [3ms]
[2022-07-06T15:27:27.311Z] > git config --get commit.template [2ms]
[2022-07-06T15:27:32.360Z] > git status -z -uall [42ms]
[2022-07-06T15:27:32.368Z] > git symbolic-ref --short HEAD [2ms]
[2022-07-06T15:27:32.375Z] > git for-each-ref --format=%(refname)%00%(upstream:short)%00%(objectname)%00%(upstream:track)%00%(upstream:remotename)%00%(upstream:remoteref) refs/heads/main refs/remotes/main [2ms]
[2022-07-06T15:27:32.385Z] > git for-each-ref --sort -committerdate --format %(refname) %(objectname) %(*objectname) [6ms]
[2022-07-06T15:27:32.388Z] > git remote --verbose [4ms]
[2022-07-06T15:27:32.397Z] > git config --get commit.template [2ms]
[2022-07-06T15:27:37.453Z] > git status -z -uall [49ms]
[2022-07-06T15:27:37.464Z] > git symbolic-ref --short HEAD [3ms]
[2022-07-06T15:27:37.470Z] > git for-each-ref --format=%(refname)%00%(upstream:short)%00%(objectname)%00%(upstream:track)%00%(upstream:remotename)%00%(upstream:remoteref) refs/heads/main refs/remotes/main [2ms]
[2022-07-06T15:27:37.484Z] > git for-each-ref --sort -committerdate --format %(refname) %(objectname) %(*objectname) [9ms]
[2022-07-06T15:27:37.485Z] > git remote --verbose [2ms]
[2022-07-06T15:27:37.496Z] > git config --get commit.template [2ms]
[2022-07-06T15:27:44.455Z] > git status -z -uall [48ms]
[2022-07-06T15:27:44.465Z] > git symbolic-ref --short HEAD [3ms]
[2022-07-06T15:27:44.472Z] > git for-each-ref --format=%(refname)%00%(upstream:short)%00%(objectname)%00%(upstream:track)%00%(upstream:remotename)%00%(upstream:remoteref) refs/heads/main refs/remotes/main [3ms]
[2022-07-06T15:27:44.482Z] > git for-each-ref --sort -committerdate --format %(refname) %(objectname) %(*objectname) [6ms]
[2022-07-06T15:27:44.484Z] > git remote --verbose [3ms]
[2022-07-06T15:27:44.492Z] > git config --get commit.template [2ms]
[2022-07-06T15:27:53.264Z] > git status -z -uall [45ms]
[2022-07-06T15:27:53.279Z] > git symbolic-ref --short HEAD [9ms]
[2022-07-06T15:27:53.285Z] > git for-each-ref --format=%(refname)%00%(upstream:short)%00%(objectname)%00%(upstream:track)%00%(upstream:remotename)%00%(upstream:remoteref) refs/heads/main refs/remotes/main [2ms]
[2022-07-06T15:27:53.299Z] > git for-each-ref --sort -committerdate --format %(refname) %(objectname) %(*objectname) [9ms]
[2022-07-06T15:27:53.302Z] > git remote --verbose [4ms]
[2022-07-06T15:27:53.318Z] > git config --get commit.template [3ms]
[2022-07-06T15:27:58.372Z] > git status -z -uall [46ms]
[2022-07-06T15:27:58.382Z] > git symbolic-ref --short HEAD [2ms]
[2022-07-06T15:27:58.389Z] > git for-each-ref --format=%(refname)%00%(upstream:short)%00%(objectname)%00%(upstream:track)%00%(upstream:remotename)%00%(upstream:remoteref) refs/heads/main refs/remotes/main [3ms]
[2022-07-06T15:27:58.402Z] > git for-each-ref --sort -committerdate --format %(refname) %(objectname) %(*objectname) [7ms]
[2022-07-06T15:27:58.406Z] > git remote --verbose [5ms]
[2022-07-06T15:27:58.416Z] > git config --get commit.template [2ms]
[2022-07-06T15:28:31.085Z] > git status -z -uall [46ms]
[2022-07-06T15:28:31.093Z] > git symbolic-ref --short HEAD [2ms]
[2022-07-06T15:28:31.099Z] > git for-each-ref --format=%(refname)%00%(upstream:short)%00%(objectname)%00%(upstream:track)%00%(upstream:remotename)%00%(upstream:remoteref) refs/heads/main refs/remotes/main [2ms]
[2022-07-06T15:28:31.110Z] > git for-each-ref --sort -committerdate --format %(refname) %(objectname) %(*objectname) [7ms]
[2022-07-06T15:28:31.112Z] > git remote --verbose [3ms]
[2022-07-06T15:28:31.121Z] > git config --get commit.template [2ms]
[2022-07-06T15:28:36.171Z] > git status -z -uall [42ms]
[2022-07-06T15:28:36.180Z] > git symbolic-ref --short HEAD [3ms]
[2022-07-06T15:28:36.186Z] > git for-each-ref --format=%(refname)%00%(upstream:short)%00%(objectname)%00%(upstream:track)%00%(upstream:remotename)%00%(upstream:remoteref) refs/heads/main refs/remotes/main [2ms]
[2022-07-06T15:28:36.200Z] > git for-each-ref --sort -committerdate --format %(refname) %(objectname) %(*objectname) [10ms]
[2022-07-06T15:28:36.202Z] > git remote --verbose [4ms]
[2022-07-06T15:28:36.213Z] > git config --get commit.template [3ms]
[2022-07-06T15:28:41.265Z] > git status -z -uall [44ms]
[2022-07-06T15:28:41.274Z] > git symbolic-ref --short HEAD [3ms]
[2022-07-06T15:28:41.280Z] > git for-each-ref --format=%(refname)%00%(upstream:short)%00%(objectname)%00%(upstream:track)%00%(upstream:remotename)%00%(upstream:remoteref) refs/heads/main refs/remotes/main [2ms]
[2022-07-06T15:28:41.292Z] > git for-each-ref --sort -committerdate --format %(refname) %(objectname) %(*objectname) [7ms]
[2022-07-06T15:28:41.294Z] > git remote --verbose [3ms]
[2022-07-06T15:28:41.304Z] > git config --get commit.template [2ms]
[2022-07-06T15:30:17.375Z] > git status -z -uall [47ms]
[2022-07-06T15:30:17.383Z] > git symbolic-ref --short HEAD [2ms]
[2022-07-06T15:30:17.390Z] > git for-each-ref --format=%(refname)%00%(upstream:short)%00%(objectname)%00%(upstream:track)%00%(upstream:remotename)%00%(upstream:remoteref) refs/heads/main refs/remotes/main [2ms]
[2022-07-06T15:30:17.408Z] > git for-each-ref --sort -committerdate --format %(refname) %(objectname) %(*objectname) [12ms]
[2022-07-06T15:30:17.413Z] > git remote --verbose [11ms]
[2022-07-06T15:30:17.425Z] > git config --get commit.template [2ms]
[2022-07-06T15:30:22.476Z] > git status -z -uall [42ms]
[2022-07-06T15:30:22.484Z] > git symbolic-ref --short HEAD [3ms]
[2022-07-06T15:30:22.491Z] > git for-each-ref --format=%(refname)%00%(upstream:short)%00%(objectname)%00%(upstream:track)%00%(upstream:remotename)%00%(upstream:remoteref) refs/heads/main refs/remotes/main [2ms]
[2022-07-06T15:30:22.502Z] > git for-each-ref --sort -committerdate --format %(refname) %(objectname) %(*objectname) [6ms]
[2022-07-06T15:30:22.504Z] > git remote --verbose [3ms]
[2022-07-06T15:30:22.514Z] > git config --get commit.template [3ms]
[2022-07-06T15:30:22.941Z] > git show --textconv :docker_compose_learning/nginx/nginx.conf [7ms]
[2022-07-06T15:30:22.945Z] > git ls-files --stage -- /home/radiagulzan/docker_compose_learning/nginx/nginx.conf [5ms]
[2022-07-06T15:30:22.951Z] > git cat-file -s 99838f3e0e75c8a05497c0423aa9ea09b6ef214b [2ms]
[2022-07-06T15:30:27.568Z] > git status -z -uall [46ms]
[2022-07-06T15:30:27.577Z] > git symbolic-ref --short HEAD [3ms]
[2022-07-06T15:30:27.601Z] > git show --textconv :docker_compose_learning/docker-compose.yml [11ms]
[2022-07-06T15:30:27.604Z] > git for-each-ref --format=%(refname)%00%(upstream:short)%00%(objectname)%00%(upstream:track)%00%(upstream:remotename)%00%(upstream:remoteref) refs/heads/main refs/remotes/main [22ms]
[2022-07-06T15:30:27.619Z] > git for-each-ref --sort -committerdate --format %(refname) %(objectname) %(*objectname) [8ms]
[2022-07-06T15:30:27.620Z] > git ls-files --stage -- /home/radiagulzan/docker_compose_learning/docker-compose.yml [22ms]
[2022-07-06T15:30:27.629Z] > git remote --verbose [11ms]
[2022-07-06T15:30:27.638Z] > git cat-file -s a98bf2bcc774719314048eef9be649e4cd281dac [10ms]
[2022-07-06T15:30:27.641Z] > git config --get commit.template [4ms]
[2022-07-06T15:30:32.689Z] > git status -z -uall [40ms]
[2022-07-06T15:30:32.699Z] > git symbolic-ref --short HEAD [3ms]
[2022-07-06T15:30:32.706Z] > git for-each-ref --format=%(refname)%00%(upstream:short)%00%(objectname)%00%(upstream:track)%00%(upstream:remotename)%00%(upstream:remoteref) refs/heads/main refs/remotes/main [3ms]
[2022-07-06T15:30:32.716Z] > git for-each-ref --sort -committerdate --format %(refname) %(objectname) %(*objectname) [6ms]
[2022-07-06T15:30:32.718Z] > git remote --verbose [2ms]
[2022-07-06T15:30:32.729Z] > git config --get commit.template [4ms]
[2022-07-06T15:33:40.946Z] > git status -z -uall [45ms]
[2022-07-06T15:33:40.956Z] > git symbolic-ref --short HEAD [2ms]
[2022-07-06T15:33:40.963Z] > git for-each-ref --format=%(refname)%00%(upstream:short)%00%(objectname)%00%(upstream:track)%00%(upstream:remotename)%00%(upstream:remoteref) refs/heads/main refs/remotes/main [3ms]
[2022-07-06T15:33:40.975Z] > git for-each-ref --sort -committerdate --format %(refname) %(objectname) %(*objectname) [8ms]
[2022-07-06T15:33:40.979Z] > git remote --verbose [5ms]
[2022-07-06T15:33:40.989Z] > git config --get commit.template [2ms]
[2022-07-06T15:33:46.046Z] > git status -z -uall [50ms]
[2022-07-06T15:33:46.054Z] > git symbolic-ref --short HEAD [2ms]
[2022-07-06T15:33:46.060Z] > git for-each-ref --format=%(refname)%00%(upstream:short)%00%(objectname)%00%(upstream:track)%00%(upstream:remotename)%00%(upstream:remoteref) refs/heads/main refs/remotes/main [2ms]
[2022-07-06T15:33:46.070Z] > git for-each-ref --sort -committerdate --format %(refname) %(objectname) %(*objectname) [5ms]
[2022-07-06T15:33:46.073Z] > git remote --verbose [3ms]
[2022-07-06T15:33:46.082Z] > git config --get commit.template [3ms]
[2022-07-06T15:33:51.134Z] > git status -z -uall [45ms]
[2022-07-06T15:33:51.145Z] > git symbolic-ref --short HEAD [3ms]
[2022-07-06T15:33:51.152Z] > git for-each-ref --format=%(refname)%00%(upstream:short)%00%(objectname)%00%(upstream:track)%00%(upstream:remotename)%00%(upstream:remoteref) refs/heads/main refs/remotes/main [2ms]
[2022-07-06T15:33:51.162Z] > git for-each-ref --sort -committerdate --format %(refname) %(objectname) %(*objectname) [6ms]
[2022-07-06T15:33:51.164Z] > git remote --verbose [2ms]
[2022-07-06T15:33:51.174Z] > git config --get commit.template [3ms]
[2022-07-06T15:33:56.224Z] > git status -z -uall [44ms]
[2022-07-06T15:33:56.233Z] > git symbolic-ref --short HEAD [3ms]
[2022-07-06T15:33:56.240Z] > git for-each-ref --format=%(refname)%00%(upstream:short)%00%(objectname)%00%(upstream:track)%00%(upstream:remotename)%00%(upstream:remoteref) refs/heads/main refs/remotes/main [2ms]
[2022-07-06T15:33:56.249Z] > git for-each-ref --sort -committerdate --format %(refname) %(objectname) %(*objectname) [5ms]
[2022-07-06T15:33:56.251Z] > git remote --verbose [3ms]
[2022-07-06T15:33:56.263Z] > git config --get commit.template [2ms]
[2022-07-06T15:34:01.312Z] > git status -z -uall [42ms]
[2022-07-06T15:34:01.321Z] > git symbolic-ref --short HEAD [3ms]
[2022-07-06T15:34:01.328Z] > git for-each-ref --format=%(refname)%00%(upstream:short)%00%(objectname)%00%(upstream:track)%00%(upstream:remotename)%00%(upstream:remoteref) refs/heads/main refs/remotes/main [3ms]
[2022-07-06T15:34:01.338Z] > git for-each-ref --sort -committerdate --format %(refname) %(objectname) %(*objectname) [6ms]
[2022-07-06T15:34:01.341Z] > git remote --verbose [4ms]
[2022-07-06T15:34:01.350Z] > git config --get commit.template [1ms]
[2022-07-06T15:36:21.726Z] > git status -z -uall [45ms]
[2022-07-06T15:36:21.735Z] > git symbolic-ref --short HEAD [3ms]
[2022-07-06T15:36:21.742Z] > git for-each-ref --format=%(refname)%00%(upstream:short)%00%(objectname)%00%(upstream:track)%00%(upstream:remotename)%00%(upstream:remoteref) refs/heads/main refs/remotes/main [2ms]
[2022-07-06T15:36:21.754Z] > git for-each-ref --sort -committerdate --format %(refname) %(objectname) %(*objectname) [7ms]
[2022-07-06T15:36:21.756Z] > git remote --verbose [3ms]
[2022-07-06T15:36:21.764Z] > git config --get commit.template [2ms]
[2022-07-06T15:36:26.816Z] > git status -z -uall [43ms]
[2022-07-06T15:36:26.825Z] > git symbolic-ref --short HEAD [3ms]
[2022-07-06T15:36:26.832Z] > git for-each-ref --format=%(refname)%00%(upstream:short)%00%(objectname)%00%(upstream:track)%00%(upstream:remotename)%00%(upstream:remoteref) refs/heads/main refs/remotes/main [3ms]
[2022-07-06T15:36:26.842Z] > git for-each-ref --sort -committerdate --format %(refname) %(objectname) %(*objectname) [6ms]
[2022-07-06T15:36:26.843Z] > git remote --verbose [2ms]
[2022-07-06T15:36:26.852Z] > git config --get commit.template [2ms]
[2022-07-06T15:36:43.255Z] > git status -z -uall [50ms]
[2022-07-06T15:36:43.264Z] > git symbolic-ref --short HEAD [2ms]
[2022-07-06T15:36:43.270Z] > git for-each-ref --format=%(refname)%00%(upstream:short)%00%(objectname)%00%(upstream:track)%00%(upstream:remotename)%00%(upstream:remoteref) refs/heads/main refs/remotes/main [2ms]
[2022-07-06T15:36:43.280Z] > git for-each-ref --sort -committerdate --format %(refname) %(objectname) %(*objectname) [6ms]
[2022-07-06T15:36:43.282Z] > git remote --verbose [3ms]
[2022-07-06T15:36:43.291Z] > git config --get commit.template [2ms]
[2022-07-06T15:38:48.114Z] > git status -z -uall [49ms]
[2022-07-06T15:38:48.126Z] > git symbolic-ref --short HEAD [6ms]
[2022-07-06T15:38:48.137Z] > git for-each-ref --format=%(refname)%00%(upstream:short)%00%(objectname)%00%(upstream:track)%00%(upstream:remotename)%00%(upstream:remoteref) refs/heads/main refs/remotes/main [6ms]
[2022-07-06T15:38:48.148Z] > git for-each-ref --sort -committerdate --format %(refname) %(objectname) %(*objectname) [7ms]
[2022-07-06T15:38:48.150Z] > git remote --verbose [3ms]
[2022-07-06T15:38:48.161Z] > git config --get commit.template [2ms]
[2022-07-06T15:38:53.214Z] > git status -z -uall [45ms]
[2022-07-06T15:38:53.225Z] > git symbolic-ref --short HEAD [4ms]
[2022-07-06T15:38:53.232Z] > git for-each-ref --format=%(refname)%00%(upstream:short)%00%(objectname)%00%(upstream:track)%00%(upstream:remotename)%00%(upstream:remoteref) refs/heads/main refs/remotes/main [3ms]
[2022-07-06T15:38:53.244Z] > git for-each-ref --sort -committerdate --format %(refname) %(objectname) %(*objectname) [7ms]
[2022-07-06T15:38:53.246Z] > git remote --verbose [3ms]
[2022-07-06T15:38:53.258Z] > git config --get commit.template [2ms]
[2022-07-06T15:38:58.311Z] > git status -z -uall [46ms]
[2022-07-06T15:38:58.322Z] > git symbolic-ref --short HEAD [3ms]
[2022-07-06T15:38:58.329Z] > git for-each-ref --format=%(refname)%00%(upstream:short)%00%(objectname)%00%(upstream:track)%00%(upstream:remotename)%00%(upstream:remoteref) refs/heads/main refs/remotes/main [2ms]
[2022-07-06T15:38:58.339Z] > git for-each-ref --sort -committerdate --format %(refname) %(objectname) %(*objectname) [6ms]
[2022-07-06T15:38:58.341Z] > git remote --verbose [2ms]
[2022-07-06T15:38:58.350Z] > git config --get commit.template [2ms]
[2022-07-06T15:39:03.404Z] > git show --textconv :docker_compose_learning/nginx/nginx.conf [19ms]
[2022-07-06T15:39:03.411Z] > git ls-files --stage -- /home/radiagulzan/docker_compose_learning/nginx/nginx.conf [8ms]
[2022-07-06T15:39:03.422Z] > git cat-file -s 99838f3e0e75c8a05497c0423aa9ea09b6ef214b [5ms]
[2022-07-06T15:39:03.441Z] > git status -z -uall [83ms]
[2022-07-06T15:39:03.449Z] > git symbolic-ref --short HEAD [2ms]
[2022-07-06T15:39:03.456Z] > git for-each-ref --format=%(refname)%00%(upstream:short)%00%(objectname)%00%(upstream:track)%00%(upstream:remotename)%00%(upstream:remoteref) refs/heads/main refs/remotes/main [2ms]
[2022-07-06T15:39:03.476Z] > git for-each-ref --sort -committerdate --format %(refname) %(objectname) %(*objectname) [15ms]
[2022-07-06T15:39:03.480Z] > git remote --verbose [6ms]
[2022-07-06T15:39:03.492Z] > git config --get commit.template [3ms]
[2022-07-06T15:39:44.777Z] > git status -z -uall [45ms]
[2022-07-06T15:39:44.786Z] > git symbolic-ref --short HEAD [2ms]
[2022-07-06T15:39:44.793Z] > git for-each-ref --format=%(refname)%00%(upstream:short)%00%(objectname)%00%(upstream:track)%00%(upstream:remotename)%00%(upstream:remoteref) refs/heads/main refs/remotes/main [2ms]
[2022-07-06T15:39:44.802Z] > git for-each-ref --sort -committerdate --format %(refname) %(objectname) %(*objectname) [5ms]
[2022-07-06T15:39:44.804Z] > git remote --verbose [2ms]
[2022-07-06T15:39:44.813Z] > git config --get commit.template [1ms]
[2022-07-06T15:39:47.318Z] > git show --textconv :docker_compose_learning/docker-compose.yml [9ms]
[2022-07-06T15:39:47.322Z] > git ls-files --stage -- /home/radiagulzan/docker_compose_learning/docker-compose.yml [5ms]
[2022-07-06T15:39:47.329Z] > git cat-file -s a98bf2bcc774719314048eef9be649e4cd281dac [2ms]
[2022-07-06T15:39:49.870Z] > git status -z -uall [48ms]
[2022-07-06T15:39:49.879Z] > git symbolic-ref --short HEAD [3ms]
[2022-07-06T15:39:49.886Z] > git for-each-ref --format=%(refname)%00%(upstream:short)%00%(objectname)%00%(upstream:track)%00%(upstream:remotename)%00%(upstream:remoteref) refs/heads/main refs/remotes/main [2ms]
[2022-07-06T15:39:49.897Z] > git for-each-ref --sort -committerdate --format %(refname) %(objectname) %(*objectname) [7ms]
[2022-07-06T15:39:49.899Z] > git remote --verbose [3ms]
[2022-07-06T15:39:49.910Z] > git config --get commit.template [2ms]
[2022-07-06T15:39:54.959Z] > git status -z -uall [42ms]
[2022-07-06T15:39:54.968Z] > git symbolic-ref --short HEAD [3ms]
[2022-07-06T15:39:54.975Z] > git for-each-ref --format=%(refname)%00%(upstream:short)%00%(objectname)%00%(upstream:track)%00%(upstream:remotename)%00%(upstream:remoteref) refs/heads/main refs/remotes/main [2ms]
[2022-07-06T15:39:54.989Z] > git for-each-ref --sort -committerdate --format %(refname) %(objectname) %(*objectname) [9ms]
[2022-07-06T15:39:54.991Z] > git remote --verbose [2ms]
[2022-07-06T15:39:55.000Z] > git config --get commit.template [2ms]
[2022-07-06T15:40:00.051Z] > git status -z -uall [43ms]
[2022-07-06T15:40:00.059Z] > git symbolic-ref --short HEAD [2ms]
[2022-07-06T15:40:00.075Z] > git for-each-ref --format=%(refname)%00%(upstream:short)%00%(objectname)%00%(upstream:track)%00%(upstream:remotename)%00%(upstream:remoteref) refs/heads/main refs/remotes/main [3ms]
[2022-07-06T15:40:00.094Z] > git for-each-ref --sort -committerdate --format %(refname) %(objectname) %(*objectname) [13ms]
[2022-07-06T15:40:00.096Z] > git remote --verbose [3ms]
[2022-07-06T15:40:00.106Z] > git config --get commit.template [2ms]
[2022-07-06T15:40:05.162Z] > git status -z -uall [49ms]
[2022-07-06T15:40:05.171Z] > git symbolic-ref --short HEAD [2ms]
[2022-07-06T15:40:05.179Z] > git for-each-ref --format=%(refname)%00%(upstream:short)%00%(objectname)%00%(upstream:track)%00%(upstream:remotename)%00%(upstream:remoteref) refs/heads/main refs/remotes/main [3ms]
[2022-07-06T15:40:05.191Z] > git for-each-ref --sort -committerdate --format %(refname) %(objectname) %(*objectname) [8ms]
[2022-07-06T15:40:05.193Z] > git remote --verbose [2ms]
[2022-07-06T15:40:05.202Z] > git config --get commit.template [2ms]
[2022-07-06T15:40:23.622Z] > git status -z -uall [47ms]
[2022-07-06T15:40:23.633Z] > git symbolic-ref --short HEAD [4ms]
[2022-07-06T15:40:23.659Z] > git for-each-ref --format=%(refname)%00%(upstream:short)%00%(objectname)%00%(upstream:track)%00%(upstream:remotename)%00%(upstream:remoteref) refs/heads/main refs/remotes/main [19ms]
[2022-07-06T15:40:23.676Z] > git for-each-ref --sort -committerdate --format %(refname) %(objectname) %(*objectname) [11ms]
[2022-07-06T15:40:23.678Z] > git remote --verbose [5ms]
[2022-07-06T15:40:23.692Z] > git config --get commit.template [4ms]
[2022-07-06T15:40:28.744Z] > git status -z -uall [45ms]
[2022-07-06T15:40:28.755Z] > git symbolic-ref --short HEAD [3ms]
[2022-07-06T15:40:28.762Z] > git for-each-ref --format=%(refname)%00%(upstream:short)%00%(objectname)%00%(upstream:track)%00%(upstream:remotename)%00%(upstream:remoteref) refs/heads/main refs/remotes/main [2ms]
[2022-07-06T15:40:28.772Z] > git for-each-ref --sort -committerdate --format %(refname) %(objectname) %(*objectname) [6ms]
[2022-07-06T15:40:28.774Z] > git remote --verbose [2ms]
[2022-07-06T15:40:28.783Z] > git config --get commit.template [2ms]
[2022-07-06T15:40:33.832Z] > git status -z -uall [41ms]
[2022-07-06T15:40:33.841Z] > git symbolic-ref --short HEAD [3ms]
[2022-07-06T15:40:33.848Z] > git for-each-ref --format=%(refname)%00%(upstream:short)%00%(objectname)%00%(upstream:track)%00%(upstream:remotename)%00%(upstream:remoteref) refs/heads/main refs/remotes/main [2ms]
[2022-07-06T15:40:33.860Z] > git for-each-ref --sort -committerdate --format %(refname) %(objectname) %(*objectname) [7ms]
[2022-07-06T15:40:33.861Z] > git remote --verbose [3ms]
[2022-07-06T15:40:33.870Z] > git config --get commit.template [2ms]
[2022-07-06T15:41:12.255Z] > git status -z -uall [46ms]
[2022-07-06T15:41:12.264Z] > git symbolic-ref --short HEAD [3ms]
[2022-07-06T15:41:12.271Z] > git for-each-ref --format=%(refname)%00%(upstream:short)%00%(objectname)%00%(upstream:track)%00%(upstream:remotename)%00%(upstream:remoteref) refs/heads/main refs/remotes/main [2ms]
[2022-07-06T15:41:12.284Z] > git for-each-ref --sort -committerdate --format %(refname) %(objectname) %(*objectname) [8ms]
[2022-07-06T15:41:12.286Z] > git remote --verbose [4ms]
[2022-07-06T15:41:12.296Z] > git config --get commit.template [3ms]
[2022-07-06T15:41:17.345Z] > git status -z -uall [43ms]
[2022-07-06T15:41:17.354Z] > git symbolic-ref --short HEAD [3ms]
[2022-07-06T15:41:17.361Z] > git for-each-ref --format=%(refname)%00%(upstream:short)%00%(objectname)%00%(upstream:track)%00%(upstream:remotename)%00%(upstream:remoteref) refs/heads/main refs/remotes/main [2ms]
[2022-07-06T15:41:17.372Z] > git for-each-ref --sort -committerdate --format %(refname) %(objectname) %(*objectname) [6ms]
[2022-07-06T15:41:17.374Z] > git remote --verbose [2ms]
[2022-07-06T15:41:17.384Z] > git config --get commit.template [1ms]
[2022-07-06T15:41:22.435Z] > git status -z -uall [43ms]
[2022-07-06T15:41:22.448Z] > git symbolic-ref --short HEAD [4ms]
[2022-07-06T15:41:22.456Z] > git for-each-ref --format=%(refname)%00%(upstream:short)%00%(objectname)%00%(upstream:track)%00%(upstream:remotename)%00%(upstream:remoteref) refs/heads/main refs/remotes/main [3ms]
[2022-07-06T15:41:22.466Z] > git for-each-ref --sort -committerdate --format %(refname) %(objectname) %(*objectname) [6ms]
[2022-07-06T15:41:22.468Z] > git remote --verbose [3ms]
[2022-07-06T15:41:22.478Z] > git config --get commit.template [2ms]
[2022-07-06T15:41:27.531Z] > git status -z -uall [45ms]
[2022-07-06T15:41:27.540Z] > git symbolic-ref --short HEAD [2ms]
[2022-07-06T15:41:27.548Z] > git for-each-ref --format=%(refname)%00%(upstream:short)%00%(objectname)%00%(upstream:track)%00%(upstream:remotename)%00%(upstream:remoteref) refs/heads/main refs/remotes/main [2ms]
[2022-07-06T15:41:27.561Z] > git for-each-ref --sort -committerdate --format %(refname) %(objectname) %(*objectname) [8ms]
[2022-07-06T15:41:27.564Z] > git remote --verbose [4ms]
[2022-07-06T15:41:27.575Z] > git config --get commit.template [3ms]
[2022-07-06T15:41:37.697Z] > git status -z -uall [44ms]
[2022-07-06T15:41:37.705Z] > git symbolic-ref --short HEAD [2ms]
[2022-07-06T15:41:37.712Z] > git for-each-ref --format=%(refname)%00%(upstream:short)%00%(objectname)%00%(upstream:track)%00%(upstream:remotename)%00%(upstream:remoteref) refs/heads/main refs/remotes/main [2ms]
[2022-07-06T15:41:37.723Z] > git for-each-ref --sort -committerdate --format %(refname) %(objectname) %(*objectname) [7ms]
[2022-07-06T15:41:37.725Z] > git remote --verbose [3ms]
[2022-07-06T15:41:37.734Z] > git config --get commit.template [3ms]
[2022-07-06T15:41:39.721Z] > git show --textconv :docker_compose_learning/nginx/nginx.conf [8ms]
[2022-07-06T15:41:39.726Z] > git ls-files --stage -- /home/radiagulzan/docker_compose_learning/nginx/nginx.conf [6ms]
[2022-07-06T15:41:39.732Z] > git cat-file -s 99838f3e0e75c8a05497c0423aa9ea09b6ef214b [2ms]
[2022-07-06T15:41:42.785Z] > git status -z -uall [44ms]
[2022-07-06T15:41:42.795Z] > git symbolic-ref --short HEAD [4ms]
[2022-07-06T15:41:42.802Z] > git for-each-ref --format=%(refname)%00%(upstream:short)%00%(objectname)%00%(upstream:track)%00%(upstream:remotename)%00%(upstream:remoteref) refs/heads/main refs/remotes/main [2ms]
[2022-07-06T15:41:42.812Z] > git for-each-ref --sort -committerdate --format %(refname) %(objectname) %(*objectname) [6ms]
[2022-07-06T15:41:42.814Z] > git remote --verbose [3ms]
[2022-07-06T15:41:42.824Z] > git config --get commit.template [2ms]
[2022-07-06T15:42:15.858Z] > git check-ignore -v -z --stdin [4ms]
[2022-07-06T15:43:48.852Z] > git status -z -uall [42ms]
[2022-07-06T15:43:48.861Z] > git symbolic-ref --short HEAD [2ms]
[2022-07-06T15:43:48.867Z] > git for-each-ref --format=%(refname)%00%(upstream:short)%00%(objectname)%00%(upstream:track)%00%(upstream:remotename)%00%(upstream:remoteref) refs/heads/main refs/remotes/main [2ms]
[2022-07-06T15:43:48.877Z] > git for-each-ref --sort -committerdate --format %(refname) %(objectname) %(*objectname) [6ms]
[2022-07-06T15:43:48.879Z] > git remote --verbose [3ms]
[2022-07-06T15:43:48.889Z] > git config --get commit.template [3ms]
[2022-07-06T15:43:53.940Z] > git status -z -uall [44ms]
[2022-07-06T15:43:53.949Z] > git symbolic-ref --short HEAD [2ms]
[2022-07-06T15:43:53.956Z] > git for-each-ref --format=%(refname)%00%(upstream:short)%00%(objectname)%00%(upstream:track)%00%(upstream:remotename)%00%(upstream:remoteref) refs/heads/main refs/remotes/main [2ms]
[2022-07-06T15:43:53.972Z] > git for-each-ref --sort -committerdate --format %(refname) %(objectname) %(*objectname) [12ms]
[2022-07-06T15:43:53.974Z] > git remote --verbose [3ms]
[2022-07-06T15:43:53.982Z] > git config --get commit.template [2ms]
[2022-07-06T15:43:58.627Z] > git show --textconv :docker_compose_learning/docker-compose.yml [8ms]
[2022-07-06T15:43:58.631Z] > git ls-files --stage -- /home/radiagulzan/docker_compose_learning/docker-compose.yml [5ms]
[2022-07-06T15:43:58.637Z] > git cat-file -s a98bf2bcc774719314048eef9be649e4cd281dac [2ms]
[2022-07-06T15:43:59.033Z] > git status -z -uall [42ms]
[2022-07-06T15:43:59.041Z] > git symbolic-ref --short HEAD [2ms]
[2022-07-06T15:43:59.048Z] > git for-each-ref --format=%(refname)%00%(upstream:short)%00%(objectname)%00%(upstream:track)%00%(upstream:remotename)%00%(upstream:remoteref) refs/heads/main refs/remotes/main [3ms]
[2022-07-06T15:43:59.058Z] > git for-each-ref --sort -committerdate --format %(refname) %(objectname) %(*objectname) [6ms]
[2022-07-06T15:43:59.060Z] > git remote --verbose [3ms]
[2022-07-06T15:43:59.073Z] > git config --get commit.template [2ms]
[2022-07-06T15:44:37.964Z] > git status -z -uall [44ms]
[2022-07-06T15:44:37.973Z] > git symbolic-ref --short HEAD [2ms]
[2022-07-06T15:44:37.979Z] > git for-each-ref --format=%(refname)%00%(upstream:short)%00%(objectname)%00%(upstream:track)%00%(upstream:remotename)%00%(upstream:remoteref) refs/heads/main refs/remotes/main [2ms]
[2022-07-06T15:44:37.989Z] > git for-each-ref --sort -committerdate --format %(refname) %(objectname) %(*objectname) [5ms]
[2022-07-06T15:44:37.991Z] > git remote --verbose [3ms]
[2022-07-06T15:44:38.001Z] > git config --get commit.template [2ms]
[2022-07-06T15:44:43.048Z] > git status -z -uall [39ms]
[2022-07-06T15:44:43.059Z] > git symbolic-ref --short HEAD [6ms]
[2022-07-06T15:44:43.065Z] > git for-each-ref --format=%(refname)%00%(upstream:short)%00%(objectname)%00%(upstream:track)%00%(upstream:remotename)%00%(upstream:remoteref) refs/heads/main refs/remotes/main [2ms]
[2022-07-06T15:44:43.074Z] > git for-each-ref --sort -committerdate --format %(refname) %(objectname) %(*objectname) [5ms]
[2022-07-06T15:44:43.076Z] > git remote --verbose [3ms]
[2022-07-06T15:44:43.099Z] > git config --get commit.template [2ms]
[2022-07-06T15:44:45.262Z] > git show --textconv :docker_compose_learning/nginx/nginx.conf [13ms]
[2022-07-06T15:44:45.265Z] > git ls-files --stage -- /home/radiagulzan/docker_compose_learning/nginx/nginx.conf [6ms]
[2022-07-06T15:44:45.272Z] > git cat-file -s 99838f3e0e75c8a05497c0423aa9ea09b6ef214b [2ms]
[2022-07-06T15:44:47.041Z] > git show --textconv :docker_compose_learning/dbRelationshipPractice/Dockerfile [10ms]
[2022-07-06T15:44:47.044Z] > git ls-files --stage -- /home/radiagulzan/docker_compose_learning/dbRelationshipPractice/Dockerfile [4ms]
[2022-07-06T15:44:48.150Z] > git status -z -uall [43ms]
[2022-07-06T15:44:48.160Z] > git symbolic-ref --short HEAD [3ms]
[2022-07-06T15:44:48.166Z] > git for-each-ref --format=%(refname)%00%(upstream:short)%00%(objectname)%00%(upstream:track)%00%(upstream:remotename)%00%(upstream:remoteref) refs/heads/main refs/remotes/main [2ms]
[2022-07-06T15:44:48.178Z] > git for-each-ref --sort -committerdate --format %(refname) %(objectname) %(*objectname) [7ms]
[2022-07-06T15:44:48.180Z] > git remote --verbose [3ms]
[2022-07-06T15:44:48.189Z] > git config --get commit.template [2ms]
[2022-07-06T15:44:53.240Z] > git status -z -uall [43ms]
[2022-07-06T15:44:53.248Z] > git symbolic-ref --short HEAD [2ms]
[2022-07-06T15:44:53.254Z] > git for-each-ref --format=%(refname)%00%(upstream:short)%00%(objectname)%00%(upstream:track)%00%(upstream:remotename)%00%(upstream:remoteref) refs/heads/main refs/remotes/main [2ms]
[2022-07-06T15:44:53.264Z] > git for-each-ref --sort -committerdate --format %(refname) %(objectname) %(*objectname) [6ms]
[2022-07-06T15:44:53.266Z] > git remote --verbose [2ms]
[2022-07-06T15:44:53.275Z] > git config --get commit.template [1ms]
[2022-07-06T15:44:58.329Z] > git status -z -uall [45ms]
[2022-07-06T15:44:58.338Z] > git symbolic-ref --short HEAD [3ms]
[2022-07-06T15:44:58.345Z] > git for-each-ref --format=%(refname)%00%(upstream:short)%00%(objectname)%00%(upstream:track)%00%(upstream:remotename)%00%(upstream:remoteref) refs/heads/main refs/remotes/main [3ms]
[2022-07-06T15:44:58.356Z] > git for-each-ref --sort -committerdate --format %(refname) %(objectname) %(*objectname) [6ms]
[2022-07-06T15:44:58.358Z] > git remote --verbose [2ms]
[2022-07-06T15:44:58.369Z] > git config --get commit.template [2ms]
[2022-07-06T15:45:03.420Z] > git status -z -uall [43ms]
[2022-07-06T15:45:03.428Z] > git symbolic-ref --short HEAD [2ms]
[2022-07-06T15:45:03.434Z] > git for-each-ref --format=%(refname)%00%(upstream:short)%00%(objectname)%00%(upstream:track)%00%(upstream:remotename)%00%(upstream:remoteref) refs/heads/main refs/remotes/main [2ms]
[2022-07-06T15:45:03.444Z] > git for-each-ref --sort -committerdate --format %(refname) %(objectname) %(*objectname) [6ms]
[2022-07-06T15:45:03.446Z] > git remote --verbose [3ms]
[2022-07-06T15:45:03.467Z] > git config --get commit.template [2ms]
[2022-07-06T15:45:08.517Z] > git status -z -uall [42ms]
[2022-07-06T15:45:08.525Z] > git symbolic-ref --short HEAD [2ms]
[2022-07-06T15:45:08.532Z] > git for-each-ref --format=%(refname)%00%(upstream:short)%00%(objectname)%00%(upstream:track)%00%(upstream:remotename)%00%(upstream:remoteref) refs/heads/main refs/remotes/main [2ms]
[2022-07-06T15:45:08.544Z] > git for-each-ref --sort -committerdate --format %(refname) %(objectname) %(*objectname) [6ms]
[2022-07-06T15:45:08.547Z] > git remote --verbose [3ms]
[2022-07-06T15:45:08.556Z] > git config --get commit.template [3ms]
[2022-07-06T15:45:37.502Z] > git status -z -uall [44ms]
[2022-07-06T15:45:37.510Z] > git symbolic-ref --short HEAD [2ms]
[2022-07-06T15:45:37.517Z] > git for-each-ref --format=%(refname)%00%(upstream:short)%00%(objectname)%00%(upstream:track)%00%(upstream:remotename)%00%(upstream:remoteref) refs/heads/main refs/remotes/main [2ms]
[2022-07-06T15:45:37.528Z] > git for-each-ref --sort -committerdate --format %(refname) %(objectname) %(*objectname) [6ms]
[2022-07-06T15:45:37.532Z] > git remote --verbose [4ms]
[2022-07-06T15:45:37.540Z] > git config --get commit.template [2ms]
[2022-07-06T15:45:42.593Z] > git status -z -uall [44ms]
[2022-07-06T15:45:42.603Z] > git symbolic-ref --short HEAD [4ms]
[2022-07-06T15:45:42.610Z] > git for-each-ref --format=%(refname)%00%(upstream:short)%00%(objectname)%00%(upstream:track)%00%(upstream:remotename)%00%(upstream:remoteref) refs/heads/main refs/remotes/main [2ms]
[2022-07-06T15:45:42.625Z] > git for-each-ref --sort -committerdate --format %(refname) %(objectname) %(*objectname) [6ms]
[2022-07-06T15:45:42.627Z] > git remote --verbose [3ms]
[2022-07-06T15:45:42.637Z] > git config --get commit.template [3ms]
[2022-07-06T15:45:47.686Z] > git status -z -uall [41ms]
[2022-07-06T15:45:47.703Z] > git symbolic-ref --short HEAD [10ms]
[2022-07-06T15:45:47.720Z] > git for-each-ref --format=%(refname)%00%(upstream:short)%00%(objectname)%00%(upstream:track)%00%(upstream:remotename)%00%(upstream:remoteref) refs/heads/main refs/remotes/main [7ms]
[2022-07-06T15:45:47.738Z] > git for-each-ref --sort -committerdate --format %(refname) %(objectname) %(*objectname) [9ms]
[2022-07-06T15:45:47.744Z] > git remote --verbose [7ms]
[2022-07-06T15:45:47.761Z] > git config --get commit.template [7ms]
[2022-07-06T15:45:52.811Z] > git status -z -uall [42ms]
[2022-07-06T15:45:52.822Z] > git symbolic-ref --short HEAD [4ms]
[2022-07-06T15:45:52.829Z] > git for-each-ref --format=%(refname)%00%(upstream:short)%00%(objectname)%00%(upstream:track)%00%(upstream:remotename)%00%(upstream:remoteref) refs/heads/main refs/remotes/main [2ms]
[2022-07-06T15:45:52.839Z] > git for-each-ref --sort -committerdate --format %(refname) %(objectname) %(*objectname) [6ms]
[2022-07-06T15:45:52.841Z] > git remote --verbose [3ms]
[2022-07-06T15:45:52.857Z] > git config --get commit.template [1ms]
[2022-07-06T15:45:55.269Z] > git show --textconv :docker_compose_learning/nginx/nginx.conf [11ms]
[2022-07-06T15:45:55.273Z] > git ls-files --stage -- /home/radiagulzan/docker_compose_learning/nginx/nginx.conf [8ms]
[2022-07-06T15:45:55.285Z] > git cat-file -s 99838f3e0e75c8a05497c0423aa9ea09b6ef214b [7ms]
[2022-07-06T15:45:56.312Z] > git show --textconv :docker_compose_learning/docker-compose.yml [8ms]
[2022-07-06T15:45:56.316Z] > git ls-files --stage -- /home/radiagulzan/docker_compose_learning/docker-compose.yml [4ms]
[2022-07-06T15:45:56.322Z] > git cat-file -s a98bf2bcc774719314048eef9be649e4cd281dac [2ms]
[2022-07-06T15:45:57.905Z] > git status -z -uall [40ms]
[2022-07-06T15:45:57.914Z] > git symbolic-ref --short HEAD [3ms]
[2022-07-06T15:45:57.922Z] > git for-each-ref --format=%(refname)%00%(upstream:short)%00%(objectname)%00%(upstream:track)%00%(upstream:remotename)%00%(upstream:remoteref) refs/heads/main refs/remotes/main [2ms]
[2022-07-06T15:45:57.936Z] > git for-each-ref --sort -committerdate --format %(refname) %(objectname) %(*objectname) [8ms]
[2022-07-06T15:45:57.938Z] > git remote --verbose [3ms]
[2022-07-06T15:45:57.956Z] > git config --get commit.template [8ms]
[2022-07-06T15:46:03.006Z] > git status -z -uall [42ms]
[2022-07-06T15:46:03.014Z] > git symbolic-ref --short HEAD [2ms]
[2022-07-06T15:46:03.022Z] > git for-each-ref --format=%(refname)%00%(upstream:short)%00%(objectname)%00%(upstream:track)%00%(upstream:remotename)%00%(upstream:remoteref) refs/heads/main refs/remotes/main [3ms]
[2022-07-06T15:46:03.032Z] > git for-each-ref --sort -committerdate --format %(refname) %(objectname) %(*objectname) [6ms]
[2022-07-06T15:46:03.034Z] > git remote --verbose [3ms]
[2022-07-06T15:46:03.042Z] > git config --get commit.template [2ms]
[2022-07-06T15:46:08.092Z] > git status -z -uall [42ms]
[2022-07-06T15:46:08.100Z] > git symbolic-ref --short HEAD [2ms]
[2022-07-06T15:46:08.107Z] > git for-each-ref --format=%(refname)%00%(upstream:short)%00%(objectname)%00%(upstream:track)%00%(upstream:remotename)%00%(upstream:remoteref) refs/heads/main refs/remotes/main [2ms]
[2022-07-06T15:46:08.116Z] > git for-each-ref --sort -committerdate --format %(refname) %(objectname) %(*objectname) [6ms]
[2022-07-06T15:46:08.118Z] > git remote --verbose [3ms]
[2022-07-06T15:46:08.126Z] > git config --get commit.template [2ms]
[2022-07-06T15:46:13.175Z] > git status -z -uall [42ms]
[2022-07-06T15:46:13.183Z] > git symbolic-ref --short HEAD [2ms]
[2022-07-06T15:46:13.190Z] > git for-each-ref --format=%(refname)%00%(upstream:short)%00%(objectname)%00%(upstream:track)%00%(upstream:remotename)%00%(upstream:remoteref) refs/heads/main refs/remotes/main [2ms]
[2022-07-06T15:46:13.201Z] > git for-each-ref --sort -committerdate --format %(refname) %(objectname) %(*objectname) [7ms]
[2022-07-06T15:46:13.203Z] > git remote --verbose [3ms]
[2022-07-06T15:46:13.212Z] > git config --get commit.template [2ms]
[2022-07-06T15:46:18.261Z] > git status -z -uall [41ms]
[2022-07-06T15:46:18.269Z] > git symbolic-ref --short HEAD [3ms]
[2022-07-06T15:46:18.276Z] > git for-each-ref --format=%(refname)%00%(upstream:short)%00%(objectname)%00%(upstream:track)%00%(upstream:remotename)%00%(upstream:remoteref) refs/heads/main refs/remotes/main [3ms]
[2022-07-06T15:46:18.285Z] > git for-each-ref --sort -committerdate --format %(refname) %(objectname) %(*objectname) [6ms]
[2022-07-06T15:46:18.286Z] > git remote --verbose [2ms]
[2022-07-06T15:46:18.295Z] > git config --get commit.template [2ms]
[2022-07-06T15:46:23.345Z] > git status -z -uall [43ms]
[2022-07-06T15:46:23.353Z] > git symbolic-ref --short HEAD [3ms]
[2022-07-06T15:46:23.359Z] > git for-each-ref --format=%(refname)%00%(upstream:short)%00%(objectname)%00%(upstream:track)%00%(upstream:remotename)%00%(upstream:remoteref) refs/heads/main refs/remotes/main [2ms]
[2022-07-06T15:46:23.369Z] > git for-each-ref --sort -committerdate --format %(refname) %(objectname) %(*objectname) [5ms]
[2022-07-06T15:46:23.371Z] > git remote --verbose [2ms]
[2022-07-06T15:46:23.379Z] > git config --get commit.template [2ms]
[2022-07-06T15:46:58.349Z] > git status -z -uall [49ms]
[2022-07-06T15:46:58.359Z] > git symbolic-ref --short HEAD [2ms]
[2022-07-06T15:46:58.365Z] > git for-each-ref --format=%(refname)%00%(upstream:short)%00%(objectname)%00%(upstream:track)%00%(upstream:remotename)%00%(upstream:remoteref) refs/heads/main refs/remotes/main [2ms]
[2022-07-06T15:46:58.383Z] > git for-each-ref --sort -committerdate --format %(refname) %(objectname) %(*objectname) [7ms]
[2022-07-06T15:46:58.385Z] > git remote --verbose [3ms]
[2022-07-06T15:46:58.395Z] > git config --get commit.template [2ms]
[2022-07-06T15:47:00.534Z] > git show --textconv :docker_compose_learning/nginx/nginx.conf [9ms]
[2022-07-06T15:47:00.538Z] > git ls-files --stage -- /home/radiagulzan/docker_compose_learning/nginx/nginx.conf [5ms]
[2022-07-06T15:47:00.544Z] > git cat-file -s 99838f3e0e75c8a05497c0423aa9ea09b6ef214b [2ms]
[2022-07-06T15:47:03.446Z] > git status -z -uall [44ms]
[2022-07-06T15:47:03.455Z] > git symbolic-ref --short HEAD [3ms]
[2022-07-06T15:47:03.462Z] > git for-each-ref --format=%(refname)%00%(upstream:short)%00%(objectname)%00%(upstream:track)%00%(upstream:remotename)%00%(upstream:remoteref) refs/heads/main refs/remotes/main [2ms]
[2022-07-06T15:47:03.473Z] > git for-each-ref --sort -committerdate --format %(refname) %(objectname) %(*objectname) [7ms]
[2022-07-06T15:47:03.475Z] > git remote --verbose [3ms]
[2022-07-06T15:47:03.485Z] > git config --get commit.template [2ms]
[2022-07-06T15:47:08.534Z] > git status -z -uall [41ms]
[2022-07-06T15:47:08.544Z] > git symbolic-ref --short HEAD [3ms]
[2022-07-06T15:47:08.552Z] > git for-each-ref --format=%(refname)%00%(upstream:short)%00%(objectname)%00%(upstream:track)%00%(upstream:remotename)%00%(upstream:remoteref) refs/heads/main refs/remotes/main [2ms]
[2022-07-06T15:47:08.567Z] > git for-each-ref --sort -committerdate --format %(refname) %(objectname) %(*objectname) [11ms]
[2022-07-06T15:47:08.570Z] > git remote --verbose [5ms]
[2022-07-06T15:47:08.580Z] > git config --get commit.template [2ms]
[2022-07-06T15:47:13.635Z] > git status -z -uall [46ms]
[2022-07-06T15:47:13.643Z] > git symbolic-ref --short HEAD [2ms]
[2022-07-06T15:47:13.650Z] > git for-each-ref --format=%(refname)%00%(upstream:short)%00%(objectname)%00%(upstream:track)%00%(upstream:remotename)%00%(upstream:remoteref) refs/heads/main refs/remotes/main [3ms]
[2022-07-06T15:47:13.665Z] > git for-each-ref --sort -committerdate --format %(refname) %(objectname) %(*objectname) [6ms]
[2022-07-06T15:47:13.668Z] > git remote --verbose [4ms]
[2022-07-06T15:47:13.677Z] > git config --get commit.template [2ms]
[2022-07-06T15:47:27.984Z] > git status -z -uall [52ms]
[2022-07-06T15:47:27.992Z] > git symbolic-ref --short HEAD [2ms]
[2022-07-06T15:47:27.999Z] > git for-each-ref --format=%(refname)%00%(upstream:short)%00%(objectname)%00%(upstream:track)%00%(upstream:remotename)%00%(upstream:remoteref) refs/heads/main refs/remotes/main [2ms]
[2022-07-06T15:47:28.009Z] > git for-each-ref --sort -committerdate --format %(refname) %(objectname) %(*objectname) [6ms]
[2022-07-06T15:47:28.011Z] > git remote --verbose [2ms]
[2022-07-06T15:47:28.020Z] > git config --get commit.template [1ms]
[2022-07-06T15:47:29.708Z] > git show --textconv :docker_compose_learning/dbRelationshipPractice/requirements.txt [12ms]
[2022-07-06T15:47:29.714Z] > git ls-files --stage -- /home/radiagulzan/docker_compose_learning/dbRelationshipPractice/requirements.txt [7ms]
[2022-07-06T15:47:33.070Z] > git status -z -uall [42ms]
[2022-07-06T15:47:33.080Z] > git symbolic-ref --short HEAD [3ms]
[2022-07-06T15:47:33.086Z] > git for-each-ref --format=%(refname)%00%(upstream:short)%00%(objectname)%00%(upstream:track)%00%(upstream:remotename)%00%(upstream:remoteref) refs/heads/main refs/remotes/main [2ms]
[2022-07-06T15:47:33.097Z] > git for-each-ref --sort -committerdate --format %(refname) %(objectname) %(*objectname) [6ms]
[2022-07-06T15:47:33.099Z] > git remote --verbose [2ms]
[2022-07-06T15:47:33.109Z] > git config --get commit.template [2ms]
[2022-07-06T15:47:33.625Z] > git show --textconv :docker_compose_learning/nginx/nginx.conf [8ms]
[2022-07-06T15:47:33.629Z] > git ls-files --stage -- /home/radiagulzan/docker_compose_learning/nginx/nginx.conf [5ms]
[2022-07-06T15:47:33.635Z] > git cat-file -s 99838f3e0e75c8a05497c0423aa9ea09b6ef214b [2ms]
[2022-07-06T15:47:38.158Z] > git status -z -uall [42ms]
[2022-07-06T15:47:38.166Z] > git symbolic-ref --short HEAD [2ms]
[2022-07-06T15:47:38.172Z] > git for-each-ref --format=%(refname)%00%(upstream:short)%00%(objectname)%00%(upstream:track)%00%(upstream:remotename)%00%(upstream:remoteref) refs/heads/main refs/remotes/main [1ms]
[2022-07-06T15:47:38.182Z] > git for-each-ref --sort -committerdate --format %(refname) %(objectname) %(*objectname) [6ms]
[2022-07-06T15:47:38.184Z] > git remote --verbose [3ms]
[2022-07-06T15:47:38.193Z] > git config --get commit.template [3ms]
[2022-07-06T15:47:41.974Z] > git show --textconv :docker_compose_learning/docker-compose.yml [9ms]
[2022-07-06T15:47:41.977Z] > git ls-files --stage -- /home/radiagulzan/docker_compose_learning/docker-compose.yml [4ms]
[2022-07-06T15:47:41.987Z] > git cat-file -s a98bf2bcc774719314048eef9be649e4cd281dac [3ms]
[2022-07-06T15:47:43.244Z] > git status -z -uall [43ms]
[2022-07-06T15:47:43.252Z] > git symbolic-ref --short HEAD [2ms]
[2022-07-06T15:47:43.259Z] > git for-each-ref --format=%(refname)%00%(upstream:short)%00%(objectname)%00%(upstream:track)%00%(upstream:remotename)%00%(upstream:remoteref) refs/heads/main refs/remotes/main [2ms]
[2022-07-06T15:47:43.269Z] > git for-each-ref --sort -committerdate --format %(refname) %(objectname) %(*objectname) [6ms]
[2022-07-06T15:47:43.271Z] > git remote --verbose [3ms]
[2022-07-06T15:47:43.279Z] > git config --get commit.template [2ms]
[2022-07-06T15:47:48.330Z] > git status -z -uall [43ms]
[2022-07-06T15:47:48.340Z] > git symbolic-ref --short HEAD [3ms]
[2022-07-06T15:47:48.347Z] > git for-each-ref --format=%(refname)%00%(upstream:short)%00%(objectname)%00%(upstream:track)%00%(upstream:remotename)%00%(upstream:remoteref) refs/heads/main refs/remotes/main [2ms]
[2022-07-06T15:47:48.359Z] > git for-each-ref --sort -committerdate --format %(refname) %(objectname) %(*objectname) [7ms]
[2022-07-06T15:47:48.361Z] > git remote --verbose [3ms]
[2022-07-06T15:47:48.370Z] > git config --get commit.template [2ms]
[2022-07-06T15:47:53.421Z] > git status -z -uall [43ms]
[2022-07-06T15:47:53.429Z] > git symbolic-ref --short HEAD [2ms]
[2022-07-06T15:47:53.436Z] > git for-each-ref --format=%(refname)%00%(upstream:short)%00%(objectname)%00%(upstream:track)%00%(upstream:remotename)%00%(upstream:remoteref) refs/heads/main refs/remotes/main [2ms]
[2022-07-06T15:47:53.447Z] > git for-each-ref --sort -committerdate --format %(refname) %(objectname) %(*objectname) [7ms]
[2022-07-06T15:47:53.449Z] > git remote --verbose [3ms]
[2022-07-06T15:47:53.460Z] > git config --get commit.template [2ms]
[2022-07-06T15:47:58.510Z] > git status -z -uall [43ms]
[2022-07-06T15:47:58.519Z] > git symbolic-ref --short HEAD [2ms]
[2022-07-06T15:47:58.526Z] > git for-each-ref --format=%(refname)%00%(upstream:short)%00%(objectname)%00%(upstream:track)%00%(upstream:remotename)%00%(upstream:remoteref) refs/heads/main refs/remotes/main [2ms]
[2022-07-06T15:47:58.537Z] > git for-each-ref --sort -committerdate --format %(refname) %(objectname) %(*objectname) [6ms]
[2022-07-06T15:47:58.539Z] > git remote --verbose [3ms]
[2022-07-06T15:47:58.548Z] > git config --get commit.template [2ms]
[2022-07-06T15:48:03.601Z] > git status -z -uall [46ms]
[2022-07-06T15:48:03.608Z] > git symbolic-ref --short HEAD [2ms]
[2022-07-06T15:48:03.615Z] > git for-each-ref --format=%(refname)%00%(upstream:short)%00%(objectname)%00%(upstream:track)%00%(upstream:remotename)%00%(upstream:remoteref) refs/heads/main refs/remotes/main [2ms]
[2022-07-06T15:48:03.625Z] > git for-each-ref --sort -committerdate --format %(refname) %(objectname) %(*objectname) [6ms]
[2022-07-06T15:48:03.627Z] > git remote --verbose [2ms]
[2022-07-06T15:48:03.638Z] > git config --get commit.template [3ms]
[2022-07-06T15:48:08.108Z] > git show --textconv :docker_compose_learning/nginx/nginx.conf [8ms]
[2022-07-06T15:48:08.111Z] > git ls-files --stage -- /home/radiagulzan/docker_compose_learning/nginx/nginx.conf [3ms]
[2022-07-06T15:48:08.117Z] > git cat-file -s 99838f3e0e75c8a05497c0423aa9ea09b6ef214b [2ms]
[2022-07-06T15:48:08.692Z] > git status -z -uall [45ms]
[2022-07-06T15:48:08.701Z] > git symbolic-ref --short HEAD [3ms]
[2022-07-06T15:48:08.708Z] > git for-each-ref --format=%(refname)%00%(upstream:short)%00%(objectname)%00%(upstream:track)%00%(upstream:remotename)%00%(upstream:remoteref) refs/heads/main refs/remotes/main [2ms]
[2022-07-06T15:48:08.718Z] > git for-each-ref --sort -committerdate --format %(refname) %(objectname) %(*objectname) [5ms]
[2022-07-06T15:48:08.720Z] > git remote --verbose [2ms]
[2022-07-06T15:48:08.733Z] > git config --get commit.template [3ms]
[2022-07-06T15:48:13.787Z] > git status -z -uall [43ms]
[2022-07-06T15:48:13.795Z] > git symbolic-ref --short HEAD [2ms]
[2022-07-06T15:48:13.803Z] > git for-each-ref --format=%(refname)%00%(upstream:short)%00%(objectname)%00%(upstream:track)%00%(upstream:remotename)%00%(upstream:remoteref) refs/heads/main refs/remotes/main [3ms]
[2022-07-06T15:48:13.816Z] > git for-each-ref --sort -committerdate --format %(refname) %(objectname) %(*objectname) [8ms]
[2022-07-06T15:48:13.818Z] > git remote --verbose [3ms]
[2022-07-06T15:48:13.828Z] > git config --get commit.template [2ms]
[2022-07-06T15:48:18.881Z] > git status -z -uall [46ms]
[2022-07-06T15:48:18.890Z] > git symbolic-ref --short HEAD [3ms]
[2022-07-06T15:48:18.898Z] > git for-each-ref --format=%(refname)%00%(upstream:short)%00%(objectname)%00%(upstream:track)%00%(upstream:remotename)%00%(upstream:remoteref) refs/heads/main refs/remotes/main [3ms]
[2022-07-06T15:48:18.907Z] > git for-each-ref --sort -committerdate --format %(refname) %(objectname) %(*objectname) [5ms]
[2022-07-06T15:48:18.909Z] > git remote --verbose [2ms]
[2022-07-06T15:48:18.919Z] > git config --get commit.template [2ms]
[2022-07-06T15:48:21.016Z] > git show --textconv :docker_compose_learning/docker-compose.yml [22ms]
[2022-07-06T15:48:21.016Z] > git ls-files --stage -- /home/radiagulzan/docker_compose_learning/docker-compose.yml [1ms]
[2022-07-06T15:48:21.036Z] > git cat-file -s a98bf2bcc774719314048eef9be649e4cd281dac [3ms]
[2022-07-06T15:48:23.970Z] > git status -z -uall [44ms]
[2022-07-06T15:48:23.979Z] > git symbolic-ref --short HEAD [3ms]
[2022-07-06T15:48:23.986Z] > git for-each-ref --format=%(refname)%00%(upstream:short)%00%(objectname)%00%(upstream:track)%00%(upstream:remotename)%00%(upstream:remoteref) refs/heads/main refs/remotes/main [2ms]
[2022-07-06T15:48:23.997Z] > git for-each-ref --sort -committerdate --format %(refname) %(objectname) %(*objectname) [7ms]
[2022-07-06T15:48:24.000Z] > git remote --verbose [3ms]
[2022-07-06T15:48:24.009Z] > git config --get commit.template [2ms]
[2022-07-06T15:48:29.063Z] > git status -z -uall [41ms]
[2022-07-06T15:48:29.071Z] > git symbolic-ref --short HEAD [3ms]
[2022-07-06T15:48:29.077Z] > git for-each-ref --format=%(refname)%00%(upstream:short)%00%(objectname)%00%(upstream:track)%00%(upstream:remotename)%00%(upstream:remoteref) refs/heads/main refs/remotes/main [2ms]
[2022-07-06T15:48:29.086Z] > git for-each-ref --sort -committerdate --format %(refname) %(objectname) %(*objectname) [5ms]
[2022-07-06T15:48:29.088Z] > git remote --verbose [2ms]
[2022-07-06T15:48:29.097Z] > git config --get commit.template [1ms]
[2022-07-06T15:48:34.146Z] > git status -z -uall [41ms]
[2022-07-06T15:48:34.155Z] > git symbolic-ref --short HEAD [2ms]
[2022-07-06T15:48:34.161Z] > git for-each-ref --format=%(refname)%00%(upstream:short)%00%(objectname)%00%(upstream:track)%00%(upstream:remotename)%00%(upstream:remoteref) refs/heads/main refs/remotes/main [2ms]
[2022-07-06T15:48:34.172Z] > git for-each-ref --sort -committerdate --format %(refname) %(objectname) %(*objectname) [6ms]
[2022-07-06T15:48:34.174Z] > git remote --verbose [3ms]
[2022-07-06T15:48:34.186Z] > git config --get commit.template [2ms]
[2022-07-06T15:48:39.243Z] > git status -z -uall [49ms]
[2022-07-06T15:48:39.251Z] > git symbolic-ref --short HEAD [2ms]
[2022-07-06T15:48:39.258Z] > git for-each-ref --format=%(refname)%00%(upstream:short)%00%(objectname)%00%(upstream:track)%00%(upstream:remotename)%00%(upstream:remoteref) refs/heads/main refs/remotes/main [3ms]
[2022-07-06T15:48:39.269Z] > git for-each-ref --sort -committerdate --format %(refname) %(objectname) %(*objectname) [7ms]
[2022-07-06T15:48:39.271Z] > git remote --verbose [3ms]
[2022-07-06T15:48:39.280Z] > git config --get commit.template [1ms]
[2022-07-06T15:48:44.329Z] > git status -z -uall [40ms]
[2022-07-06T15:48:44.337Z] > git symbolic-ref --short HEAD [3ms]
[2022-07-06T15:48:44.344Z] > git for-each-ref --format=%(refname)%00%(upstream:short)%00%(objectname)%00%(upstream:track)%00%(upstream:remotename)%00%(upstream:remoteref) refs/heads/main refs/remotes/main [3ms]
[2022-07-06T15:48:44.354Z] > git for-each-ref --sort -committerdate --format %(refname) %(objectname) %(*objectname) [6ms]
[2022-07-06T15:48:44.357Z] > git remote --verbose [4ms]
[2022-07-06T15:48:44.367Z] > git config --get commit.template [2ms]
[2022-07-06T15:48:49.428Z] > git status -z -uall [40ms]
[2022-07-06T15:48:49.440Z] > git symbolic-ref --short HEAD [3ms]
[2022-07-06T15:48:49.448Z] > git for-each-ref --format=%(refname)%00%(upstream:short)%00%(objectname)%00%(upstream:track)%00%(upstream:remotename)%00%(upstream:remoteref) refs/heads/main refs/remotes/main [2ms]
[2022-07-06T15:48:49.459Z] > git for-each-ref --sort -committerdate --format %(refname) %(objectname) %(*objectname) [6ms]
[2022-07-06T15:48:49.462Z] > git remote --verbose [3ms]
[2022-07-06T15:48:49.469Z] > git config --get commit.template [1ms]
[2022-07-06T15:48:53.198Z] > git show --textconv :docker_compose_learning/nginx/nginx.conf [9ms]
[2022-07-06T15:48:53.203Z] > git ls-files --stage -- /home/radiagulzan/docker_compose_learning/nginx/nginx.conf [6ms]
[2022-07-06T15:48:53.208Z] > git cat-file -s 99838f3e0e75c8a05497c0423aa9ea09b6ef214b [1ms]
[2022-07-06T15:48:54.524Z] > git status -z -uall [45ms]
[2022-07-06T15:48:54.534Z] > git symbolic-ref --short HEAD [3ms]
[2022-07-06T15:48:54.542Z] > git for-each-ref --format=%(refname)%00%(upstream:short)%00%(objectname)%00%(upstream:track)%00%(upstream:remotename)%00%(upstream:remoteref) refs/heads/main refs/remotes/main [3ms]
[2022-07-06T15:48:54.553Z] > git for-each-ref --sort -committerdate --format %(refname) %(objectname) %(*objectname) [7ms]
[2022-07-06T15:48:54.555Z] > git remote --verbose [3ms]
[2022-07-06T15:48:54.566Z] > git config --get commit.template [4ms]
[2022-07-06T15:48:59.616Z] > git status -z -uall [43ms]
[2022-07-06T15:48:59.624Z] > git symbolic-ref --short HEAD [2ms]
[2022-07-06T15:48:59.631Z] > git for-each-ref --format=%(refname)%00%(upstream:short)%00%(objectname)%00%(upstream:track)%00%(upstream:remotename)%00%(upstream:remoteref) refs/heads/main refs/remotes/main [2ms]
[2022-07-06T15:48:59.641Z] > git for-each-ref --sort -committerdate --format %(refname) %(objectname) %(*objectname) [6ms]
[2022-07-06T15:48:59.643Z] > git remote --verbose [3ms]
[2022-07-06T15:48:59.651Z] > git config --get commit.template [2ms]
[2022-07-06T15:49:37.948Z] > git status -z -uall [44ms]
[2022-07-06T15:49:37.959Z] > git symbolic-ref --short HEAD [4ms]
[2022-07-06T15:49:37.966Z] > git for-each-ref --format=%(refname)%00%(upstream:short)%00%(objectname)%00%(upstream:track)%00%(upstream:remotename)%00%(upstream:remoteref) refs/heads/main refs/remotes/main [2ms]
[2022-07-06T15:49:37.980Z] > git for-each-ref --sort -committerdate --format %(refname) %(objectname) %(*objectname) [9ms]
[2022-07-06T15:49:37.982Z] > git remote --verbose [3ms]
[2022-07-06T15:49:37.992Z] > git config --get commit.template [2ms]
[2022-07-06T15:49:38.869Z] > git show --textconv :docker_compose_learning/docker-compose.yml [8ms]
[2022-07-06T15:49:38.874Z] > git ls-files --stage -- /home/radiagulzan/docker_compose_learning/docker-compose.yml [6ms]
[2022-07-06T15:49:38.880Z] > git cat-file -s a98bf2bcc774719314048eef9be649e4cd281dac [2ms]
[2022-07-06T15:49:43.045Z] > git status -z -uall [47ms]
[2022-07-06T15:49:43.054Z] > git symbolic-ref --short HEAD [3ms]
[2022-07-06T15:49:43.061Z] > git for-each-ref --format=%(refname)%00%(upstream:short)%00%(objectname)%00%(upstream:track)%00%(upstream:remotename)%00%(upstream:remoteref) refs/heads/main refs/remotes/main [3ms]
[2022-07-06T15:49:43.073Z] > git for-each-ref --sort -committerdate --format %(refname) %(objectname) %(*objectname) [7ms]
[2022-07-06T15:49:43.075Z] > git remote --verbose [3ms]
[2022-07-06T15:49:43.085Z] > git config --get commit.template [2ms]
[2022-07-06T15:49:48.133Z] > git status -z -uall [42ms]
[2022-07-06T15:49:48.143Z] > git symbolic-ref --short HEAD [2ms]
[2022-07-06T15:49:48.149Z] > git for-each-ref --format=%(refname)%00%(upstream:short)%00%(objectname)%00%(upstream:track)%00%(upstream:remotename)%00%(upstream:remoteref) refs/heads/main refs/remotes/main [2ms]
[2022-07-06T15:49:48.160Z] > git for-each-ref --sort -committerdate --format %(refname) %(objectname) %(*objectname) [7ms]
[2022-07-06T15:49:48.162Z] > git remote --verbose [3ms]
[2022-07-06T15:49:48.170Z] > git config --get commit.template [2ms]
[2022-07-06T15:50:11.075Z] > git status -z -uall [46ms]
[2022-07-06T15:50:11.084Z] > git symbolic-ref --short HEAD [2ms]
[2022-07-06T15:50:11.090Z] > git for-each-ref --format=%(refname)%00%(upstream:short)%00%(objectname)%00%(upstream:track)%00%(upstream:remotename)%00%(upstream:remoteref) refs/heads/main refs/remotes/main [2ms]
[2022-07-06T15:50:11.100Z] > git for-each-ref --sort -committerdate --format %(refname) %(objectname) %(*objectname) [6ms]
[2022-07-06T15:50:11.102Z] > git remote --verbose [3ms]
[2022-07-06T15:50:11.112Z] > git config --get commit.template [3ms]
[2022-07-06T15:50:16.160Z] > git status -z -uall [41ms]
[2022-07-06T15:50:16.169Z] > git symbolic-ref --short HEAD [3ms]
[2022-07-06T15:50:16.176Z] > git for-each-ref --format=%(refname)%00%(upstream:short)%00%(objectname)%00%(upstream:track)%00%(upstream:remotename)%00%(upstream:remoteref) refs/heads/main refs/remotes/main [2ms]
[2022-07-06T15:50:16.206Z] > git for-each-ref --sort -committerdate --format %(refname) %(objectname) %(*objectname) [13ms]
[2022-07-06T15:50:16.208Z] > git remote --verbose [3ms]
[2022-07-06T15:50:16.226Z] > git config --get commit.template [3ms]
[2022-07-06T15:52:13.389Z] > git status -z -uall [41ms]
[2022-07-06T15:52:13.402Z] > git symbolic-ref --short HEAD [2ms]
[2022-07-06T15:52:13.408Z] > git for-each-ref --format=%(refname)%00%(upstream:short)%00%(objectname)%00%(upstream:track)%00%(upstream:remotename)%00%(upstream:remoteref) refs/heads/main refs/remotes/main [2ms]
[2022-07-06T15:52:13.418Z] > git for-each-ref --sort -committerdate --format %(refname) %(objectname) %(*objectname) [6ms]
[2022-07-06T15:52:13.419Z] > git remote --verbose [2ms]
[2022-07-06T15:52:13.427Z] > git config --get commit.template [2ms]
[2022-07-06T16:05:53.275Z] > git status -z -uall [42ms]
[2022-07-06T16:05:53.283Z] > git symbolic-ref --short HEAD [2ms]
[2022-07-06T16:05:53.291Z] > git for-each-ref --format=%(refname)%00%(upstream:short)%00%(objectname)%00%(upstream:track)%00%(upstream:remotename)%00%(upstream:remoteref) refs/heads/main refs/remotes/main [2ms]
[2022-07-06T16:05:53.301Z] > git for-each-ref --sort -committerdate --format %(refname) %(objectname) %(*objectname) [6ms]
[2022-07-06T16:05:53.303Z] > git remote --verbose [3ms]
[2022-07-06T16:05:53.318Z] > git config --get commit.template [2ms]
