[2022-07-06T09:41:51.421Z] Validating found git in: git
[2022-07-06T09:41:51.497Z] Using git 2.25.1 from git
[2022-07-06T09:41:51.546Z] > git rev-parse --show-toplevel [38ms]
[2022-07-06T09:41:51.561Z] > git rev-parse --git-dir --git-common-dir [6ms]
[2022-07-06T09:41:51.571Z] Open repository: /home/radiagulzan/duo-task
[2022-07-06T09:41:51.586Z] > git status -z -uall [8ms]
[2022-07-06T09:41:51.602Z] > git symbolic-ref --short HEAD [12ms]
[2022-07-06T09:41:51.627Z] > git for-each-ref --format=%(refname)%00%(upstream:short)%00%(objectname)%00%(upstream:track)%00%(upstream:remotename)%00%(upstream:remoteref) refs/heads/master refs/remotes/master [20ms]
[2022-07-06T09:41:51.643Z] > git for-each-ref --sort -committerdate --format %(refname) %(objectname) %(*objectname) [8ms]
[2022-07-06T09:41:51.653Z] > git remote --verbose [13ms]
[2022-07-06T09:41:51.683Z] > git config --get commit.template [9ms]
[2022-07-06T09:41:52.013Z] > git show --textconv :Dockerfile [7ms]
[2022-07-06T09:41:52.017Z] > git ls-files --stage -- /home/radiagulzan/duo-task/Dockerfile [5ms]
[2022-07-06T09:41:52.023Z] > git cat-file -s 59183c098286c1abf3bb57bd9f2f454426647482 [2ms]
[2022-07-06T09:41:52.224Z] > git check-ignore -v -z --stdin [3ms]
[2022-07-06T09:41:56.339Z] > git show --textconv :nginx.conf [9ms]
[2022-07-06T09:41:56.342Z] > git ls-files --stage -- /home/radiagulzan/duo-task/nginx.conf [5ms]
[2022-07-06T09:41:56.348Z] > git cat-file -s 7211f007680a6b2918d94a3b6f6831455c20ed10 [2ms]
[2022-07-06T09:41:57.674Z] > git show --textconv :Dockerfile [7ms]
[2022-07-06T09:41:57.677Z] > git ls-files --stage -- /home/radiagulzan/duo-task/Dockerfile [4ms]
[2022-07-06T09:41:57.684Z] > git cat-file -s 59183c098286c1abf3bb57bd9f2f454426647482 [3ms]
[2022-07-06T09:42:02.911Z] > git show --textconv :nginx.conf [7ms]
[2022-07-06T09:42:02.914Z] > git ls-files --stage -- /home/radiagulzan/duo-task/nginx.conf [4ms]
[2022-07-06T09:42:02.921Z] > git cat-file -s 7211f007680a6b2918d94a3b6f6831455c20ed10 [2ms]
[2022-07-06T09:42:06.642Z] > git show --textconv :Dockerfile [7ms]
[2022-07-06T09:42:06.646Z] > git ls-files --stage -- /home/radiagulzan/duo-task/Dockerfile [4ms]
[2022-07-06T09:42:06.653Z] > git cat-file -s 59183c098286c1abf3bb57bd9f2f454426647482 [2ms]
[2022-07-06T09:42:07.380Z] > git show --textconv :app.py [8ms]
[2022-07-06T09:42:07.384Z] > git ls-files --stage -- /home/radiagulzan/duo-task/app.py [5ms]
[2022-07-06T09:42:07.390Z] > git cat-file -s 461761c29469d8d9c3365deaa1151ce084c4bfb1 [2ms]
[2022-07-06T09:42:16.638Z] > git show --textconv :README.md [126ms]
[2022-07-06T09:42:16.639Z] > git ls-files --stage -- /home/radiagulzan/duo-task/README.md [120ms]
[2022-07-06T09:42:16.650Z] > git cat-file -s 13e99ff01c75a56bdaf07f633042580db45be657 [6ms]
[2022-07-06T09:42:18.627Z] > git show --textconv :nginx.conf [8ms]
[2022-07-06T09:42:18.630Z] > git ls-files --stage -- /home/radiagulzan/duo-task/nginx.conf [4ms]
[2022-07-06T09:42:18.637Z] > git cat-file -s 7211f007680a6b2918d94a3b6f6831455c20ed10 [2ms]
[2022-07-06T09:42:20.603Z] > git show --textconv :Dockerfile [7ms]
[2022-07-06T09:42:20.606Z] > git ls-files --stage -- /home/radiagulzan/duo-task/Dockerfile [4ms]
[2022-07-06T09:42:20.613Z] > git cat-file -s 59183c098286c1abf3bb57bd9f2f454426647482 [2ms]
